Log file open, 07/10/18 16:49:45
LogWindows: Failed to load 'aqProf.dll' (GetLastError=126)
LogWindows: File 'aqProf.dll' does not exist
LogWindows: Failed to load 'VtuneApi.dll' (GetLastError=126)
LogWindows: File 'VtuneApi.dll' does not exist
LogWindows: Failed to load 'VtuneApi32e.dll' (GetLastError=126)
LogWindows: File 'VtuneApi32e.dll' does not exist
LogInit: Display: Running engine for game: Studio2Level
LogPlatformFile: Not using cached read wrapper
LogInit: Display: RandInit(527300664) SRandInit(527300664).
LogInit: Read version file with build ID '3944462'
LogInit: Overriding engine version to CL 4033788, compatible CL 3944462
LogInit: Registered custom module enumerator with build ID '3944462'
LogTaskGraph: Started task graph with 5 named threads and 23 total threads with 3 sets of task threads.
LogStats: Stats thread started at 0.285404
LogD3D11RHI: Aftermath initialized
LogICUInternationalization: Display: ICU TimeZone Detection - Raw Offset: +10:00, Platform Override: ''
LogModuleManager: Display: Found up-to-date module file ../../../Engine/Plugins/2D/Paper2D/Binaries/Win64/UE4Editor-Paper2D.dll (API version 3944462).
LogModuleManager: Display: Found up-to-date module file ../../../Engine/Plugins/2D/Paper2D/Binaries/Win64/UE4Editor-Paper2DEditor.dll (API version 3944462).
LogModuleManager: Display: Found up-to-date module file ../../../Engine/Plugins/2D/Paper2D/Binaries/Win64/UE4Editor-PaperSpriteSheetImporter.dll (API version 3944462).
LogModuleManager: Display: Found up-to-date module file ../../../Engine/Plugins/2D/Paper2D/Binaries/Win64/UE4Editor-PaperTiledImporter.dll (API version 3944462).
LogModuleManager: Display: Found up-to-date module file ../../../Engine/Plugins/2D/Paper2D/Binaries/Win64/UE4Editor-SmartSnapping.dll (API version 3944462).
LogModuleManager: Display: Found up-to-date module file ../../../Engine/Plugins/Blendables/LightPropagationVolume/Binaries/Win64/UE4Editor-LightPropagationVolumeRuntime.dll (API version 3944462).
LogModuleManager: Display: Found up-to-date module file ../../../Engine/Plugins/Blendables/LightPropagationVolume/Binaries/Win64/UE4Editor-LightPropagationVolumeEditor.dll (API version 3944462).
LogModuleManager: Display: Found up-to-date module file ../../../Engine/Plugins/Developer/CLionSourceCodeAccess/Binaries/Win64/UE4Editor-CLionSourceCodeAccess.dll (API version 3944462).
LogModuleManager: Display: Found up-to-date module file ../../../Engine/Plugins/Developer/GitSourceControl/Binaries/Win64/UE4Editor-GitSourceControl.dll (API version 3944462).
LogModuleManager: Display: Found up-to-date module file ../../../Engine/Plugins/Developer/PerforceSourceControl/Binaries/Win64/UE4Editor-PerforceSourceControl.dll (API version 3944462).
LogModuleManager: Display: Found up-to-date module file ../../../Engine/Plugins/Developer/SubversionSourceControl/Binaries/Win64/UE4Editor-SubversionSourceControl.dll (API version 3944462).
LogModuleManager: Display: Found up-to-date module file ../../../Engine/Plugins/Developer/UObjectPlugin/Binaries/Win64/UE4Editor-UObjectPlugin.dll (API version 3944462).
LogModuleManager: Display: Found up-to-date module file ../../../Engine/Plugins/Developer/VisualStudioCodeSourceCodeAccess/Binaries/Win64/UE4Editor-VisualStudioCodeSourceCodeAccess.dll (API version 3944462).
LogModuleManager: Display: Found up-to-date module file ../../../Engine/Plugins/Developer/VisualStudioSourceCodeAccess/Binaries/Win64/UE4Editor-VisualStudioSourceCodeAccess.dll (API version 3944462).
LogModuleManager: Display: Found up-to-date module file ../../../Engine/Plugins/Editor/AssetManagerEditor/Binaries/Win64/UE4Editor-AssetManagerEditor.dll (API version 3944462).
LogModuleManager: Display: Found up-to-date module file ../../../Engine/Plugins/Editor/CryptoKeys/Binaries/Win64/UE4Editor-CryptoKeys.dll (API version 3944462).
LogModuleManager: Display: Found up-to-date module file ../../../Engine/Plugins/Editor/CryptoKeys/Binaries/Win64/UE4Editor-CryptoKeysOpenSSL.dll (API version 3944462).
LogModuleManager: Display: Found up-to-date module file ../../../Engine/Plugins/Editor/DataValidation/Binaries/Win64/UE4Editor-DataValidation.dll (API version 3944462).
LogModuleManager: Display: Found up-to-date module file ../../../Engine/Plugins/Editor/FacialAnimation/Binaries/Win64/UE4Editor-FacialAnimation.dll (API version 3944462).
LogModuleManager: Display: Found up-to-date module file ../../../Engine/Plugins/Editor/FacialAnimation/Binaries/Win64/UE4Editor-FacialAnimationEditor.dll (API version 3944462).
LogModuleManager: Display: Found up-to-date module file ../../../Engine/Plugins/Editor/GameplayTagsEditor/Binaries/Win64/UE4Editor-GameplayTagsEditor.dll (API version 3944462).
LogModuleManager: Display: Found up-to-date module file ../../../Engine/Plugins/Editor/MobileLauncherProfileWizard/Binaries/Win64/UE4Editor-MobileLauncherProfileWizard.dll (API version 3944462).
LogModuleManager: Display: Found up-to-date module file ../../../Engine/Plugins/Editor/PluginBrowser/Binaries/Win64/UE4Editor-PluginBrowser.dll (API version 3944462).
LogModuleManager: Display: Found up-to-date module file ../../../Engine/Plugins/Editor/SpeedTreeImporter/Binaries/Win64/UE4Editor-SpeedTreeImporter.dll (API version 3944462).
LogModuleManager: Display: Found up-to-date module file ../../../Engine/Plugins/Enterprise/DatasmithContent/Binaries/Win64/UE4Editor-DatasmithContent.dll (API version 3944462).
LogModuleManager: Display: Found up-to-date module file ../../../Engine/Plugins/Experimental/AlembicImporter/Binaries/Win64/UE4Editor-AlembicImporter.dll (API version 3944462).
LogModuleManager: Display: Found up-to-date module file ../../../Engine/Plugins/Experimental/AlembicImporter/Binaries/Win64/UE4Editor-AlembicLibrary.dll (API version 3944462).
LogModuleManager: Display: Found up-to-date module file ../../../Engine/Plugins/Experimental/CharacterAI/Binaries/Win64/UE4Editor-CharacterAI.dll (API version 3944462).
LogModuleManager: Display: Found up-to-date module file ../../../Engine/Plugins/Experimental/HTML5Networking/Binaries/Win64/UE4Editor-HTML5Networking.dll (API version 3944462).
LogModuleManager: Display: Found up-to-date module file ../../../Engine/Plugins/Media/AndroidMedia/Binaries/Win64/UE4Editor-AndroidMediaEditor.dll (API version 3944462).
LogModuleManager: Display: Found up-to-date module file ../../../Engine/Plugins/Media/AndroidMedia/Binaries/Win64/UE4Editor-AndroidMediaFactory.dll (API version 3944462).
LogModuleManager: Display: Found up-to-date module file ../../../Engine/Plugins/Media/AvfMedia/Binaries/Win64/UE4Editor-AvfMediaEditor.dll (API version 3944462).
LogModuleManager: Display: Found up-to-date module file ../../../Engine/Plugins/Media/AvfMedia/Binaries/Win64/UE4Editor-AvfMediaFactory.dll (API version 3944462).
LogModuleManager: Display: Found up-to-date module file ../../../Engine/Plugins/Media/AvfMedia/Binaries/Win64/UE4Editor-AvfMediaFactory.dll (API version 3944462).
LogModuleManager: Display: Found up-to-date module file ../../../Engine/Plugins/Media/ImgMedia/Binaries/Win64/UE4Editor-ImgMedia.dll (API version 3944462).
LogModuleManager: Display: Found up-to-date module file ../../../Engine/Plugins/Media/ImgMedia/Binaries/Win64/UE4Editor-ImgMediaEditor.dll (API version 3944462).
LogModuleManager: Display: Found up-to-date module file ../../../Engine/Plugins/Media/ImgMedia/Binaries/Win64/UE4Editor-ImgMediaFactory.dll (API version 3944462).
LogModuleManager: Display: Found up-to-date module file ../../../Engine/Plugins/Media/ImgMedia/Binaries/Win64/UE4Editor-ImgMediaFactory.dll (API version 3944462).
LogModuleManager: Display: Found up-to-date module file ../../../Engine/Plugins/Media/ImgMedia/Binaries/Win64/UE4Editor-OpenExrWrapper.dll (API version 3944462).
LogModuleManager: Display: Found up-to-date module file ../../../Engine/Plugins/Media/LinearTimecode/Binaries/Win64/UE4Editor-LinearTimecode.dll (API version 3944462).
LogModuleManager: Display: Found up-to-date module file ../../../Engine/Plugins/Media/MediaCompositing/Binaries/Win64/UE4Editor-MediaCompositing.dll (API version 3944462).
LogModuleManager: Display: Found up-to-date module file ../../../Engine/Plugins/Media/MediaCompositing/Binaries/Win64/UE4Editor-MediaCompositingEditor.dll (API version 3944462).
LogModuleManager: Display: Found up-to-date module file ../../../Engine/Plugins/Media/MediaPlayerEditor/Binaries/Win64/UE4Editor-MediaPlayerEditor.dll (API version 3944462).
LogModuleManager: Display: Found up-to-date module file ../../../Engine/Plugins/Media/WmfMedia/Binaries/Win64/UE4Editor-WmfMedia.dll (API version 3944462).
LogModuleManager: Display: Found up-to-date module file ../../../Engine/Plugins/Media/WmfMedia/Binaries/Win64/UE4Editor-WmfMediaEditor.dll (API version 3944462).
LogModuleManager: Display: Found up-to-date module file ../../../Engine/Plugins/Media/WmfMedia/Binaries/Win64/UE4Editor-WmfMediaFactory.dll (API version 3944462).
LogModuleManager: Display: Found up-to-date module file ../../../Engine/Plugins/Media/WmfMedia/Binaries/Win64/UE4Editor-WmfMediaFactory.dll (API version 3944462).
LogModuleManager: Display: Found up-to-date module file ../../../Engine/Plugins/Messaging/TcpMessaging/Binaries/Win64/UE4Editor-TcpMessaging.dll (API version 3944462).
LogModuleManager: Display: Found up-to-date module file ../../../Engine/Plugins/Messaging/UdpMessaging/Binaries/Win64/UE4Editor-UdpMessaging.dll (API version 3944462).
LogModuleManager: Display: Found up-to-date module file ../../../Engine/Plugins/MovieScene/ActorSequence/Binaries/Win64/UE4Editor-ActorSequence.dll (API version 3944462).
LogModuleManager: Display: Found up-to-date module file ../../../Engine/Plugins/MovieScene/LevelSequenceEditor/Binaries/Win64/UE4Editor-LevelSequenceEditor.dll (API version 3944462).
LogModuleManager: Display: Found up-to-date module file ../../../Engine/Plugins/MovieScene/MatineeToLevelSequence/Binaries/Win64/UE4Editor-MatineeToLevelSequence.dll (API version 3944462).
LogModuleManager: Display: Found up-to-date module file ../../../Engine/Plugins/NetcodeUnitTest/NetcodeUnitTest/Binaries/Win64/UE4Editor-NetcodeUnitTest.dll (API version 3944462).
LogModuleManager: Display: Found up-to-date module file ../../../Engine/Plugins/NetcodeUnitTest/NUTUnrealEngine4/Binaries/Win64/UE4Editor-NUTUnrealEngine4.dll (API version 3944462).
LogModuleManager: Display: Found up-to-date module file ../../../Engine/Plugins/Online/OnlineSubsystem/Binaries/Win64/UE4Editor-OnlineSubsystem.dll (API version 3944462).
LogModuleManager: Display: Found up-to-date module file ../../../Engine/Plugins/Runtime/AndroidPermission/Binaries/Win64/UE4Editor-AndroidPermission.dll (API version 3944462).
LogModuleManager: Display: Found up-to-date module file ../../../Engine/Plugins/Online/OnlineSubsystemNull/Binaries/Win64/UE4Editor-OnlineSubsystemNull.dll (API version 3944462).
LogModuleManager: Display: Found up-to-date module file ../../../Engine/Plugins/Online/OnlineSubsystemUtils/Binaries/Win64/UE4Editor-OnlineSubsystemUtils.dll (API version 3944462).
LogModuleManager: Display: Found up-to-date module file ../../../Engine/Plugins/Online/OnlineSubsystemUtils/Binaries/Win64/UE4Editor-OnlineBlueprintSupport.dll (API version 3944462).
LogModuleManager: Display: Found up-to-date module file ../../../Engine/Plugins/Runtime/AndroidDeviceProfileSelector/Binaries/Win64/UE4Editor-AndroidDeviceProfileSelector.dll (API version 3944462).
LogModuleManager: Display: Found up-to-date module file ../../../Engine/Plugins/Runtime/AppleARKit/Binaries/Win64/UE4Editor-AppleARKit.dll (API version 3944462).
LogModuleManager: Display: Found up-to-date module file ../../../Engine/Plugins/Runtime/ProceduralMeshComponent/Binaries/Win64/UE4Editor-ProceduralMeshComponent.dll (API version 3944462).
LogModuleManager: Display: Found up-to-date module file ../../../Engine/Plugins/Runtime/ProceduralMeshComponent/Binaries/Win64/UE4Editor-ProceduralMeshComponentEditor.dll (API version 3944462).
LogModuleManager: Display: Found up-to-date module file ../../../Engine/Plugins/Animation/LiveLink/Binaries/Win64/UE4Editor-LiveLink.dll (API version 3944462).
LogModuleManager: Display: Found up-to-date module file ../../../Engine/Plugins/Animation/LiveLink/Binaries/Win64/UE4Editor-LiveLinkEditor.dll (API version 3944462).
LogModuleManager: Display: Found up-to-date module file ../../../Engine/Plugins/Runtime/ArchVisCharacter/Binaries/Win64/UE4Editor-ArchVisCharacter.dll (API version 3944462).
LogModuleManager: Display: Found up-to-date module file ../../../Engine/Plugins/Runtime/AudioCapture/Binaries/Win64/UE4Editor-AudioCapture.dll (API version 3944462).
LogModuleManager: Display: Found up-to-date module file ../../../Engine/Plugins/Runtime/AudioCapture/Binaries/Win64/UE4Editor-AudioCaptureEditor.dll (API version 3944462).
LogModuleManager: Display: Found up-to-date module file ../../../Engine/Plugins/Runtime/CableComponent/Binaries/Win64/UE4Editor-CableComponent.dll (API version 3944462).
LogModuleManager: Display: Found up-to-date module file ../../../Engine/Plugins/Runtime/CustomMeshComponent/Binaries/Win64/UE4Editor-CustomMeshComponent.dll (API version 3944462).
LogModuleManager: Display: Found up-to-date module file ../../../Engine/Plugins/Runtime/ExampleDeviceProfileSelector/Binaries/Win64/UE4Editor-ExampleDeviceProfileSelector.dll (API version 3944462).
LogModuleManager: Display: Found up-to-date module file ../../../Engine/Plugins/Runtime/ImmediatePhysics/Binaries/Win64/UE4Editor-ImmediatePhysics.dll (API version 3944462).
LogModuleManager: Display: Found up-to-date module file ../../../Engine/Plugins/Runtime/ImmediatePhysics/Binaries/Win64/UE4Editor-ImmediatePhysicsEditor.dll (API version 3944462).
LogModuleManager: Display: Found up-to-date module file ../../../Engine/Plugins/Runtime/LocationServicesBPLibrary/Binaries/Win64/UE4Editor-LocationServicesBPLibrary.dll (API version 3944462).
LogModuleManager: Display: Found up-to-date module file ../../../Engine/Plugins/Runtime/MobilePatchingUtils/Binaries/Win64/UE4Editor-MobilePatchingUtils.dll (API version 3944462).
LogModuleManager: Display: Found up-to-date module file ../../../Engine/Plugins/Runtime/Oculus/OculusVR/Binaries/Win64/UE4Editor-OculusHMD.dll (API version 3944462).
LogModuleManager: Display: Found up-to-date module file ../../../Engine/Plugins/Runtime/Oculus/OculusVR/Binaries/Win64/UE4Editor-OculusInput.dll (API version 3944462).
LogModuleManager: Display: Found up-to-date module file ../../../Engine/Plugins/Runtime/Oculus/OculusVR/Binaries/Win64/UE4Editor-OculusEditor.dll (API version 3944462).
LogModuleManager: Display: Found up-to-date module file ../../../Engine/Plugins/Runtime/PhysXVehicles/Binaries/Win64/UE4Editor-PhysXVehicles.dll (API version 3944462).
LogModuleManager: Display: Found up-to-date module file ../../../Engine/Plugins/Runtime/PhysXVehicles/Binaries/Win64/UE4Editor-PhysXVehiclesEditor.dll (API version 3944462).
LogModuleManager: Display: Found up-to-date module file ../../../Engine/Plugins/Runtime/RuntimePhysXCooking/Binaries/Win64/UE4Editor-RuntimePhysXCooking.dll (API version 3944462).
LogModuleManager: Display: Found up-to-date module file ../../../Engine/Plugins/Runtime/Steam/SteamVR/Binaries/Win64/UE4Editor-SteamVR.dll (API version 3944462).
LogModuleManager: Display: Found up-to-date module file ../../../Engine/Plugins/Runtime/Steam/SteamVR/Binaries/Win64/UE4Editor-SteamVRController.dll (API version 3944462).
LogModuleManager: Display: Found up-to-date module file ../../../Engine/Plugins/Runtime/WindowsMoviePlayer/Binaries/Win64/UE4Editor-WindowsMoviePlayer.dll (API version 3944462).
LogPluginManager: Mounting plugin Paper2D
LogPluginManager: Mounting plugin LiveLink
LogPluginManager: Mounting plugin LightPropagationVolume
LogPluginManager: Mounting plugin CLionSourceCodeAccess
LogPluginManager: Mounting plugin CodeLiteSourceCodeAccess
LogPluginManager: Mounting plugin GitSourceControl
LogPluginManager: Mounting plugin KDevelopSourceCodeAccess
LogPluginManager: Mounting plugin NullSourceCodeAccess
LogPluginManager: Mounting plugin PerforceSourceControl
LogPluginManager: Mounting plugin SubversionSourceControl
LogPluginManager: Mounting plugin UObjectPlugin
LogPluginManager: Mounting plugin VisualStudioCodeSourceCodeAccess
LogPluginManager: Mounting plugin VisualStudioSourceCodeAccess
LogPluginManager: Mounting plugin XCodeSourceCodeAccess
LogPluginManager: Mounting plugin AssetManagerEditor
LogPluginManager: Mounting plugin CryptoKeys
LogPluginManager: Mounting plugin DataValidation
LogPluginManager: Mounting plugin FacialAnimation
LogPluginManager: Mounting plugin GameplayTagsEditor
LogPluginManager: Mounting plugin MobileLauncherProfileWizard
LogPluginManager: Mounting plugin PluginBrowser
LogPluginManager: Mounting plugin SpeedTreeImporter
LogPluginManager: Mounting plugin DatasmithContent
LogPluginManager: Mounting plugin AlembicImporter
LogPluginManager: Mounting plugin CharacterAI
LogPluginManager: Mounting plugin HTML5Networking
LogPluginManager: Mounting plugin AndroidMedia
LogPluginManager: Mounting plugin AvfMedia
LogPluginManager: Mounting plugin ImgMedia
LogPluginManager: Mounting plugin LinearTimecode
LogPluginManager: Mounting plugin MediaCompositing
LogPluginManager: Mounting plugin MediaPlayerEditor
LogPluginManager: Mounting plugin WmfMedia
LogPluginManager: Mounting plugin TcpMessaging
LogPluginManager: Mounting plugin UdpMessaging
LogPluginManager: Mounting plugin ActorSequence
LogPluginManager: Mounting plugin LevelSequenceEditor
LogPluginManager: Mounting plugin MatineeToLevelSequence
LogPluginManager: Mounting plugin NetcodeUnitTest
LogPluginManager: Mounting plugin NUTUnrealEngine4
LogPluginManager: Mounting plugin OnlineSubsystemGooglePlay
LogPluginManager: Mounting plugin OnlineSubsystemIOS
LogPluginManager: Mounting plugin OnlineSubsystem
LogPluginManager: Mounting plugin OnlineSubsystemNull
LogPluginManager: Mounting plugin OnlineSubsystemUtils
LogPluginManager: Mounting plugin AndroidDeviceProfileSelector
LogPluginManager: Mounting plugin AndroidMoviePlayer
LogPluginManager: Mounting plugin AndroidPermission
LogPluginManager: Mounting plugin AppleARKit
LogPluginManager: Mounting plugin AppleMoviePlayer
LogPluginManager: Mounting plugin ArchVisCharacter
LogPluginManager: Mounting plugin AudioCapture
LogPluginManager: Mounting plugin CableComponent
LogPluginManager: Mounting plugin CustomMeshComponent
LogPluginManager: Mounting plugin ExampleDeviceProfileSelector
LogPluginManager: Mounting plugin GoogleCloudMessaging
LogPluginManager: Mounting plugin ImmediatePhysics
LogPluginManager: Mounting plugin IOSDeviceProfileSelector
LogPluginManager: Mounting plugin LinuxDeviceProfileSelector
LogPluginManager: Mounting plugin LocationServicesBPLibrary
LogPluginManager: Mounting plugin MobilePatchingUtils
LogPluginManager: Mounting plugin OculusVR
LogPluginManager: Plugin shader directory ../../../Engine/Plugins/Runtime/Oculus/OculusVR/Shaders found
LogPluginManager: Mapping shader source directory ../../../Engine/Plugins/Runtime/Oculus/OculusVR/Shaders to virtual directory /Plugin/OculusVR
LogPluginManager: Mounting plugin PhysXVehicles
LogPluginManager: Mounting plugin ProceduralMeshComponent
LogPluginManager: Mounting plugin RuntimePhysXCooking
LogPluginManager: Mounting plugin SteamVR
LogPluginManager: Mounting plugin WindowsMoviePlayer
LogStreaming: Display: Took  2.665s to configure plugins.
LogInit: Using libcurl 7.47.1
LogInit:  - built for x86_64-pc-win32
LogInit:  - supports SSL with OpenSSL/1.0.2g
LogInit:  - supports HTTP deflate (compression) using libz 1.2.8
LogInit:  - other features:
LogInit:      CURL_VERSION_SSL
LogInit:      CURL_VERSION_LIBZ
LogInit:      CURL_VERSION_IPV6
LogInit:      CURL_VERSION_ASYNCHDNS
LogInit:      CURL_VERSION_LARGEFILE
LogInit:      CURL_VERSION_IDN
LogInit:  CurlRequestOptions (configurable via config and command line):
LogInit:  - bVerifyPeer = false  - Libcurl will NOT verify peer certificate
LogInit:  - bUseHttpProxy = false  - Libcurl will NOT use HTTP proxy
LogInit:  - bDontReuseConnections = false  - Libcurl will reuse connections
LogInit:  - CertBundlePath = nullptr  - Libcurl will use whatever was configured at build time.
LogInit:  - MaxHostConnections = 16  - Libcurl will limit the number of connections to a host
LogInit:  - LocalHostAddr = Default
LogInit: WinSock: version 1.1 (2.2), MaxSocks=32767, MaxUdp=65467
LogInit: WinSock: I am LAPTOP-TIAB2OPH (10.1.1.240:0)
LogInit: Build: ++UE4+Release-4.19-CL-4033788
LogInit: Engine Version: 4.19.2-4033788+++UE4+Release-4.19
LogInit: Compatible Engine Version: 4.19.0-3944462+++UE4+Release-4.19
LogInit: Net CL: 3944462
LogDevObjectVersion: Number of dev versions registered: 18
LogDevObjectVersion:   Dev-Blueprints (B0D832E4-1F89-4F0D-ACCF-7EB736FD4AA2): 10
LogDevObjectVersion:   Dev-Build (E1C64328-A22C-4D53-A36C-8E866417BD8C): 0
LogDevObjectVersion:   Dev-Core (375EC13C-06E4-48FB-B500-84F0262A717E): 2
LogDevObjectVersion:   Dev-Editor (E4B068ED-F494-42E9-A231-DA0B2E46BB41): 23
LogDevObjectVersion:   Dev-Framework (CFFC743F-43B0-4480-9391-14DF171D2073): 33
LogDevObjectVersion:   Dev-Mobile (B02B49B5-BB20-44E9-A304-32B752E40360): 2
LogDevObjectVersion:   Dev-Networking (A4E4105C-59A1-49B5-A7C5-40C4547EDFEE): 0
LogDevObjectVersion:   Dev-Online (39C831C9-5AE6-47DC-9A44-9C173E1C8E7C): 0
LogDevObjectVersion:   Dev-Physics (78F01B33-EBEA-4F98-B9B4-84EACCB95AA2): 0
LogDevObjectVersion:   Dev-Platform (6631380F-2D4D-43E0-8009-CF276956A95A): 0
LogDevObjectVersion:   Dev-Rendering (12F88B9F-8875-4AFC-A67C-D90C383ABD29): 25
LogDevObjectVersion:   Dev-Sequencer (7B5AE74C-D270-4C10-A958-57980B212A5A): 6
LogDevObjectVersion:   Dev-VR (D7296918-1DD6-4BDD-9DE2-64A83CC13884): 1
LogDevObjectVersion:   Dev-LoadTimes (C2A15278-BFE7-4AFE-6C17-90FF531DF755): 1
LogDevObjectVersion:   Private-Geometry (6EACA3D4-40EC-4CC1-B786-8BED09428FC5): 2
LogDevObjectVersion:   Dev-AnimPhys (29E575DD-E0A3-4627-9D10-D276232CDCEA): 16
LogDevObjectVersion:   Dev-ReflectionCapture (6B266CEC-1EC7-4B8F-A30B-E4D90942FC07): 1
LogDevObjectVersion:   Dev-Automation (0DF73D61-A23F-47EA-B727-89E90C41499A): 1
LogInit: Compiled (64-bit): Apr 27 2018 02:06:57
LogInit: Compiled with Visual C++: 19.00.24215.01
LogInit: Build Configuration: Development
LogInit: Branch Name: ++UE4+Release-4.19
LogInit: Command Line:  
LogInit: Base Directory: D:/Program Files (x86)/Epic Games/UE_4.19/Engine/Binaries/Win64/
LogInit: Installed Engine Build: 1
LogStreaming: Display: Took  0.000s to delete old logs.
LogInit: Presizing for max 8388607 objects, including 0 objects not considered by GC, pre-allocating 0 bytes for permanent pool.
LogInit: Object subsystem initialized
[2018.07.10-06.49.49:057][  0]LogInit: Selected Device Profile: [Windows]
[2018.07.10-06.49.49:057][  0]LogInit: Applying CVar settings loaded from the selected device profile: [Windows]
[2018.07.10-06.49.49:114][  0]LogInit: Computer: LAPTOP-TIAB2OPH
[2018.07.10-06.49.49:114][  0]LogInit: User: gmatt
[2018.07.10-06.49.49:114][  0]LogInit: CPU Page size=4096, Cores=4
[2018.07.10-06.49.49:114][  0]LogInit: High frequency timer resolution =2.742194 MHz
[2018.07.10-06.49.49:114][  0]LogMemory: Memory total: Physical=7.9GB (8GB approx)
[2018.07.10-06.49.49:114][  0]LogMemory: Platform Memory Stats for Windows
[2018.07.10-06.49.49:114][  0]LogMemory: Process Physical Memory: 273.31 MB used, 273.31 MB peak
[2018.07.10-06.49.49:114][  0]LogMemory: Process Virtual Memory: 264.74 MB used, 264.74 MB peak
[2018.07.10-06.49.49:114][  0]LogMemory: Physical Memory: 5232.07 MB used,  2845.16 MB free, 8077.22 MB total
[2018.07.10-06.49.49:114][  0]LogMemory: Virtual Memory: 4794.20 MB used,  2845.16 MB free, 134217728.00 MB total
[2018.07.10-06.49.49:351][  0]LogInit: Using OS detected language (en-US).
[2018.07.10-06.49.49:351][  0]LogInit: Using OS detected locale (en-AU).
[2018.07.10-06.49.49:637][  0]LogTextLocalizationManager: No specific localization for 'en-US' exists, so the 'en' localization will be used.
[2018.07.10-06.49.51:146][  0]LogStreaming: Display: Took  1.796s to EndInitTextLocalization.
[2018.07.10-06.49.51:146][  0]LogInit: Setting process to per monitor DPI aware
[2018.07.10-06.49.51:443][  0]LogSlate: New Slate User Created.  User Index 0, Is Virtual User: 0
[2018.07.10-06.49.51:443][  0]LogSlate: Slate User Registered.  User Index 0, Is Virtual User: 0
[2018.07.10-06.49.53:844][  0]LogD3D11RHI: D3D11 adapters:
[2018.07.10-06.49.54:946][  0]LogD3D11RHI:    0. 'NVIDIA GeForce GTX 1050' (Feature Level 11_0)
[2018.07.10-06.49.54:946][  0]LogD3D11RHI:       4019/0/4038 MB DedicatedVideo/DedicatedSystem/SharedSystem, Outputs:1, VendorId:0x10de
[2018.07.10-06.49.54:957][  0]LogD3D11RHI:    1. 'Intel(R) HD Graphics 630' (Feature Level 11_0)
[2018.07.10-06.49.54:957][  0]LogD3D11RHI:       128/0/4038 MB DedicatedVideo/DedicatedSystem/SharedSystem, Outputs:0, VendorId:0x8086
[2018.07.10-06.49.54:959][  0]LogD3D11RHI:    2. 'Microsoft Basic Render Driver' (Feature Level 11_0)
[2018.07.10-06.49.54:959][  0]LogD3D11RHI:       0/0/4038 MB DedicatedVideo/DedicatedSystem/SharedSystem, Outputs:0, VendorId:0x1414
[2018.07.10-06.49.54:959][  0]LogD3D11RHI: Chosen D3D11 Adapter: 0
[2018.07.10-06.49.54:978][  0]LogD3D11RHI: Creating new Direct3DDevice
[2018.07.10-06.49.54:978][  0]LogD3D11RHI:     GPU DeviceId: 0x1c8d (for the marketing name, search the web for "GPU Device Id")
[2018.07.10-06.49.54:978][  0]LogWindows: EnumDisplayDevices:
[2018.07.10-06.49.54:978][  0]LogWindows:    0. 'Intel(R) HD Graphics 630' (P:1 D:1)
[2018.07.10-06.49.54:979][  0]LogWindows:    1. 'Intel(R) HD Graphics 630' (P:0 D:0)
[2018.07.10-06.49.54:979][  0]LogWindows:    2. 'Intel(R) HD Graphics 630' (P:0 D:0)
[2018.07.10-06.49.54:979][  0]LogWindows:    3. 'NVIDIA GeForce GTX 1050' (P:0 D:0)
[2018.07.10-06.49.54:979][  0]LogWindows: DebugString: GetVideoDriverDetailsInvalid PrimaryIsNotTheChoosenAdapter GetVideoDriverDetailsInvalid PrimaryIsNotTheChoosenAdapter GetVideoDriverDetailsInvalid PrimaryIsNotTheChoosenAdapter GetVideoDriverDetailsInvalid PrimaryIsNotTheChoosenAdapter FoundDriverCount:0 
[2018.07.10-06.49.54:979][  0]LogD3D11RHI:     Adapter Name: NVIDIA GeForce GTX 1050
[2018.07.10-06.49.54:979][  0]LogD3D11RHI:   Driver Version: Unknown (internal:Unknown, unified:Unknown)
[2018.07.10-06.49.54:979][  0]LogD3D11RHI:      Driver Date: Unknown
[2018.07.10-06.49.54:979][  0]LogRHI: Texture pool is 2813 MB (70% of 4019 MB)
[2018.07.10-06.49.55:023][  0]LogD3D11RHI: [Aftermath] Aftermath enabled and primed
[2018.07.10-06.49.55:023][  0]LogD3D11RHI: [Aftermath] Aftermath enabled and primed
[2018.07.10-06.49.55:023][  0]LogD3D11RHI: Async texture creation enabled
[2018.07.10-06.49.55:106][  0]LogD3D11RHI: GPU Timing Frequency: 1000.000000 (Debug: 2 2)
[2018.07.10-06.49.55:106][  0]LogShaderCompilers: Guid format shader working directory is -8 characters bigger than the processId version (C:/Users/gmatt/Desktop/cranberryjam/Studio2Level 4.19/Intermediate/Shaders/WorkingDirectory/18740/).
[2018.07.10-06.49.55:106][  0]LogShaderCompilers: Cleaned the shader compiler working directory 'C:/Users/gmatt/AppData/Local/Temp/UnrealShaderWorkingDir/2051D8C9418C5F4DD76340A695026D97/'.
[2018.07.10-06.49.56:042][  0]LogTemp: Display: Loaded TP AllDesktopTargetPlatform
[2018.07.10-06.49.56:061][  0]LogTemp: Display: Loaded TP MacClientTargetPlatform
[2018.07.10-06.49.56:079][  0]LogTemp: Display: Loaded TP MacNoEditorTargetPlatform
[2018.07.10-06.49.56:100][  0]LogTemp: Display: Loaded TP MacServerTargetPlatform
[2018.07.10-06.49.56:142][  0]LogTemp: Display: Loaded TP MacTargetPlatform
[2018.07.10-06.49.56:168][  0]LogTemp: Display: Loaded TP WindowsClientTargetPlatform
[2018.07.10-06.49.56:186][  0]LogTemp: Display: Loaded TP WindowsNoEditorTargetPlatform
[2018.07.10-06.49.56:204][  0]LogTemp: Display: Loaded TP WindowsServerTargetPlatform
[2018.07.10-06.49.56:219][  0]LogTemp: Display: Loaded TP WindowsTargetPlatform
[2018.07.10-06.49.56:247][  0]LogTemp: Display: Loaded TP Android_ASTCTargetPlatform
[2018.07.10-06.49.56:269][  0]LogTemp: Display: Loaded TP Android_ATCTargetPlatform
[2018.07.10-06.49.56:299][  0]LogTemp: Display: Loaded TP Android_DXTTargetPlatform
[2018.07.10-06.49.56:323][  0]LogTemp: Display: Loaded TP Android_ETC1aTargetPlatform
[2018.07.10-06.49.56:342][  0]LogTemp: Display: Loaded TP Android_ETC1TargetPlatform
[2018.07.10-06.49.56:361][  0]LogTemp: Display: Loaded TP Android_ETC2TargetPlatform
[2018.07.10-06.49.56:411][  0]LogTemp: Display: Loaded TP Android_MultiTargetPlatform
[2018.07.10-06.49.56:411][  0]LogTemp: Display: Loaded TP Android_PVRTCTargetPlatform
[2018.07.10-06.49.56:463][  0]LogTemp: Display: Loaded TP AndroidTargetPlatform
[2018.07.10-06.49.56:476][  0]LogTemp: Display: Loaded TP HTML5TargetPlatform
[2018.07.10-06.49.56:577][  0]LogTemp: Display: Loaded TP IOSTargetPlatform
[2018.07.10-06.49.56:589][  0]LogTemp: Display: Loaded TP TVOSTargetPlatform
[2018.07.10-06.49.56:614][  0]LogTemp: Display: Loaded TP LinuxClientTargetPlatform
[2018.07.10-06.49.56:627][  0]LogTemp: Display: Loaded TP LinuxNoEditorTargetPlatform
[2018.07.10-06.49.56:647][  0]LogTemp: Display: Loaded TP LinuxServerTargetPlatform
[2018.07.10-06.49.56:672][  0]LogTemp: Display: Loaded TP LinuxTargetPlatform
[2018.07.10-06.49.56:673][  0]LogTargetPlatformManager: Display: Building Assets For Windows
[2018.07.10-06.49.57:480][  0]LogXGEController: Cleaning working directory: C:/Users/gmatt/AppData/Local/Temp/UnrealXGEWorkingDir/
[2018.07.10-06.49.57:480][  0]LogXGEController: Cannot use XGE Controller as Incredibuild is not installed on this machine.
[2018.07.10-06.49.57:480][  0]LogShaderCompilers: Cannot use XGE Shader Compiler as Incredibuild is not installed on this machine.
[2018.07.10-06.49.57:480][  0]LogShaderCompilers: Display: Using Local Shader Compiler.
[2018.07.10-06.49.59:922][  0]LogDerivedDataCache: Display: Max Cache Size: 512 MB
[2018.07.10-06.50.00:283][  0]LogDerivedDataCache: Loaded boot cache 0.36s 78MB C:/Users/gmatt/AppData/Local/UnrealEngine/4.19/DerivedDataCache/Boot.ddc.
[2018.07.10-06.50.00:283][  0]LogDerivedDataCache: Display: Loaded Boot cache: C:/Users/gmatt/AppData/Local/UnrealEngine/4.19/DerivedDataCache/Boot.ddc
[2018.07.10-06.50.00:283][  0]LogDerivedDataCache: FDerivedDataBackendGraph:  Pak pak cache file C:/Users/gmatt/Desktop/cranberryjam/Studio2Level 4.19/DerivedDataCache/DDC.ddp not found, will not use a pak cache.
[2018.07.10-06.50.00:283][  0]LogDerivedDataCache: Unable to find inner node Pak for hierarchical cache Hierarchy.
[2018.07.10-06.50.00:283][  0]LogDerivedDataCache: FDerivedDataBackendGraph:  CompressedPak pak cache file C:/Users/gmatt/Desktop/cranberryjam/Studio2Level 4.19/DerivedDataCache/Compressed.ddp not found, will not use a pak cache.
[2018.07.10-06.50.00:283][  0]LogDerivedDataCache: Unable to find inner node CompressedPak for hierarchical cache Hierarchy.
[2018.07.10-06.50.00:421][  0]LogDerivedDataCache: Display: Pak cache opened for reading ../../../Engine/DerivedDataCache/Compressed.ddp.
[2018.07.10-06.50.00:433][  0]LogDerivedDataCache: Using Local data cache path C:/Users/gmatt/AppData/Local/UnrealEngine/Common/DerivedDataCache: Writable
[2018.07.10-06.50.00:433][  0]LogDerivedDataCache: Shared data cache path not found in *engine.ini, will not use an Shared cache.
[2018.07.10-06.50.00:433][  0]LogDerivedDataCache: Unable to find inner node Shared for hierarchical cache Hierarchy.
[2018.07.10-06.50.00:444][  0]LogMaterial: Verifying Global Shaders for PCD3D_SM5
[2018.07.10-06.50.00:444][  0]LogSlate: Using Freetype 2.6.0
[2018.07.10-06.50.00:469][  0]LogSlate: SlateFontCache - WITH_FREETYPE: 1, WITH_HARFBUZZ: 1
[2018.07.10-06.50.00:469][  0]LogSlate: SlateFontCache - WITH_FREETYPE: 1, WITH_HARFBUZZ: 1
[2018.07.10-06.50.03:450][  0]LogAssetRegistry: FAssetRegistry took 0.0259 seconds to start up
[2018.07.10-06.50.03:756][  0]LogInit: Selected Device Profile: [Windows]
[2018.07.10-06.50.04:405][  0]LogSimplygon: Simplygon DLL not present - disabling.
[2018.07.10-06.50.04:453][  0]LogMeshReduction: Using SimplygonSwarm for distributed automatic mesh merging
[2018.07.10-06.50.04:453][  0]LogMeshReduction: Using QuadricMeshReduction for automatic static mesh reduction
[2018.07.10-06.50.04:453][  0]LogMeshReduction: No automatic skeletal mesh reduction module available
[2018.07.10-06.50.04:453][  0]LogMeshReduction: No automatic mesh merging module available
[2018.07.10-06.50.04:453][  0]LogMeshMerging: No automatic mesh merging module available
[2018.07.10-06.50.04:486][  0]LogNetVersion: Studio2Level , NetCL: 3944462, EngineNetVer: 2, GameNetVer: 0 (Checksum: 3027956618)
[2018.07.10-06.50.05:444][  0]LogPackageLocalizationCache: Processed 9 localized package path(s) for 2 prioritized culture(s) in 0.187154 seconds
[2018.07.10-06.50.05:449][  0]LogUObjectArray: 36728 objects as part of root set at end of initial load.
[2018.07.10-06.50.05:449][  0]LogUObjectAllocator: 7314304 out of 0 bytes used by permanent object pool.
[2018.07.10-06.50.05:449][  0]LogUObjectArray: CloseDisregardForGC: 0/0 objects in disregard for GC pool
[2018.07.10-06.50.27:679][  0]LogTcpMessaging: Initializing TcpMessaging bridge
[2018.07.10-06.50.27:720][  0]LogUdpMessaging: Initializing bridge on interface 0.0.0.0:0 to multicast group 230.0.0.1:6666.
[2018.07.10-06.50.28:842][  0]SourceControl: Source control is disabled
[2018.07.10-06.50.28:842][  0]SourceControl: Source control is disabled
[2018.07.10-06.50.28:939][  0]SourceControl: Source control is disabled
[2018.07.10-06.50.28:964][  0]SourceControl: Source control is disabled
[2018.07.10-06.50.30:090][  0]LogAndroidPermission: UAndroidPermissionCallbackProxy::GetInstance
[2018.07.10-06.50.30:411][  0]LogOcInput: OculusInput pre-init called
[2018.07.10-06.50.30:754][  0]LogEngine: Initializing Engine...
[2018.07.10-06.50.30:776][  0]LogHMD: Failed to initialize OpenVR with code 110
[2018.07.10-06.50.30:777][  0]LogStats: UGameplayTagsManager::ConstructGameplayTagTree: Construct from data asset -  0.000 s
[2018.07.10-06.50.30:777][  0]LogStats: UGameplayTagsManager::ConstructGameplayTagTree: GameplayTagTreeChangedEvent.Broadcast -  0.000 s
[2018.07.10-06.50.31:225][  0]LogAIModule: Creating AISystem for world Untitled
[2018.07.10-06.50.31:237][  0]LogInit: XAudio2 using 'Speakers (Realtek High Definition Audio)' : 2 channels at 48 kHz using 32 bits per sample (channel mask 0x3)
[2018.07.10-06.50.32:655][  0]LogInit: FAudioDevice initialized.
[2018.07.10-06.50.32:800][  0]LogDerivedDataCache: Saved boot cache 0.14s 78MB C:/Users/gmatt/AppData/Local/UnrealEngine/4.19/DerivedDataCache/Boot.ddc.
[2018.07.10-06.50.32:822][  0]LogInit: Texture streaming: Enabled
[2018.07.10-06.50.32:894][  0]LogEngineSessionManager: EngineSessionManager initialized
[2018.07.10-06.50.32:958][  0]LogInit: Transaction tracking system initialized
[2018.07.10-06.50.33:115][  0]BlueprintLog: New page: Editor Load
[2018.07.10-06.50.33:488][  0]LocalizationService: Localization service is disabled
[2018.07.10-06.50.33:818][  0]LogConsoleResponse: Display: 
[2018.07.10-06.50.34:540][  0]LogCook: Display: Max memory allowance for cook 16384mb min free memory 0mb
[2018.07.10-06.50.34:552][  0]LogFileCache: Scanning file cache for directory 'C:/Users/gmatt/Desktop/cranberryjam/Studio2Level 4.19/Content/' took 0.01s
[2018.07.10-06.50.34:552][  0]LogCook: Display: Mobile HDR setting 1
[2018.07.10-06.50.34:552][  0]LogGameplayTags: Display: UGameplayTagsManager::DoneAddingNativeTags. DelegateIsBound: 0
[2018.07.10-06.50.34:552][  0]LogStats: UGameplayTagsManager::ConstructGameplayTagTree: Construct from data asset -  0.000 s
[2018.07.10-06.50.34:552][  0]LogStats: UGameplayTagsManager::ConstructGameplayTagTree: GameplayTagTreeChangedEvent.Broadcast -  0.000 s
[2018.07.10-06.50.36:377][  0]SourceControl: Source control is disabled
[2018.07.10-06.50.36:377][  0]Cmd: MAP LOAD FILE="C:/Users/gmatt/Desktop/cranberryjam/Studio2Level 4.19/Content/ThirdPersonBP/Maps/ThirdPersonExampleMap.umap" TEMPLATE=0 SHOWPROGRESS=1 FEATURELEVEL=3
[2018.07.10-06.50.36:377][  0]LogEditorServer: Warning: Can't find file 'C:/Users/gmatt/Desktop/cranberryjam/Studio2Level 4.19/Content/ThirdPersonBP/Maps/ThirdPersonExampleMap.umap'
[2018.07.10-06.50.36:377][  0]Cmd: MAP CHECKDEP NOCLEARLOG
[2018.07.10-06.50.36:429][  0]MapCheck: Map check complete: 0 Error(s), 0 Warning(s), took 50.89ms to complete.
[2018.07.10-06.50.36:429][  0]LogFileHelpers: Loading map 'ThirdPersonExampleMap' took 0.052
[2018.07.10-06.50.36:700][  0]LogCollectionManager: Loaded 0 collections in 0.000784 seconds
[2018.07.10-06.50.36:761][  0]LogFileCache: Scanning file cache for directory 'C:/Users/gmatt/Desktop/cranberryjam/Studio2Level 4.19/Saved/Collections/' took 0.01s
[2018.07.10-06.50.36:761][  0]LogFileCache: Scanning file cache for directory 'C:/Users/gmatt/Desktop/cranberryjam/Studio2Level 4.19/Content/Developers/gmatt/Collections/' took 0.01s
[2018.07.10-06.50.36:761][  0]LogFileCache: Scanning file cache for directory 'C:/Users/gmatt/Desktop/cranberryjam/Studio2Level 4.19/Content/Collections/' took 0.01s
[2018.07.10-06.50.36:761][  0]LogCollectionManager: Rebuilt the GUID cache for 0 collections in 0.000000 seconds
[2018.07.10-06.50.36:772][  0]LogContentBrowser: Native class hierarchy populated in 0.0101 seconds. Added 2452 classes and 558 folders.
[2018.07.10-06.50.36:868][  0]LogContentBrowser: Native class hierarchy updated for 'WidgetCarousel' in 0.0002 seconds. Added 0 classes and 0 folders.
[2018.07.10-06.50.37:981][  0]LogContentBrowser: Native class hierarchy updated for 'AddContentDialog' in 0.0002 seconds. Added 0 classes and 0 folders.
[2018.07.10-06.50.38:001][  0]LogContentBrowser: Native class hierarchy updated for 'SceneOutliner' in 0.0003 seconds. Added 1 classes and 2 folders.
[2018.07.10-06.50.38:217][  0]LogSlate: Took 0.110765 seconds to synchronously load lazily loaded font '../../../Engine/Content/Slate/Fonts/Roboto-Regular.ttf' (155K)
[2018.07.10-06.50.38:263][  0]LogSlate: Took 0.044812 seconds to synchronously load lazily loaded font '../../../Engine/Content/Slate/Fonts/Roboto-Bold.ttf' (160K)
[2018.07.10-06.50.38:300][  0]LogSlate: Took 0.032336 seconds to synchronously load lazily loaded font '../../../Engine/Content/Editor/Slate/Fonts/FontAwesome.ttf' (139K)
[2018.07.10-06.50.38:434][  0]LogRenderer: Reallocating scene render targets to support 752x396 Format 10 NumSamples 1 (Frame:1).
[2018.07.10-06.50.38:826][  0]LogContentBrowser: Native class hierarchy updated for 'HierarchicalLODOutliner' in 0.0002 seconds. Added 0 classes and 0 folders.
[2018.07.10-06.50.38:826][  0]LogLoad: (Engine Initialization) Total time: 62.71 seconds
[2018.07.10-06.50.38:826][  0]LogLoad: (Engine Initialization) Total Blueprint compile time: 0.00 seconds
[2018.07.10-06.50.38:837][  0]LogWindowsTextInputMethodSystem: Display: IME system now deactivated.
[2018.07.10-06.50.38:858][  0]LogContentStreaming: Texture pool size now 1000 MB
[2018.07.10-06.50.38:959][  0]LogRenderer: Reallocating scene render targets to support 752x416 Format 10 NumSamples 1 (Frame:2).
[2018.07.10-06.50.38:959][  0]LogSlate: Took 0.017051 seconds to synchronously load lazily loaded font '../../../Engine/Content/Slate/Fonts/Roboto-Light.ttf' (167K)
[2018.07.10-06.50.38:984][  1]LogAssetRegistry: Asset discovery search completed in 35.5566 seconds
[2018.07.10-06.50.38:985][  1]LogCollectionManager: Rebuilt the object cache for 0 collections in 0.000000 seconds (found 0 objects)
[2018.07.10-06.50.38:985][  1]LogCollectionManager: Fixed up redirectors for 0 collections in 0.000040 seconds (updated 0 objects)
[2018.07.10-06.50.47:488][334]LogSlate: FSceneViewport::OnFocusLost() reason 0
[2018.07.10-06.50.47:615][346]LogSlate: Took 0.000367 seconds to synchronously load lazily loaded font '../../../Engine/Content/Slate/Fonts/Roboto-Light.ttf' (167K)
[2018.07.10-06.50.47:678][346]LogUObjectGlobals: Created PersistentFrame Addr=0x0000017818d55400, Size=64, Default__ThirdPerson_AnimBP_C Function /Game/Mannequin/Animations/ThirdPerson_AnimBP.ThirdPerson_AnimBP_C:ExecuteUbergraph_ThirdPerson_AnimBP
[2018.07.10-06.50.47:688][346]LogUObjectGlobals: Destroyed PersistentFrame Addr=0x0000017818d55400, Size=64
[2018.07.10-06.50.47:688][346]LogUObjectGlobals: Created PersistentFrame Addr=0x0000017818d554c0, Size=64, Default__ThirdPerson_AnimBP_C Function /Engine/Transient.REINST_ThirdPerson_AnimBP_C_0:ExecuteUbergraph_ThirdPerson_AnimBP
[2018.07.10-06.50.47:698][346]LogUObjectGlobals: Created PersistentFrame Addr=0x000001784b0d0630, Size=72, Default__ThirdPerson_AnimBP_C Function /Game/Mannequin/Animations/ThirdPerson_AnimBP.ThirdPerson_AnimBP_C:ExecuteUbergraph_ThirdPerson_AnimBP
[2018.07.10-06.50.47:702][346]LogUObjectGlobals: Created PersistentFrame Addr=0x000001784b09d130, Size=104, Default__EnemyAI_C Function /Game/ThirdPersonBP/Blueprints/EnemyAI.EnemyAI_C:ExecuteUbergraph_EnemyAI
[2018.07.10-06.50.47:704][346]LogUObjectGlobals: Destroyed PersistentFrame Addr=0x000001784b09d130, Size=104
[2018.07.10-06.50.47:704][346]LogUObjectGlobals: Created PersistentFrame Addr=0x000001784b09d130, Size=104, Default__EnemyAI_C Function /Engine/Transient.REINST_EnemyAI_C_4:ExecuteUbergraph_EnemyAI
[2018.07.10-06.50.47:706][346]LogUObjectGlobals: Created PersistentFrame Addr=0x000001784b09c090, Size=104, Default__EnemyAI_C Function /Game/ThirdPersonBP/Blueprints/EnemyAI.EnemyAI_C:ExecuteUbergraph_EnemyAI
[2018.07.10-06.50.47:711][346]LogUObjectGlobals: Created PersistentFrame Addr=0x000001784b0b1f00, Size=232, Default__EnemyCharacter_C Function /Game/ThirdPersonBP/Blueprints/EnemyCharacter.EnemyCharacter_C:ExecuteUbergraph_EnemyCharacter
[2018.07.10-06.50.47:716][346]LogUObjectGlobals: Created PersistentFrame Addr=0x000001781ea6b000, Size=968, Default__ThirdPersonCharacter_C Function /Game/ThirdPersonBP/Blueprints/ThirdPersonCharacter.ThirdPersonCharacter_C:ExecuteUbergraph_ThirdPersonCharacter
[2018.07.10-06.50.47:762][346]LogUObjectGlobals: Created PersistentFrame Addr=0x000001784b1529f0, Size=4, Default__LoseMenu_C Function /Game/ThirdPersonBP/Blueprints/LoseMenu.LoseMenu_C:ExecuteUbergraph_LoseMenu
[2018.07.10-06.50.47:783][346]LogUObjectGlobals: Destroyed PersistentFrame Addr=0x000001784b0b1f00, Size=232
[2018.07.10-06.50.47:784][346]LogUObjectGlobals: Created PersistentFrame Addr=0x000001784b0b1f00, Size=232, Default__EnemyCharacter_C Function /Engine/Transient.REINST_EnemyCharacter_C_6:ExecuteUbergraph_EnemyCharacter
[2018.07.10-06.50.47:784][346]LogUObjectGlobals: Destroyed PersistentFrame Addr=0x000001784b1529f0, Size=4
[2018.07.10-06.50.47:784][346]LogUObjectGlobals: Created PersistentFrame Addr=0x000001784b1529f0, Size=4, Default__LoseMenu_C Function /Engine/Transient.REINST_LoseMenu_C_2:ExecuteUbergraph_LoseMenu
[2018.07.10-06.50.47:785][346]LogUObjectGlobals: Destroyed PersistentFrame Addr=0x000001781ea6b000, Size=968
[2018.07.10-06.50.47:785][346]LogUObjectGlobals: Created PersistentFrame Addr=0x000001781e99ac00, Size=968, Default__ThirdPersonCharacter_C Function /Engine/Transient.REINST_ThirdPersonCharacter_C_7:ExecuteUbergraph_ThirdPersonCharacter
[2018.07.10-06.50.47:801][346]LogUObjectGlobals: Created PersistentFrame Addr=0x000001784aba1600, Size=232, Default__EnemyCharacter_C Function /Game/ThirdPersonBP/Blueprints/EnemyCharacter.EnemyCharacter_C:ExecuteUbergraph_EnemyCharacter
[2018.07.10-06.50.47:803][346]LogUObjectGlobals: Created PersistentFrame Addr=0x000001784b151070, Size=4, Default__LoseMenu_C Function /Game/ThirdPersonBP/Blueprints/LoseMenu.LoseMenu_C:ExecuteUbergraph_LoseMenu
[2018.07.10-06.50.47:806][346]LogUObjectGlobals: Created PersistentFrame Addr=0x000001781e998c00, Size=968, Default__ThirdPersonCharacter_C Function /Game/ThirdPersonBP/Blueprints/ThirdPersonCharacter.ThirdPersonCharacter_C:ExecuteUbergraph_ThirdPersonCharacter
[2018.07.10-06.50.48:439][346]LogSkeletalMesh: Skeletal Mesh found in DDC [12.991423ms] /Game/Mannequin/Character/Mesh/SK_Mannequin.SK_Mannequin
[2018.07.10-06.50.48:557][346]LogAIModule: Creating AISystem for world Level
[2018.07.10-06.50.48:611][346]LogUObjectGlobals: Destroyed PersistentFrame Addr=0x0000017818d554c0, Size=64
[2018.07.10-06.50.48:611][346]LogUObjectGlobals: Destroyed PersistentFrame Addr=0x000001784b09d130, Size=104
[2018.07.10-06.50.48:611][346]LogUObjectGlobals: Destroyed PersistentFrame Addr=0x000001784b0b1f00, Size=232
[2018.07.10-06.50.48:611][346]LogUObjectGlobals: Destroyed PersistentFrame Addr=0x000001781e99ac00, Size=968
[2018.07.10-06.50.48:611][346]LogUObjectGlobals: Destroyed PersistentFrame Addr=0x000001784b1529f0, Size=4
[2018.07.10-06.50.48:616][346]Cmd: MAP LOAD FILE="C:/Users/gmatt/Desktop/cranberryjam/Studio2Level 4.19/Content/ThirdPersonBP/Maps/Level.umap" TEMPLATE=0 SHOWPROGRESS=1 FEATURELEVEL=3
[2018.07.10-06.50.48:616][346]LightingResults: New page: Lighting Build
[2018.07.10-06.50.48:619][346]LogContentBrowser: Native class hierarchy updated for 'StatsViewer' in 0.0004 seconds. Added 5 classes and 0 folders.
[2018.07.10-06.50.48:620][346]LoadErrors: New page: Loading map: Level.umap
[2018.07.10-06.50.48:633][346]MapCheck: New page: Map Check
[2018.07.10-06.50.48:633][346]LightingResults: New page: Lighting Build
[2018.07.10-06.50.48:721][346]LogEditorServer: Finished looking for orphan Actors (0.000 secs)
[2018.07.10-06.50.48:759][346]Cmd: MAP CHECKDEP NOCLEARLOG
[2018.07.10-06.50.48:805][346]MapCheck: Map check complete: 0 Error(s), 0 Warning(s), took 45.571ms to complete.
[2018.07.10-06.50.48:806][346]LogFileHelpers: Loading map 'Level' took 0.193
[2018.07.10-06.50.51:863][601]LogSlate: FSceneViewport::OnFocusLost() reason 0
[2018.07.10-06.50.52:108][617]LogAIModule: Creating AISystem for world Level1_Basic
[2018.07.10-06.50.52:127][617]Cmd: MAP LOAD FILE="C:/Users/gmatt/Desktop/cranberryjam/Studio2Level 4.19/Content/ThirdPersonBP/Maps/Level1_Basic.umap" TEMPLATE=0 SHOWPROGRESS=1 FEATURELEVEL=3
[2018.07.10-06.50.52:127][617]LightingResults: New page: Lighting Build
[2018.07.10-06.50.52:128][617]LoadErrors: New page: Loading map: Level1_Basic.umap
[2018.07.10-06.50.52:141][617]MapCheck: New page: Map Check
[2018.07.10-06.50.52:142][617]LightingResults: New page: Lighting Build
[2018.07.10-06.50.52:221][617]LogEditorServer: Finished looking for orphan Actors (0.000 secs)
[2018.07.10-06.50.52:259][617]Cmd: MAP CHECKDEP NOCLEARLOG
[2018.07.10-06.50.52:301][617]MapCheck: Map check complete: 0 Error(s), 0 Warning(s), took 41.375ms to complete.
[2018.07.10-06.50.52:301][617]LogFileHelpers: Loading map 'Level1_Basic' took 0.175
[2018.07.10-06.50.54:968][854]LogSlate: FSceneViewport::OnFocusLost() reason 0
[2018.07.10-06.50.55:179][870]LogAIModule: Creating AISystem for world Level2_Basic
[2018.07.10-06.50.55:202][870]Cmd: MAP LOAD FILE="C:/Users/gmatt/Desktop/cranberryjam/Studio2Level 4.19/Content/ThirdPersonBP/Maps/Level2_Basic.umap" TEMPLATE=0 SHOWPROGRESS=1 FEATURELEVEL=3
[2018.07.10-06.50.55:202][870]LightingResults: New page: Lighting Build
[2018.07.10-06.50.55:203][870]LoadErrors: New page: Loading map: Level2_Basic.umap
[2018.07.10-06.50.55:204][870]MapCheck: New page: Map Check
[2018.07.10-06.50.55:204][870]LightingResults: New page: Lighting Build
[2018.07.10-06.50.55:303][870]LogEditorServer: Finished looking for orphan Actors (0.000 secs)
[2018.07.10-06.50.55:339][870]Cmd: MAP CHECKDEP NOCLEARLOG
[2018.07.10-06.50.55:379][870]MapCheck: Map check complete: 0 Error(s), 0 Warning(s), took 40.072ms to complete.
[2018.07.10-06.50.55:379][870]LogFileHelpers: Loading map 'Level2_Basic' took 0.178
[2018.07.10-06.50.57:017][ 19]LogSlate: FSceneViewport::OnFocusLost() reason 0
[2018.07.10-06.50.57:232][ 33]LogAIModule: Creating AISystem for world Level4_basic
[2018.07.10-06.50.57:252][ 33]Cmd: MAP LOAD FILE="C:/Users/gmatt/Desktop/cranberryjam/Studio2Level 4.19/Content/ThirdPersonBP/Maps/Level4_basic.umap" TEMPLATE=0 SHOWPROGRESS=1 FEATURELEVEL=3
[2018.07.10-06.50.57:252][ 33]LightingResults: New page: Lighting Build
[2018.07.10-06.50.57:253][ 33]LoadErrors: New page: Loading map: Level4_basic.umap
[2018.07.10-06.50.57:255][ 33]MapCheck: New page: Map Check
[2018.07.10-06.50.57:256][ 33]LightingResults: New page: Lighting Build
[2018.07.10-06.50.57:360][ 33]LogEditorServer: Finished looking for orphan Actors (0.000 secs)
[2018.07.10-06.50.57:391][ 33]Cmd: MAP CHECKDEP NOCLEARLOG
[2018.07.10-06.50.57:431][ 33]MapCheck: Map check complete: 0 Error(s), 0 Warning(s), took 40.22ms to complete.
[2018.07.10-06.50.57:431][ 33]LogFileHelpers: Loading map 'Level4_basic' took 0.181
[2018.07.10-06.50.59:023][177]LogSlate: FSceneViewport::OnFocusLost() reason 0
[2018.07.10-06.50.59:238][191]LogAIModule: Creating AISystem for world washingBasket
[2018.07.10-06.50.59:261][191]Cmd: MAP LOAD FILE="C:/Users/gmatt/Desktop/cranberryjam/Studio2Level 4.19/Content/ThirdPersonBP/Maps/washingBasket.umap" TEMPLATE=0 SHOWPROGRESS=1 FEATURELEVEL=3
[2018.07.10-06.50.59:261][191]LightingResults: New page: Lighting Build
[2018.07.10-06.50.59:262][191]LoadErrors: New page: Loading map: washingBasket.umap
[2018.07.10-06.50.59:263][191]MapCheck: New page: Map Check
[2018.07.10-06.50.59:263][191]LightingResults: New page: Lighting Build
[2018.07.10-06.50.59:395][191]LogEditorServer: Finished looking for orphan Actors (0.000 secs)
[2018.07.10-06.50.59:428][191]Cmd: MAP CHECKDEP NOCLEARLOG
[2018.07.10-06.50.59:468][191]MapCheck: Map check complete: 0 Error(s), 0 Warning(s), took 40.629ms to complete.
[2018.07.10-06.50.59:470][191]LogFileHelpers: Loading map 'washingBasket' took 0.210
[2018.07.10-07.05.21:418][432]LogSlate: FSceneViewport::OnFocusLost() reason 0
[2018.07.10-07.06.41:937][988]LogSlate: Window 'Studio2Level - Unreal Editor' being destroyed
[2018.07.10-07.06.41:938][988]LogWindowsTextInputMethodSystem: Display: IME system now deactivated.
[2018.07.10-07.06.42:872][989]Cmd: QUIT_EDITOR
[2018.07.10-07.06.43:492][989]LogSlate: Slate User Destroyed.  User Index 0, Is Virtual User: 0
[2018.07.10-07.06.43:499][989]LogExit: Preparing to exit.
[2018.07.10-07.06.45:064][989]LogExit: Editor shut down
[2018.07.10-07.06.45:070][989]LogExit: Transaction tracking system shut down
[2018.07.10-07.06.45:071][989]LogUObjectGlobals: Destroyed PersistentFrame Addr=0x000001784b0d0630, Size=72
[2018.07.10-07.06.45:078][989]LogUObjectGlobals: Destroyed PersistentFrame Addr=0x000001784b09c090, Size=104
[2018.07.10-07.06.45:079][989]LogUObjectGlobals: Destroyed PersistentFrame Addr=0x000001784aba1600, Size=232
[2018.07.10-07.06.45:079][989]LogUObjectGlobals: Destroyed PersistentFrame Addr=0x000001784b151070, Size=4
[2018.07.10-07.06.45:079][989]LogUObjectGlobals: Destroyed PersistentFrame Addr=0x000001781e998c00, Size=968
[2018.07.10-07.06.45:367][989]LogDirectoryWatcher: A directory notification for '../../../Engine/Content/' was aborted.
[2018.07.10-07.06.45:367][989]LogDirectoryWatcher: A directory notification for 'C:/Users/gmatt/Desktop/cranberryjam/Studio2Level 4.19/Content/' was aborted.
[2018.07.10-07.06.45:367][989]LogDirectoryWatcher: A directory notification for '../../Plugins/2D/Paper2D/Content/' was aborted.
[2018.07.10-07.06.45:367][989]LogDirectoryWatcher: A directory notification for '../../Plugins/Enterprise/DatasmithContent/Content/' was aborted.
[2018.07.10-07.06.45:367][989]LogDirectoryWatcher: A directory notification for '../../Plugins/Media/MediaCompositing/Content/' was aborted.
[2018.07.10-07.06.45:367][989]LogDirectoryWatcher: A directory notification for '../../Plugins/Runtime/AppleARKit/Content/' was aborted.
[2018.07.10-07.06.45:367][989]LogDirectoryWatcher: A directory notification for '../../Plugins/Runtime/Oculus/OculusVR/Content/' was aborted.
[2018.07.10-07.06.45:367][989]LogDirectoryWatcher: A directory notification for '../../Plugins/Runtime/Steam/SteamVR/Content/' was aborted.
[2018.07.10-07.06.46:525][989]LogExit: Object subsystem successfully closed.
[2018.07.10-07.06.46:734][989]LogShaderCompilers: Display: Shaders left to compile 0
[2018.07.10-07.06.46:753][989]LogD3D11RHI: Shutdown
[2018.07.10-07.06.46:753][989]LogD3D11RHI: CleanupD3DDevice
[2018.07.10-07.06.46:780][989]LogD3D11RHI: ~FD3D11DynamicRHI
[2018.07.10-07.06.47:701][989]LogModuleManager: Shutting down and abandoning module StatsViewer (574)
[2018.07.10-07.06.47:711][989]LogModuleManager: Shutting down and abandoning module HierarchicalLODOutliner (572)
[2018.07.10-07.06.47:711][989]LogModuleManager: Shutting down and abandoning module SceneOutliner (570)
[2018.07.10-07.06.47:715][989]LogModuleManager: Shutting down and abandoning module AddContentDialog (568)
[2018.07.10-07.06.47:734][989]LogDirectoryWatcher: A directory notification for 'D:/Program Files (x86)/Epic Games/UE_4.19/FeaturePacks/' was aborted.
[2018.07.10-07.06.47:738][989]LogModuleManager: Shutting down and abandoning module WidgetCarousel (567)
[2018.07.10-07.06.47:738][989]LogModuleManager: Shutting down and abandoning module EditorWidgets (564)
[2018.07.10-07.06.47:738][989]LogModuleManager: Shutting down and abandoning module CollectionManager (562)
[2018.07.10-07.06.47:754][989]LogDirectoryWatcher: A directory notification for 'C:/Users/gmatt/Desktop/cranberryjam/Studio2Level 4.19/Content/Collections/' was aborted.
[2018.07.10-07.06.47:754][989]LogDirectoryWatcher: A directory notification for 'C:/Users/gmatt/Desktop/cranberryjam/Studio2Level 4.19/Content/Developers/gmatt/Collections/' was aborted.
[2018.07.10-07.06.47:754][989]LogDirectoryWatcher: A directory notification for 'C:/Users/gmatt/Desktop/cranberryjam/Studio2Level 4.19/Saved/Collections/' was aborted.
[2018.07.10-07.06.47:754][989]LogModuleManager: Shutting down and abandoning module FoliageEdit (560)
[2018.07.10-07.06.47:754][989]LogModuleManager: Shutting down and abandoning module LandscapeEditor (558)
[2018.07.10-07.06.47:764][989]LogModuleManager: Shutting down and abandoning module MeshPaintMode (556)
[2018.07.10-07.06.47:772][989]LogModuleManager: Shutting down and abandoning module SceneDepthPickerMode (554)
[2018.07.10-07.06.47:772][989]LogModuleManager: Shutting down and abandoning module ActorPickerMode (552)
[2018.07.10-07.06.47:772][989]LogModuleManager: Shutting down and abandoning module GeometryMode (550)
[2018.07.10-07.06.47:784][989]LogModuleManager: Shutting down and abandoning module TextureAlignMode (548)
[2018.07.10-07.06.47:784][989]LogModuleManager: Shutting down and abandoning module BspMode (546)
[2018.07.10-07.06.47:791][989]LogModuleManager: Shutting down and abandoning module PIEPreviewDeviceProfileSelector (544)
[2018.07.10-07.06.47:802][989]LogModuleManager: Shutting down and abandoning module HardwareSurvey (542)
[2018.07.10-07.06.47:802][989]LogModuleManager: Shutting down and abandoning module SequenceRecorderSections (540)
[2018.07.10-07.06.47:806][989]LogModuleManager: Shutting down and abandoning module AutomationWorker (538)
[2018.07.10-07.06.47:806][989]LogModuleManager: Shutting down and abandoning module AudioCaptureEditor (536)
[2018.07.10-07.06.47:806][989]LogModuleManager: Shutting down and abandoning module SequenceRecorder (535)
[2018.07.10-07.06.47:814][989]LogModuleManager: Shutting down and abandoning module MatineeToLevelSequence (532)
[2018.07.10-07.06.47:821][989]LogModuleManager: Shutting down and abandoning module LevelSequenceEditor (530)
[2018.07.10-07.06.47:841][989]LogModuleManager: Shutting down and abandoning module PlacementMode (529)
[2018.07.10-07.06.47:841][989]LogModuleManager: Shutting down and abandoning module MaterialEditor (528)
[2018.07.10-07.06.47:874][989]LogModuleManager: Shutting down and abandoning module WmfMediaFactory (524)
[2018.07.10-07.06.47:874][989]LogModuleManager: Shutting down and abandoning module WmfMediaEditor (522)
[2018.07.10-07.06.47:874][989]LogModuleManager: Shutting down and abandoning module MediaPlayerEditor (520)
[2018.07.10-07.06.47:894][989]LogModuleManager: Shutting down and abandoning module OpenExrWrapper (518)
[2018.07.10-07.06.47:894][989]LogModuleManager: Shutting down and abandoning module ImgMediaFactory (516)
[2018.07.10-07.06.47:894][989]LogModuleManager: Shutting down and abandoning module ImgMediaEditor (514)
[2018.07.10-07.06.47:894][989]LogModuleManager: Shutting down and abandoning module AvfMediaFactory (512)
[2018.07.10-07.06.47:894][989]LogModuleManager: Shutting down and abandoning module AvfMediaEditor (510)
[2018.07.10-07.06.47:894][989]LogModuleManager: Shutting down and abandoning module AndroidMediaFactory (508)
[2018.07.10-07.06.47:894][989]LogModuleManager: Shutting down and abandoning module AndroidMediaEditor (506)
[2018.07.10-07.06.47:894][989]LogModuleManager: Shutting down and abandoning module CharacterAI (504)
[2018.07.10-07.06.47:894][989]LogModuleManager: Shutting down and abandoning module SmartSnapping (502)
[2018.07.10-07.06.47:894][989]LogModuleManager: Shutting down and abandoning module SessionServices (500)
[2018.07.10-07.06.47:894][989]LogModuleManager: Shutting down and abandoning module ViewportSnapping (498)
[2018.07.10-07.06.47:894][989]LogModuleManager: Shutting down and abandoning module ViewportInteraction (496)
[2018.07.10-07.06.47:894][989]LogModuleManager: Shutting down and abandoning module ClothPainter (494)
[2018.07.10-07.06.47:920][989]LogModuleManager: Shutting down and abandoning module SkeletalMeshEditor (493)
[2018.07.10-07.06.47:930][989]LogModuleManager: Shutting down and abandoning module LogVisualizer (490)
[2018.07.10-07.06.47:943][989]LogModuleManager: Shutting down and abandoning module IntroTutorials (488)
[2018.07.10-07.06.47:989][989]LogModuleManager: Shutting down and abandoning module GameProjectGeneration (487)
[2018.07.10-07.06.47:999][989]LogModuleManager: Shutting down and abandoning module IOSPlatformEditor (484)
[2018.07.10-07.06.48:012][989]LogModuleManager: Shutting down and abandoning module HTML5PlatformEditor (482)
[2018.07.10-07.06.48:013][989]LogModuleManager: Shutting down and abandoning module AndroidPlatformEditor (480)
[2018.07.10-07.06.48:013][989]LogModuleManager: Shutting down and abandoning module AndroidDeviceDetection (479)
[2018.07.10-07.06.48:118][989]LogModuleManager: Shutting down and abandoning module WindowsPlatformEditor (476)
[2018.07.10-07.06.48:118][989]LogModuleManager: Shutting down and abandoning module IOSRuntimeSettings (474)
[2018.07.10-07.06.48:118][989]LogModuleManager: Shutting down and abandoning module AndroidRuntimeSettings (472)
[2018.07.10-07.06.48:118][989]LogModuleManager: Shutting down and abandoning module InputBindingEditor (470)
[2018.07.10-07.06.48:129][989]LogModuleManager: Shutting down and abandoning module MergeActors (468)
[2018.07.10-07.06.48:148][989]LogModuleManager: Shutting down and abandoning module LocalizationDashboard (466)
[2018.07.10-07.06.48:154][989]LogModuleManager: Shutting down and abandoning module LocalizationService (465)
[2018.07.10-07.06.48:159][989]LogModuleManager: Shutting down and abandoning module HardwareTargeting (462)
[2018.07.10-07.06.48:159][989]LogModuleManager: Shutting down and abandoning module DeviceProfileEditor (460)
[2018.07.10-07.06.48:170][989]LogModuleManager: Shutting down and abandoning module UndoHistory (458)
[2018.07.10-07.06.48:170][989]LogModuleManager: Shutting down and abandoning module XmlParser (456)
[2018.07.10-07.06.48:177][989]LogModuleManager: Shutting down and abandoning module Blutility (454)
[2018.07.10-07.06.48:177][989]LogModuleManager: Shutting down and abandoning module ProjectSettingsViewer (452)
[2018.07.10-07.06.48:177][989]LogModuleManager: Shutting down and abandoning module ProjectTargetPlatformEditor (451)
[2018.07.10-07.06.48:182][989]LogModuleManager: Shutting down and abandoning module EditorSettingsViewer (448)
[2018.07.10-07.06.48:182][989]LogModuleManager: Shutting down and abandoning module SettingsEditor (446)
[2018.07.10-07.06.48:219][989]LogModuleManager: Shutting down and abandoning module ProjectLauncher (444)
[2018.07.10-07.06.48:222][989]LogModuleManager: Shutting down and abandoning module SessionFrontend (442)
[2018.07.10-07.06.48:227][989]LogModuleManager: Shutting down and abandoning module ProfilerClient (440)
[2018.07.10-07.06.48:229][989]LogModuleManager: Shutting down and abandoning module DeviceManager (438)
[2018.07.10-07.06.48:238][989]LogModuleManager: Shutting down and abandoning module TargetDeviceServices (437)
[2018.07.10-07.06.48:299][989]LogModuleManager: Shutting down and abandoning module AutomationController (434)
[2018.07.10-07.06.48:307][989]LogModuleManager: Shutting down and abandoning module AutomationWindow (432)
[2018.07.10-07.06.48:317][989]LogModuleManager: Shutting down and abandoning module Layers (430)
[2018.07.10-07.06.48:332][989]LogModuleManager: Shutting down and abandoning module ComponentVisualizers (428)
[2018.07.10-07.06.48:332][989]LogModuleManager: Shutting down and abandoning module DetailCustomizations (426)
[2018.07.10-07.06.48:338][989]LogModuleManager: Shutting down and abandoning module PackagesDialog (424)
[2018.07.10-07.06.48:338][989]LogModuleManager: Shutting down and abandoning module Persona (422)
[2018.07.10-07.06.48:363][989]LogModuleManager: Shutting down and abandoning module AdvancedPreviewScene (421)
[2018.07.10-07.06.48:363][989]LogModuleManager: Shutting down and abandoning module AnimGraph (419)
[2018.07.10-07.06.48:363][989]LogModuleManager: Shutting down and abandoning module Kismet (416)
[2018.07.10-07.06.48:374][989]LogModuleManager: Shutting down and abandoning module GraphEditor (414)
[2018.07.10-07.06.48:412][989]LogModuleManager: Shutting down and abandoning module ClassViewer (412)
[2018.07.10-07.06.48:412][989]LogModuleManager: Shutting down and abandoning module Toolbox (410)
[2018.07.10-07.06.48:412][989]LogModuleManager: Shutting down and abandoning module ModuleUI (408)
[2018.07.10-07.06.48:417][989]LogModuleManager: Shutting down and abandoning module MovieSceneTools (406)
[2018.07.10-07.06.48:434][989]LogModuleManager: Shutting down and abandoning module OutputLog (404)
[2018.07.10-07.06.48:442][989]LogModuleManager: Shutting down and abandoning module GammaUI (402)
[2018.07.10-07.06.48:452][989]LogModuleManager: Shutting down and abandoning module Documentation (400)
[2018.07.10-07.06.48:453][989]LogModuleManager: Shutting down and abandoning module MovieSceneTracks (398)
[2018.07.10-07.06.48:453][989]LogModuleManager: Shutting down and abandoning module MovieScene (396)
[2018.07.10-07.06.48:453][989]LogModuleManager: Shutting down and abandoning module StreamingPauseRendering (394)
[2018.07.10-07.06.48:453][989]LogModuleManager: Shutting down and abandoning module LauncherPlatform (392)
[2018.07.10-07.06.48:453][989]LogModuleManager: Shutting down and abandoning module AnalyticsET (390)
[2018.07.10-07.06.48:453][989]LogModuleManager: Shutting down and abandoning module PortalServices (388)
[2018.07.10-07.06.48:453][989]LogModuleManager: Shutting down and abandoning module PortalRpc (386)
[2018.07.10-07.06.48:453][989]LogModuleManager: Shutting down and abandoning module MessagingRpc (384)
[2018.07.10-07.06.48:453][989]LogModuleManager: Shutting down and abandoning module AIModule (382)
[2018.07.10-07.06.48:456][989]LogModuleManager: Shutting down and abandoning module GameplayDebugger (381)
[2018.07.10-07.06.48:470][989]LogModuleManager: Shutting down and abandoning module AITestSuite (379)
[2018.07.10-07.06.48:481][989]LogModuleManager: Shutting down and abandoning module DesktopPlatform (376)
[2018.07.10-07.06.48:493][989]LogModuleManager: Shutting down and abandoning module ProfilerService (374)
[2018.07.10-07.06.48:684][989]LogModuleManager: Shutting down and abandoning module TaskGraph (372)
[2018.07.10-07.06.48:692][989]LogModuleManager: Shutting down and abandoning module SteamVRController (370)
[2018.07.10-07.06.48:692][989]LogModuleManager: Shutting down and abandoning module ProceduralMeshComponentEditor (368)
[2018.07.10-07.06.48:692][989]LogModuleManager: Shutting down and abandoning module ProceduralMeshComponent (366)
[2018.07.10-07.06.48:703][989]LogModuleManager: Shutting down and abandoning module OculusInput (364)
[2018.07.10-07.06.48:709][989]LogModuleManager: Shutting down and abandoning module MobilePatchingUtils (362)
[2018.07.10-07.06.48:710][989]LogModuleManager: Shutting down and abandoning module CustomMeshComponent (360)
[2018.07.10-07.06.48:710][989]LogModuleManager: Shutting down and abandoning module CableComponent (358)
[2018.07.10-07.06.48:717][989]LogModuleManager: Shutting down and abandoning module AudioCapture (356)
[2018.07.10-07.06.48:717][989]LogModuleManager: Shutting down and abandoning module ArchVisCharacter (354)
[2018.07.10-07.06.48:717][989]LogModuleManager: Shutting down and abandoning module AndroidPermission (352)
[2018.07.10-07.06.48:717][989]LogModuleManager: Shutting down and abandoning module NUTUnrealEngine4 (348)
[2018.07.10-07.06.48:717][989]LogModuleManager: Shutting down and abandoning module NetcodeUnitTest (346)
[2018.07.10-07.06.48:742][989]LogModuleManager: Shutting down and abandoning module MediaCompositingEditor (344)
[2018.07.10-07.06.48:752][989]LogModuleManager: Shutting down and abandoning module MediaCompositing (342)
[2018.07.10-07.06.48:752][989]LogModuleManager: Shutting down and abandoning module LinearTimecode (340)
[2018.07.10-07.06.48:752][989]LogModuleManager: Shutting down and abandoning module ImgMedia (338)
[2018.07.10-07.06.48:759][989]LogModuleManager: Shutting down and abandoning module HTML5Networking (336)
[2018.07.10-07.06.48:759][989]LogModuleManager: Shutting down and abandoning module AlembicImporter (334)
[2018.07.10-07.06.48:774][989]LogModuleManager: Shutting down and abandoning module AlembicLibrary (333)
[2018.07.10-07.06.48:779][989]LogModuleManager: Shutting down and abandoning module GeometryCache (332)
[2018.07.10-07.06.48:779][989]LogModuleManager: Shutting down and abandoning module GeometryCacheEd (331)
[2018.07.10-07.06.48:779][989]LogModuleManager: Shutting down and abandoning module DatasmithContent (326)
[2018.07.10-07.06.48:779][989]LogModuleManager: Shutting down and abandoning module SpeedTreeImporter (324)
[2018.07.10-07.06.48:779][989]LogModuleManager: Shutting down and abandoning module PluginBrowser (322)
[2018.07.10-07.06.48:786][989]LogModuleManager: Shutting down and abandoning module MobileLauncherProfileWizard (320)
[2018.07.10-07.06.48:794][989]LogModuleManager: Shutting down and abandoning module CryptoKeysOpenSSL (318)
[2018.07.10-07.06.48:798][989]LogModuleManager: Shutting down and abandoning module CryptoKeys (316)
[2018.07.10-07.06.48:798][989]LogModuleManager: Shutting down and abandoning module VisualStudioSourceCodeAccess (314)
[2018.07.10-07.06.48:798][989]LogModuleManager: Shutting down and abandoning module VisualStudioCodeSourceCodeAccess (312)
[2018.07.10-07.06.48:798][989]LogModuleManager: Shutting down and abandoning module UObjectPlugin (310)
[2018.07.10-07.06.48:798][989]LogModuleManager: Shutting down and abandoning module SubversionSourceControl (308)
[2018.07.10-07.06.48:807][989]LogModuleManager: Shutting down and abandoning module PerforceSourceControl (306)
[2018.07.10-07.06.48:817][989]LogModuleManager: Shutting down and abandoning module GitSourceControl (304)
[2018.07.10-07.06.48:823][989]LogModuleManager: Shutting down and abandoning module SourceControl (303)
[2018.07.10-07.06.48:833][989]LogModuleManager: Shutting down and abandoning module CLionSourceCodeAccess (300)
[2018.07.10-07.06.48:849][989]LogModuleManager: Shutting down and abandoning module LightPropagationVolumeEditor (298)
[2018.07.10-07.06.48:849][989]LogModuleManager: Shutting down and abandoning module PaperTiledImporter (296)
[2018.07.10-07.06.48:849][989]LogModuleManager: Shutting down and abandoning module PaperSpriteSheetImporter (294)
[2018.07.10-07.06.48:849][989]LogModuleManager: Shutting down and abandoning module Paper2DEditor (292)
[2018.07.10-07.06.48:864][989]LogModuleManager: Shutting down and abandoning module MeshPaint (291)
[2018.07.10-07.06.48:873][989]LogModuleManager: Shutting down and abandoning module RuntimePhysXCooking (288)
[2018.07.10-07.06.48:873][989]LogModuleManager: Shutting down and abandoning module PhysXVehiclesEditor (286)
[2018.07.10-07.06.48:873][989]LogModuleManager: Shutting down and abandoning module PhysXVehicles (284)
[2018.07.10-07.06.48:873][989]LogModuleManager: Shutting down and abandoning module OculusEditor (282)
[2018.07.10-07.06.48:873][989]LogModuleManager: Shutting down and abandoning module LocationServicesBPLibrary (280)
[2018.07.10-07.06.48:873][989]LogModuleManager: Shutting down and abandoning module ImmediatePhysicsEditor (278)
[2018.07.10-07.06.48:873][989]LogModuleManager: Shutting down and abandoning module ImmediatePhysics (276)
[2018.07.10-07.06.48:883][989]LogModuleManager: Shutting down and abandoning module ActorSequence (274)
[2018.07.10-07.06.48:883][989]LogModuleManager: Shutting down and abandoning module UdpMessaging (272)
[2018.07.10-07.06.48:992][989]LogModuleManager: Shutting down and abandoning module TcpMessaging (270)
[2018.07.10-07.06.49:099][989]LogModuleManager: Shutting down and abandoning module GameplayTagsEditor (268)
[2018.07.10-07.06.49:109][989]LogModuleManager: Shutting down and abandoning module FacialAnimationEditor (266)
[2018.07.10-07.06.49:109][989]LogModuleManager: Shutting down and abandoning module FacialAnimation (264)
[2018.07.10-07.06.49:109][989]LogModuleManager: Shutting down and abandoning module DataValidation (262)
[2018.07.10-07.06.49:115][989]LogModuleManager: Shutting down and abandoning module AssetManagerEditor (260)
[2018.07.10-07.06.49:129][989]LogModuleManager: Shutting down and abandoning module LevelEditor (259)
[2018.07.10-07.06.49:159][989]LogModuleManager: Shutting down and abandoning module PixelInspectorModule (258)
[2018.07.10-07.06.49:174][989]LogModuleManager: Shutting down and abandoning module CommonMenuExtensions (256)
[2018.07.10-07.06.49:174][989]LogModuleManager: Shutting down and abandoning module MainFrame (254)
[2018.07.10-07.06.49:174][989]LogModuleManager: Shutting down and abandoning module HotReload (253)
[2018.07.10-07.06.49:184][989]LogModuleManager: Shutting down and abandoning module ContentBrowser (249)
[2018.07.10-07.06.49:185][989]LogModuleManager: Shutting down and abandoning module TreeMap (247)
[2018.07.10-07.06.49:192][989]LogModuleManager: Shutting down and abandoning module LightPropagationVolumeRuntime (244)
[2018.07.10-07.06.49:192][989]LogModuleManager: Shutting down and abandoning module LiveLinkEditor (242)
[2018.07.10-07.06.49:203][989]LogModuleManager: Shutting down and abandoning module LiveLink (240)
[2018.07.10-07.06.49:885][989]LogModuleManager: Shutting down and abandoning module Paper2D (238)
[2018.07.10-07.06.49:957][989]LogModuleManager: Shutting down and abandoning module WindowsMoviePlayer (236)
[2018.07.10-07.06.49:965][989]LogModuleManager: Shutting down and abandoning module WmfMedia (234)
[2018.07.10-07.06.49:973][989]LogModuleManager: Shutting down and abandoning module Media (233)
[2018.07.10-07.06.49:980][989]LogModuleManager: Shutting down and abandoning module PacketHandler (230)
[2018.07.10-07.06.49:980][989]LogModuleManager: Shutting down and abandoning module ClothingSystemEditor (228)
[2018.07.10-07.06.49:980][989]LogModuleManager: Shutting down and abandoning module ClothingSystemRuntime (226)
[2018.07.10-07.06.49:993][989]LogModuleManager: Shutting down and abandoning module MediaAssets (224)
[2018.07.10-07.06.49:993][989]LogModuleManager: Shutting down and abandoning module Overlay (222)
[2018.07.10-07.06.49:993][989]LogModuleManager: Shutting down and abandoning module OverlayEditor (221)
[2018.07.10-07.06.49:993][989]LogModuleManager: Shutting down and abandoning module VREditor (218)
[2018.07.10-07.06.50:015][989]LogModuleManager: Shutting down and abandoning module StringTableEditor (216)
[2018.07.10-07.06.50:015][989]LogModuleManager: Shutting down and abandoning module GameplayTasksEditor (214)
[2018.07.10-07.06.50:015][989]LogModuleManager: Shutting down and abandoning module BehaviorTreeEditor (212)
[2018.07.10-07.06.50:037][989]LogModuleManager: Shutting down and abandoning module FunctionalTesting (210)
[2018.07.10-07.06.50:045][989]LogModuleManager: Shutting down and abandoning module CollisionAnalyzer (208)
[2018.07.10-07.06.50:049][989]LogModuleManager: Shutting down and abandoning module WorkspaceMenuStructure (207)
[2018.07.10-07.06.50:053][989]LogModuleManager: Shutting down and abandoning module UMG (204)
[2018.07.10-07.06.50:053][989]LogModuleManager: Shutting down and abandoning module UMGEditor (203)
[2018.07.10-07.06.50:080][989]LogModuleManager: Shutting down and abandoning module Sequencer (202)
[2018.07.10-07.06.50:105][989]LogModuleManager: Shutting down and abandoning module MessageLog (199)
[2018.07.10-07.06.50:109][989]LogModuleManager: Shutting down and abandoning module SlateReflector (194)
[2018.07.10-07.06.50:129][989]LogModuleManager: Shutting down and abandoning module Slate (192)
[2018.07.10-07.06.50:130][989]LogModuleManager: Shutting down and abandoning module EditorStyle (190)
[2018.07.10-07.06.50:136][989]LogModuleManager: Shutting down and abandoning module MRMesh (188)
[2018.07.10-07.06.50:136][989]LogModuleManager: Shutting down and abandoning module SourceCodeAccess (186)
[2018.07.10-07.06.50:136][989]LogModuleManager: Shutting down and abandoning module HeadMountedDisplay (184)
[2018.07.10-07.06.50:136][989]LogModuleManager: Shutting down and abandoning module XAudio2 (182)
[2018.07.10-07.06.50:136][989]LogModuleManager: Shutting down and abandoning module Networking (180)
[2018.07.10-07.06.50:136][989]LogModuleManager: Shutting down and abandoning module Core (178)
[2018.07.10-07.06.50:136][989]LogModuleManager: Shutting down and abandoning module LevelSequence (176)
[2018.07.10-07.06.50:146][989]LogModuleManager: Shutting down and abandoning module KismetCompiler (174)
[2018.07.10-07.06.50:146][989]LogModuleManager: Shutting down and abandoning module MeshUtilities (172)
[2018.07.10-07.06.50:167][989]LogModuleManager: Shutting down and abandoning module MeshMergeUtilities (171)
[2018.07.10-07.06.50:167][989]LogModuleManager: Shutting down and abandoning module MeshReductionInterface (170)
[2018.07.10-07.06.50:167][989]LogModuleManager: Shutting down and abandoning module SimplygonSwarm (169)
[2018.07.10-07.06.50:171][989]LogModuleManager: Shutting down and abandoning module SimplygonMeshReduction (167)
[2018.07.10-07.06.50:178][989]LogModuleManager: Shutting down and abandoning module QuadricMeshReduction (165)
[2018.07.10-07.06.50:184][989]LogModuleManager: Shutting down and abandoning module MaterialBaking (161)
[2018.07.10-07.06.50:194][989]LogModuleManager: Shutting down and abandoning module DirectoryWatcher (157)
[2018.07.10-07.06.50:195][989]LogModuleManager: Shutting down and abandoning module DerivedDataCache (154)
[2018.07.10-07.06.50:262][989]LogDerivedDataCache: Shutdown
[2018.07.10-07.06.50:262][989]LogModuleManager: Shutting down and abandoning module XGEController (152)
[2018.07.10-07.06.50:265][989]LogXGEController: Cleaning working directory: C:/Users/gmatt/AppData/Local/Temp/UnrealXGEWorkingDir/
[2018.07.10-07.06.50:271][989]LogModuleManager: Shutting down and abandoning module TargetPlatform (150)
[2018.07.10-07.06.50:271][989]LogModuleManager: Shutting down and abandoning module VulkanShaderFormat (149)
[2018.07.10-07.06.50:278][989]LogModuleManager: Shutting down and abandoning module ShaderFormatVectorVM (147)
[2018.07.10-07.06.50:285][989]LogModuleManager: Shutting down and abandoning module ShaderFormatOpenGL (145)
[2018.07.10-07.06.50:292][989]LogModuleManager: Shutting down and abandoning module ShaderFormatD3D (143)
[2018.07.10-07.06.50:300][989]LogModuleManager: Shutting down and abandoning module MetalShaderFormat (141)
[2018.07.10-07.06.50:305][989]LogModuleManager: Shutting down and abandoning module TextureFormatUncompressed (139)
[2018.07.10-07.06.50:305][989]LogModuleManager: Shutting down and abandoning module TextureFormatPVR (137)
[2018.07.10-07.06.50:305][989]LogModuleManager: Shutting down and abandoning module TextureFormatDXT (135)
[2018.07.10-07.06.50:305][989]LogModuleManager: Shutting down and abandoning module TextureFormatIntelISPCTexComp (133)
[2018.07.10-07.06.50:311][989]LogModuleManager: Shutting down and abandoning module TextureFormatASTC (131)
[2018.07.10-07.06.50:311][989]LogModuleManager: Shutting down and abandoning module ImageWrapper (130)
[2018.07.10-07.06.50:311][989]LogModuleManager: Shutting down and abandoning module TextureFormatAndroid (127)
[2018.07.10-07.06.50:311][989]LogModuleManager: Shutting down and abandoning module AudioFormatOpus (125)
[2018.07.10-07.06.50:311][989]LogModuleManager: Shutting down and abandoning module AudioFormatOgg (123)
[2018.07.10-07.06.50:311][989]LogModuleManager: Shutting down and abandoning module AudioFormatADPCM (121)
[2018.07.10-07.06.50:311][989]LogModuleManager: Shutting down and abandoning module LinuxTargetPlatform (119)
[2018.07.10-07.06.50:311][989]LogModuleManager: Shutting down and abandoning module LinuxServerTargetPlatform (117)
[2018.07.10-07.06.50:311][989]LogModuleManager: Shutting down and abandoning module LinuxNoEditorTargetPlatform (115)
[2018.07.10-07.06.50:311][989]LogModuleManager: Shutting down and abandoning module LinuxClientTargetPlatform (113)
[2018.07.10-07.06.50:311][989]LogModuleManager: Shutting down and abandoning module TVOSTargetPlatform (111)
[2018.07.10-07.06.50:311][989]LogModuleManager: Shutting down and abandoning module Messaging (109)
[2018.07.10-07.06.50:311][989]LogModuleManager: Shutting down and abandoning module IOSTargetPlatform (107)
[2018.07.10-07.06.50:311][989]LogModuleManager: Shutting down and abandoning module HTML5TargetPlatform (105)
[2018.07.10-07.06.50:317][989]LogModuleManager: Shutting down and abandoning module AndroidTargetPlatform (103)
[2018.07.10-07.06.50:317][989]LogModuleManager: Shutting down and abandoning module Android_PVRTCTargetPlatform (101)
[2018.07.10-07.06.50:317][989]LogModuleManager: Shutting down and abandoning module Android_MultiTargetPlatform (99)
[2018.07.10-07.06.50:317][989]LogModuleManager: Shutting down and abandoning module Android_ETC2TargetPlatform (97)
[2018.07.10-07.06.50:317][989]LogModuleManager: Shutting down and abandoning module Android_ETC1TargetPlatform (95)
[2018.07.10-07.06.50:317][989]LogModuleManager: Shutting down and abandoning module Android_ETC1aTargetPlatform (93)
[2018.07.10-07.06.50:317][989]LogModuleManager: Shutting down and abandoning module Android_DXTTargetPlatform (91)
[2018.07.10-07.06.50:317][989]LogModuleManager: Shutting down and abandoning module Android_ATCTargetPlatform (89)
[2018.07.10-07.06.50:317][989]LogModuleManager: Shutting down and abandoning module Android_ASTCTargetPlatform (87)
[2018.07.10-07.06.50:317][989]LogModuleManager: Shutting down and abandoning module WindowsTargetPlatform (85)
[2018.07.10-07.06.50:317][989]LogModuleManager: Shutting down and abandoning module WindowsServerTargetPlatform (83)
[2018.07.10-07.06.50:318][989]LogModuleManager: Shutting down and abandoning module WindowsNoEditorTargetPlatform (81)
[2018.07.10-07.06.50:318][989]LogModuleManager: Shutting down and abandoning module WindowsClientTargetPlatform (79)
[2018.07.10-07.06.50:318][989]LogModuleManager: Shutting down and abandoning module MacTargetPlatform (77)
[2018.07.10-07.06.50:318][989]LogModuleManager: Shutting down and abandoning module MacServerTargetPlatform (75)
[2018.07.10-07.06.50:318][989]LogModuleManager: Shutting down and abandoning module MacNoEditorTargetPlatform (73)
[2018.07.10-07.06.50:318][989]LogModuleManager: Shutting down and abandoning module MacClientTargetPlatform (71)
[2018.07.10-07.06.50:318][989]LogModuleManager: Shutting down and abandoning module AllDesktopTargetPlatform (69)
[2018.07.10-07.06.50:318][989]LogModuleManager: Shutting down and abandoning module InputCore (66)
[2018.07.10-07.06.50:318][989]LogModuleManager: Shutting down and abandoning module Settings (64)
[2018.07.10-07.06.50:318][989]LogModuleManager: Shutting down and abandoning module PhysXCooking (62)
[2018.07.10-07.06.50:318][989]LogModuleManager: Shutting down and abandoning module SteamVR (60)
[2018.07.10-07.06.50:318][989]LogModuleManager: Shutting down and abandoning module OculusHMD (58)
[2018.07.10-07.06.50:335][989]LogModuleManager: Shutting down and abandoning module ExampleDeviceProfileSelector (56)
[2018.07.10-07.06.50:335][989]LogModuleManager: Shutting down and abandoning module AppleARKit (54)
[2018.07.10-07.06.50:335][989]LogModuleManager: Shutting down and abandoning module AugmentedReality (51)
[2018.07.10-07.06.50:335][989]LogModuleManager: Shutting down and abandoning module OnlineBlueprintSupport (48)
[2018.07.10-07.06.50:335][989]LogModuleManager: Shutting down and abandoning module OnlineSubsystem (44)
[2018.07.10-07.06.50:360][989]LogModuleManager: Shutting down and abandoning module XMPP (43)
[2018.07.10-07.06.50:373][989]LogModuleManager: Shutting down and abandoning module HTTP (41)
[2018.07.10-07.06.50:419][989]LogHttp: Display: Http module shutting down, but needs to wait on 1 outstanding Http requests:
[2018.07.10-07.06.50:419][989]LogHttp: Display: 	verb=[POST] url=[https://datarouter.ol.epicgames.com/datarouter/api/v1/public/data?SessionID=%7B15AF540E-4B70-8941-C919-8588FA89EEA4%7D&AppID=UEEditor.Rocket.Release&AppVersion=4.19.2-4033788%2B%2B%2BUE4%2BRelease-4.19&UserID=8cde8c044723c2e3c9d77da1b2cc617d%7C7d91a5bed41a443ebaa5bbfad723c41c%7Ca76125e9-536e-499c-b4bb-a822387081ef&AppEnvironment=datacollector-binary&UploadType=eteventstream] status=Processing
[2018.07.10-07.06.50:426][989]LogModuleManager: Shutting down and abandoning module SSL (40)
[2018.07.10-07.06.50:444][989]LogModuleManager: Shutting down and abandoning module AnimationModifiers (36)
[2018.07.10-07.06.50:465][989]LogModuleManager: Shutting down and abandoning module PropertyEditor (35)
[2018.07.10-07.06.50:485][989]LogModuleManager: Shutting down and abandoning module AudioEditor (32)
[2018.07.10-07.06.50:501][989]LogModuleManager: Shutting down and abandoning module TextureCompressor (30)
[2018.07.10-07.06.50:525][989]LogModuleManager: Shutting down and abandoning module ShaderCore (28)
[2018.07.10-07.06.50:525][989]LogModuleManager: Shutting down and abandoning module Landscape (26)
[2018.07.10-07.06.50:526][989]LogModuleManager: Shutting down and abandoning module SlateRHIRenderer (24)
[2018.07.10-07.06.50:550][989]LogModuleManager: Shutting down and abandoning module OpenGLDrv (22)
[2018.07.10-07.06.50:567][989]LogModuleManager: Shutting down and abandoning module D3D11RHI (20)
[2018.07.10-07.06.50:567][989]LogModuleManager: Shutting down and abandoning module AnimGraphRuntime (18)
[2018.07.10-07.06.50:575][989]LogModuleManager: Shutting down and abandoning module Renderer (16)
[2018.07.10-07.06.50:575][989]LogModuleManager: Shutting down and abandoning module Engine (14)
[2018.07.10-07.06.50:575][989]LogModuleManager: Shutting down and abandoning module CoreUObject (12)
[2018.07.10-07.06.50:575][989]LogModuleManager: Shutting down and abandoning module NetworkFile (10)
[2018.07.10-07.06.50:584][989]LogModuleManager: Shutting down and abandoning module CookedIterativeFile (8)
[2018.07.10-07.06.50:584][989]LogModuleManager: Shutting down and abandoning module StreamingFile (6)
[2018.07.10-07.06.50:593][989]LogModuleManager: Shutting down and abandoning module SandboxFile (4)
[2018.07.10-07.06.50:603][989]LogModuleManager: Shutting down and abandoning module PakFile (2)
[2018.07.10-07.06.50:621][989]LogExit: Exiting.
[2018.07.10-07.06.50:641][989]Log file closed, 07/10/18 17:06:50
