Log file open, 06/17/18 14:18:55
LogWindows: Failed to load 'aqProf.dll' (GetLastError=126)
LogWindows: File 'aqProf.dll' does not exist
LogWindows: Failed to load 'VSPerf140.dll' (GetLastError=126)
LogWindows: File 'VSPerf140.dll' does not exist
LogWindows: Failed to load 'VtuneApi.dll' (GetLastError=126)
LogWindows: File 'VtuneApi.dll' does not exist
LogWindows: Failed to load 'VtuneApi32e.dll' (GetLastError=126)
LogWindows: File 'VtuneApi32e.dll' does not exist
LogInit: Display: Running engine for game: Studio2Level
LogPlatformFile: Not using cached read wrapper
LogInit: Display: RandInit(126984639) SRandInit(126984639).
LogInit: Read version file with build ID '3709383'
LogInit: Overriding engine version to CL 3832480, compatible CL 3709383
LogInit: Registered custom module enumerator with build ID '3709383'
LogTaskGraph: Started task graph with 5 named threads and 26 total threads with 3 sets of task threads.
LogStats: Stats thread started at 0.336492
LogD3D11RHI: Aftermath initialized
LogModuleManager: Display: Found up-to-date module file ../../../Engine/Plugins/2D/Paper2D/Binaries/Win64/UE4Editor-Paper2D.dll (API version 3709383).
LogModuleManager: Display: Found up-to-date module file ../../../Engine/Plugins/2D/Paper2D/Binaries/Win64/UE4Editor-Paper2DEditor.dll (API version 3709383).
LogModuleManager: Display: Found up-to-date module file ../../../Engine/Plugins/2D/Paper2D/Binaries/Win64/UE4Editor-PaperSpriteSheetImporter.dll (API version 3709383).
LogModuleManager: Display: Found up-to-date module file ../../../Engine/Plugins/2D/Paper2D/Binaries/Win64/UE4Editor-PaperTiledImporter.dll (API version 3709383).
LogModuleManager: Display: Found up-to-date module file ../../../Engine/Plugins/2D/Paper2D/Binaries/Win64/UE4Editor-SmartSnapping.dll (API version 3709383).
LogModuleManager: Display: Found up-to-date module file ../../../Engine/Plugins/Blendables/LightPropagationVolume/Binaries/Win64/UE4Editor-LightPropagationVolumeRuntime.dll (API version 3709383).
LogModuleManager: Display: Found up-to-date module file ../../../Engine/Plugins/Blendables/LightPropagationVolume/Binaries/Win64/UE4Editor-LightPropagationVolumeEditor.dll (API version 3709383).
LogModuleManager: Display: Found up-to-date module file ../../../Engine/Plugins/Developer/GitSourceControl/Binaries/Win64/UE4Editor-GitSourceControl.dll (API version 3709383).
LogModuleManager: Display: Found up-to-date module file ../../../Engine/Plugins/Developer/PerforceSourceControl/Binaries/Win64/UE4Editor-PerforceSourceControl.dll (API version 3709383).
LogModuleManager: Display: Found up-to-date module file ../../../Engine/Plugins/Developer/SubversionSourceControl/Binaries/Win64/UE4Editor-SubversionSourceControl.dll (API version 3709383).
LogModuleManager: Display: Found up-to-date module file ../../../Engine/Plugins/Developer/UObjectPlugin/Binaries/Win64/UE4Editor-UObjectPlugin.dll (API version 3709383).
LogModuleManager: Display: Found up-to-date module file ../../../Engine/Plugins/Developer/VisualStudioCodeSourceCodeAccess/Binaries/Win64/UE4Editor-VisualStudioCodeSourceCodeAccess.dll (API version 3709383).
LogModuleManager: Display: Found up-to-date module file ../../../Engine/Plugins/Developer/VisualStudioSourceCodeAccess/Binaries/Win64/UE4Editor-VisualStudioSourceCodeAccess.dll (API version 3709383).
LogModuleManager: Display: Found up-to-date module file ../../../Engine/Plugins/Editor/AssetManagerEditor/Binaries/Win64/UE4Editor-AssetManagerEditor.dll (API version 3709383).
LogModuleManager: Display: Found up-to-date module file ../../../Engine/Plugins/Editor/AudioCapture/Binaries/Win64/UE4Editor-AudioCapture.dll (API version 3709383).
LogModuleManager: Display: Found up-to-date module file ../../../Engine/Plugins/Editor/FacialAnimation/Binaries/Win64/UE4Editor-FacialAnimation.dll (API version 3709383).
LogModuleManager: Display: Found up-to-date module file ../../../Engine/Plugins/Editor/FacialAnimation/Binaries/Win64/UE4Editor-FacialAnimationEditor.dll (API version 3709383).
LogModuleManager: Display: Found up-to-date module file ../../../Engine/Plugins/Editor/GameplayTagsEditor/Binaries/Win64/UE4Editor-GameplayTagsEditor.dll (API version 3709383).
LogModuleManager: Display: Found up-to-date module file ../../../Engine/Plugins/Editor/MobileLauncherProfileWizard/Binaries/Win64/UE4Editor-MobileLauncherProfileWizard.dll (API version 3709383).
LogModuleManager: Display: Found up-to-date module file ../../../Engine/Plugins/Editor/PluginBrowser/Binaries/Win64/UE4Editor-PluginBrowser.dll (API version 3709383).
LogModuleManager: Display: Found up-to-date module file ../../../Engine/Plugins/Editor/SpeedTreeImporter/Binaries/Win64/UE4Editor-SpeedTreeImporter.dll (API version 3709383).
LogModuleManager: Display: Found up-to-date module file ../../../Engine/Plugins/Experimental/AlembicImporter/Binaries/Win64/UE4Editor-AlembicImporter.dll (API version 3709383).
LogModuleManager: Display: Found up-to-date module file ../../../Engine/Plugins/Experimental/AlembicImporter/Binaries/Win64/UE4Editor-AlembicLibrary.dll (API version 3709383).
LogModuleManager: Display: Found up-to-date module file ../../../Engine/Plugins/Experimental/CharacterAI/Binaries/Win64/UE4Editor-CharacterAI.dll (API version 3709383).
LogModuleManager: Display: Found up-to-date module file ../../../Engine/Plugins/Experimental/HTML5Networking/Binaries/Win64/UE4Editor-HTML5Networking.dll (API version 3709383).
LogModuleManager: Display: Found up-to-date module file ../../../Engine/Plugins/Media/AndroidMedia/Binaries/Win64/UE4Editor-AndroidMediaEditor.dll (API version 3709383).
LogModuleManager: Display: Found up-to-date module file ../../../Engine/Plugins/Media/AndroidMedia/Binaries/Win64/UE4Editor-AndroidMediaFactory.dll (API version 3709383).
LogModuleManager: Display: Found up-to-date module file ../../../Engine/Plugins/Media/AvfMedia/Binaries/Win64/UE4Editor-AvfMediaEditor.dll (API version 3709383).
LogModuleManager: Display: Found up-to-date module file ../../../Engine/Plugins/Media/AvfMedia/Binaries/Win64/UE4Editor-AvfMediaFactory.dll (API version 3709383).
LogModuleManager: Display: Found up-to-date module file ../../../Engine/Plugins/Media/AvfMedia/Binaries/Win64/UE4Editor-AvfMediaFactory.dll (API version 3709383).
LogModuleManager: Display: Found up-to-date module file ../../../Engine/Plugins/Media/ImgMedia/Binaries/Win64/UE4Editor-ImgMedia.dll (API version 3709383).
LogModuleManager: Display: Found up-to-date module file ../../../Engine/Plugins/Media/ImgMedia/Binaries/Win64/UE4Editor-ImgMediaEditor.dll (API version 3709383).
LogModuleManager: Display: Found up-to-date module file ../../../Engine/Plugins/Media/ImgMedia/Binaries/Win64/UE4Editor-ImgMediaFactory.dll (API version 3709383).
LogModuleManager: Display: Found up-to-date module file ../../../Engine/Plugins/Media/ImgMedia/Binaries/Win64/UE4Editor-ImgMediaFactory.dll (API version 3709383).
LogModuleManager: Display: Found up-to-date module file ../../../Engine/Plugins/Media/ImgMedia/Binaries/Win64/UE4Editor-OpenExrWrapper.dll (API version 3709383).
LogModuleManager: Display: Found up-to-date module file ../../../Engine/Plugins/Media/MediaCompositing/Binaries/Win64/UE4Editor-MediaCompositing.dll (API version 3709383).
LogModuleManager: Display: Found up-to-date module file ../../../Engine/Plugins/Media/MediaCompositing/Binaries/Win64/UE4Editor-MediaCompositingEditor.dll (API version 3709383).
LogModuleManager: Display: Found up-to-date module file ../../../Engine/Plugins/Media/MediaPlayerEditor/Binaries/Win64/UE4Editor-MediaPlayerEditor.dll (API version 3709383).
LogModuleManager: Display: Found up-to-date module file ../../../Engine/Plugins/Media/WmfMedia/Binaries/Win64/UE4Editor-WmfMedia.dll (API version 3709383).
LogModuleManager: Display: Found up-to-date module file ../../../Engine/Plugins/Media/WmfMedia/Binaries/Win64/UE4Editor-WmfMediaEditor.dll (API version 3709383).
LogModuleManager: Display: Found up-to-date module file ../../../Engine/Plugins/Media/WmfMedia/Binaries/Win64/UE4Editor-WmfMediaFactory.dll (API version 3709383).
LogModuleManager: Display: Found up-to-date module file ../../../Engine/Plugins/Media/WmfMedia/Binaries/Win64/UE4Editor-WmfMediaFactory.dll (API version 3709383).
LogModuleManager: Display: Found up-to-date module file ../../../Engine/Plugins/Messaging/TcpMessaging/Binaries/Win64/UE4Editor-TcpMessaging.dll (API version 3709383).
LogModuleManager: Display: Found up-to-date module file ../../../Engine/Plugins/Messaging/UdpMessaging/Binaries/Win64/UE4Editor-UdpMessaging.dll (API version 3709383).
LogModuleManager: Display: Found up-to-date module file ../../../Engine/Plugins/MovieScene/ActorSequence/Binaries/Win64/UE4Editor-ActorSequence.dll (API version 3709383).
LogModuleManager: Display: Found up-to-date module file ../../../Engine/Plugins/MovieScene/LevelSequenceEditor/Binaries/Win64/UE4Editor-LevelSequenceEditor.dll (API version 3709383).
LogModuleManager: Display: Found up-to-date module file ../../../Engine/Plugins/MovieScene/MatineeToLevelSequence/Binaries/Win64/UE4Editor-MatineeToLevelSequence.dll (API version 3709383).
LogModuleManager: Display: Found up-to-date module file ../../../Engine/Plugins/Online/OnlineSubsystem/Binaries/Win64/UE4Editor-OnlineSubsystem.dll (API version 3709383).
LogModuleManager: Display: Found up-to-date module file ../../../Engine/Plugins/Runtime/AndroidPermission/Binaries/Win64/UE4Editor-AndroidPermission.dll (API version 3709383).
LogModuleManager: Display: Found up-to-date module file ../../../Engine/Plugins/Online/OnlineSubsystemNull/Binaries/Win64/UE4Editor-OnlineSubsystemNull.dll (API version 3709383).
LogModuleManager: Display: Found up-to-date module file ../../../Engine/Plugins/Online/OnlineSubsystemUtils/Binaries/Win64/UE4Editor-OnlineSubsystemUtils.dll (API version 3709383).
LogModuleManager: Display: Found up-to-date module file ../../../Engine/Plugins/Online/OnlineSubsystemUtils/Binaries/Win64/UE4Editor-OnlineBlueprintSupport.dll (API version 3709383).
LogModuleManager: Display: Found up-to-date module file ../../../Engine/Plugins/Runtime/AndroidDeviceProfileSelector/Binaries/Win64/UE4Editor-AndroidDeviceProfileSelector.dll (API version 3709383).
LogModuleManager: Display: Found up-to-date module file ../../../Engine/Plugins/Runtime/AppleARKit/Binaries/Win64/UE4Editor-AppleARKit.dll (API version 3709383).
LogModuleManager: Display: Found up-to-date module file ../../../Engine/Plugins/Runtime/ArchVisCharacter/Binaries/Win64/UE4Editor-ArchVisCharacter.dll (API version 3709383).
LogModuleManager: Display: Found up-to-date module file ../../../Engine/Plugins/Runtime/CableComponent/Binaries/Win64/UE4Editor-CableComponent.dll (API version 3709383).
LogModuleManager: Display: Found up-to-date module file ../../../Engine/Plugins/Runtime/CustomMeshComponent/Binaries/Win64/UE4Editor-CustomMeshComponent.dll (API version 3709383).
LogModuleManager: Display: Found up-to-date module file ../../../Engine/Plugins/Runtime/ExampleDeviceProfileSelector/Binaries/Win64/UE4Editor-ExampleDeviceProfileSelector.dll (API version 3709383).
LogModuleManager: Display: Found up-to-date module file ../../../Engine/Plugins/Runtime/ImmediatePhysics/Binaries/Win64/UE4Editor-ImmediatePhysics.dll (API version 3709383).
LogModuleManager: Display: Found up-to-date module file ../../../Engine/Plugins/Runtime/ImmediatePhysics/Binaries/Win64/UE4Editor-ImmediatePhysicsEditor.dll (API version 3709383).
LogModuleManager: Display: Found up-to-date module file ../../../Engine/Plugins/Runtime/LocationServicesBPLibrary/Binaries/Win64/UE4Editor-LocationServicesBPLibrary.dll (API version 3709383).
LogModuleManager: Display: Found up-to-date module file ../../../Engine/Plugins/Runtime/MobilePatchingUtils/Binaries/Win64/UE4Editor-MobilePatchingUtils.dll (API version 3709383).
LogModuleManager: Display: Found up-to-date module file ../../../Engine/Plugins/Runtime/Oculus/OculusVR/Binaries/Win64/UE4Editor-OculusHMD.dll (API version 3709383).
LogModuleManager: Display: Found up-to-date module file ../../../Engine/Plugins/Runtime/Oculus/OculusVR/Binaries/Win64/UE4Editor-OculusInput.dll (API version 3709383).
LogModuleManager: Display: Found up-to-date module file ../../../Engine/Plugins/Runtime/Oculus/OculusVR/Binaries/Win64/UE4Editor-OculusEditor.dll (API version 3709383).
LogModuleManager: Display: Found up-to-date module file ../../../Engine/Plugins/Runtime/PhysXVehicles/Binaries/Win64/UE4Editor-PhysXVehicles.dll (API version 3709383).
LogModuleManager: Display: Found up-to-date module file ../../../Engine/Plugins/Runtime/PhysXVehicles/Binaries/Win64/UE4Editor-PhysXVehiclesEditor.dll (API version 3709383).
LogModuleManager: Display: Found up-to-date module file ../../../Engine/Plugins/Runtime/ProceduralMeshComponent/Binaries/Win64/UE4Editor-ProceduralMeshComponent.dll (API version 3709383).
LogModuleManager: Display: Found up-to-date module file ../../../Engine/Plugins/Runtime/ProceduralMeshComponent/Binaries/Win64/UE4Editor-ProceduralMeshComponentEditor.dll (API version 3709383).
LogModuleManager: Display: Found up-to-date module file ../../../Engine/Plugins/Runtime/RuntimePhysXCooking/Binaries/Win64/UE4Editor-RuntimePhysXCooking.dll (API version 3709383).
LogModuleManager: Display: Found up-to-date module file ../../../Engine/Plugins/Runtime/Steam/SteamVR/Binaries/Win64/UE4Editor-SteamVR.dll (API version 3709383).
LogModuleManager: Display: Found up-to-date module file ../../../Engine/Plugins/Runtime/Steam/SteamVR/Binaries/Win64/UE4Editor-SteamVRController.dll (API version 3709383).
LogModuleManager: Display: Found up-to-date module file ../../../Engine/Plugins/Runtime/WindowsMoviePlayer/Binaries/Win64/UE4Editor-WindowsMoviePlayer.dll (API version 3709383).
LogPluginManager: Mounting plugin Paper2D
LogPluginManager: Mounting plugin LightPropagationVolume
LogPluginManager: Mounting plugin CodeLiteSourceCodeAccess
LogPluginManager: Mounting plugin GitSourceControl
LogPluginManager: Mounting plugin KDevelopSourceCodeAccess
LogPluginManager: Mounting plugin NullSourceCodeAccess
LogPluginManager: Mounting plugin PerforceSourceControl
LogPluginManager: Mounting plugin SubversionSourceControl
LogPluginManager: Mounting plugin UObjectPlugin
LogPluginManager: Mounting plugin VisualStudioCodeSourceCodeAccess
LogPluginManager: Mounting plugin VisualStudioSourceCodeAccess
LogPluginManager: Mounting plugin XCodeSourceCodeAccess
LogPluginManager: Mounting plugin AssetManagerEditor
LogPluginManager: Mounting plugin AudioCapture
LogPluginManager: Mounting plugin FacialAnimation
LogPluginManager: Mounting plugin GameplayTagsEditor
LogPluginManager: Mounting plugin MobileLauncherProfileWizard
LogPluginManager: Mounting plugin PluginBrowser
LogPluginManager: Mounting plugin SpeedTreeImporter
LogPluginManager: Mounting plugin AlembicImporter
LogPluginManager: Mounting plugin CharacterAI
LogPluginManager: Mounting plugin HTML5Networking
LogPluginManager: Mounting plugin AndroidMedia
LogPluginManager: Mounting plugin AvfMedia
LogPluginManager: Mounting plugin ImgMedia
LogPluginManager: Mounting plugin MediaCompositing
LogPluginManager: Mounting plugin MediaPlayerEditor
LogPluginManager: Mounting plugin WmfMedia
LogPluginManager: Mounting plugin TcpMessaging
LogPluginManager: Mounting plugin UdpMessaging
LogPluginManager: Mounting plugin ActorSequence
LogPluginManager: Mounting plugin LevelSequenceEditor
LogPluginManager: Mounting plugin MatineeToLevelSequence
LogPluginManager: Mounting plugin OnlineSubsystemGooglePlay
LogPluginManager: Mounting plugin OnlineSubsystemIOS
LogPluginManager: Mounting plugin OnlineSubsystem
LogPluginManager: Mounting plugin OnlineSubsystemNull
LogPluginManager: Mounting plugin OnlineSubsystemUtils
LogPluginManager: Mounting plugin AndroidDeviceProfileSelector
LogPluginManager: Mounting plugin AndroidMoviePlayer
LogPluginManager: Mounting plugin AndroidPermission
LogPluginManager: Mounting plugin AppleARKit
LogPluginManager: Mounting plugin AppleMoviePlayer
LogPluginManager: Mounting plugin ArchVisCharacter
LogPluginManager: Mounting plugin CableComponent
LogPluginManager: Mounting plugin CustomMeshComponent
LogPluginManager: Mounting plugin ExampleDeviceProfileSelector
LogPluginManager: Mounting plugin GoogleCloudMessaging
LogPluginManager: Mounting plugin ImmediatePhysics
LogPluginManager: Mounting plugin IOSDeviceProfileSelector
LogPluginManager: Mounting plugin LinuxDeviceProfileSelector
LogPluginManager: Mounting plugin LocationServicesBPLibrary
LogPluginManager: Mounting plugin MobilePatchingUtils
LogPluginManager: Mounting plugin OculusVR
LogPluginManager: Plugin shader directory ../../../Engine/Plugins/Runtime/Oculus/OculusVR/Shaders found
LogPluginManager: Mapping shader source directory ../../../Engine/Plugins/Runtime/Oculus/OculusVR/Shaders to virtual directory /Plugin/OculusVR
LogPluginManager: Mounting plugin PhysXVehicles
LogPluginManager: Mounting plugin ProceduralMeshComponent
LogPluginManager: Mounting plugin RuntimePhysXCooking
LogPluginManager: Mounting plugin SteamVR
LogPluginManager: Mounting plugin WindowsMoviePlayer
LogInit: Using libcurl 7.47.1
LogInit:  - built for x86_64-pc-win32
LogInit:  - supports SSL with OpenSSL/1.0.2g
LogInit:  - supports HTTP deflate (compression) using libz 1.2.8
LogInit:  - other features:
LogInit:      CURL_VERSION_SSL
LogInit:      CURL_VERSION_LIBZ
LogInit:      CURL_VERSION_IPV6
LogInit:      CURL_VERSION_ASYNCHDNS
LogInit:      CURL_VERSION_LARGEFILE
LogInit:      CURL_VERSION_IDN
LogInit:  CurlRequestOptions (configurable via config and command line):
LogInit:  - bVerifyPeer = false  - Libcurl will NOT verify peer certificate
LogInit:  - bUseHttpProxy = false  - Libcurl will NOT use HTTP proxy
LogInit:  - bDontReuseConnections = false  - Libcurl will reuse connections
LogInit:  - CertBundlePath = nullptr  - Libcurl will use whatever was configured at build time.
LogInit: Build: ++UE4+Release-4.18-CL-3832480
LogInit: Engine Version: 4.18.3-3832480+++UE4+Release-4.18
LogInit: Compatible Engine Version: 4.18.0-3709383+++UE4+Release-4.18
LogInit: Net CL: 3709383
LogDevObjectVersion: Number of dev versions registered: 16
LogDevObjectVersion:   Dev-Blueprints (B0D832E4-1F89-4F0D-ACCF-7EB736FD4AA2): 10
LogDevObjectVersion:   Dev-Build (E1C64328-A22C-4D53-A36C-8E866417BD8C): 0
LogDevObjectVersion:   Dev-Core (375EC13C-06E4-48FB-B500-84F0262A717E): 2
LogDevObjectVersion:   Dev-Editor (E4B068ED-F494-42E9-A231-DA0B2E46BB41): 20
LogDevObjectVersion:   Dev-Framework (CFFC743F-43B0-4480-9391-14DF171D2073): 30
LogDevObjectVersion:   Dev-Mobile (B02B49B5-BB20-44E9-A304-32B752E40360): 0
LogDevObjectVersion:   Dev-Networking (A4E4105C-59A1-49B5-A7C5-40C4547EDFEE): 0
LogDevObjectVersion:   Dev-Online (39C831C9-5AE6-47DC-9A44-9C173E1C8E7C): 0
LogDevObjectVersion:   Dev-Physics (78F01B33-EBEA-4F98-B9B4-84EACCB95AA2): 0
LogDevObjectVersion:   Dev-Platform (6631380F-2D4D-43E0-8009-CF276956A95A): 0
LogDevObjectVersion:   Dev-Rendering (12F88B9F-8875-4AFC-A67C-D90C383ABD29): 20
LogDevObjectVersion:   Dev-Sequencer (7B5AE74C-D270-4C10-A958-57980B212A5A): 4
LogDevObjectVersion:   Dev-VR (D7296918-1DD6-4BDD-9DE2-64A83CC13884): 0
LogDevObjectVersion:   Dev-LoadTimes (C2A15278-BFE7-4AFE-6C17-90FF531DF755): 1
LogDevObjectVersion:   Private-Geometry (6EACA3D4-40EC-4CC1-B786-8BED09428FC5): 1
LogDevObjectVersion:   Dev-AnimPhys (29E575DD-E0A3-4627-9D10-D276232CDCEA): 12
LogInit: Compiled (64-bit): Jan 12 2018 02:04:55
LogInit: Compiled with Visual C++: 19.00.24215.01
LogInit: Build Configuration: Development
LogInit: Branch Name: ++UE4+Release-4.18
LogInit: Command line: -EpicPortal 
LogInit: Base directory: D:/Unreal/UE_4.18/Engine/Binaries/Win64/
LogInit: Installed Engine Build: 1
LogInit: Presizing for max 8388607 objects, including 0 objects not considered by GC, pre-allocating 0 bytes for permanent pool.
LogInit: Object subsystem initialized
[2018.06.17-04.18.57:700][  0]LogInit: Selected Device Profile: [Windows]
[2018.06.17-04.18.57:700][  0]LogInit: Applying CVar settings loaded from the selected device profile: [Windows]
[2018.06.17-04.18.57:851][  0]LogInit: Computer: DESKTOP-8IL7QBE
[2018.06.17-04.18.57:851][  0]LogInit: User: lukes
[2018.06.17-04.18.57:851][  0]LogInit: CPU Page size=4096, Cores=8
[2018.06.17-04.18.57:851][  0]LogInit: High frequency timer resolution =2.929744 MHz
[2018.06.17-04.18.57:851][  0]LogMemory: Memory total: Physical=15.9GB (16GB approx)
[2018.06.17-04.18.57:851][  0]LogMemory: Platform Memory Stats for Windows
[2018.06.17-04.18.57:851][  0]LogMemory: Process Physical Memory: 273.87 MB used, 273.87 MB peak
[2018.06.17-04.18.57:852][  0]LogMemory: Process Virtual Memory: 270.95 MB used, 270.95 MB peak
[2018.06.17-04.18.57:852][  0]LogMemory: Physical Memory: 6018.68 MB used,  10313.82 MB free, 16332.50 MB total
[2018.06.17-04.18.57:852][  0]LogMemory: Virtual Memory: 4774.84 MB used,  10313.82 MB free, 134217728.00 MB total
[2018.06.17-04.18.57:989][  0]LogInit: Using OS detected language (en-GB).
[2018.06.17-04.18.57:989][  0]LogInit: Using OS detected locale (en-AU).
[2018.06.17-04.18.57:993][  0]LogTextLocalizationManager: No specific localization for 'en-GB' exists, so the 'en' localization will be used.
[2018.06.17-04.18.58:484][  0]LogInit: Setting process to per monitor DPI aware
[2018.06.17-04.18.58:827][  0]LogD3D11RHI: D3D11 adapters:
[2018.06.17-04.18.58:857][  0]LogD3D11RHI:    0. 'Radeon RX 550 Series' (Feature Level 11_0)
[2018.06.17-04.18.58:857][  0]LogD3D11RHI:       1994/0/8166 MB DedicatedVideo/DedicatedSystem/SharedSystem, Outputs:1, VendorId:0x1002
[2018.06.17-04.18.58:860][  0]LogD3D11RHI:    1. 'Microsoft Basic Render Driver' (Feature Level 11_0)
[2018.06.17-04.18.58:860][  0]LogD3D11RHI:       0/0/8166 MB DedicatedVideo/DedicatedSystem/SharedSystem, Outputs:0, VendorId:0x1414
[2018.06.17-04.18.58:860][  0]LogD3D11RHI: Chosen D3D11 Adapter: 0
[2018.06.17-04.18.58:869][  0]LogD3D11RHI: Creating new Direct3DDevice
[2018.06.17-04.18.58:869][  0]LogD3D11RHI:     GPU DeviceId: 0x699f (for the marketing name, search the web for "GPU Device Id")
[2018.06.17-04.18.58:869][  0]LogWindows: EnumDisplayDevices:
[2018.06.17-04.18.58:869][  0]LogWindows:    0. 'Radeon RX 550 Series' (P:1 D:1)
[2018.06.17-04.18.58:869][  0]LogWindows:    1. 'Radeon RX 550 Series' (P:0 D:0)
[2018.06.17-04.18.58:869][  0]LogWindows:    2. 'Radeon RX 550 Series' (P:0 D:0)
[2018.06.17-04.18.58:869][  0]LogWindows:    3. 'Radeon RX 550 Series' (P:0 D:0)
[2018.06.17-04.18.58:870][  0]LogWindows:    4. 'Radeon RX 550 Series' (P:0 D:0)
[2018.06.17-04.18.58:870][  0]LogWindows:    5. 'Radeon RX 550 Series' (P:0 D:0)
[2018.06.17-04.18.58:870][  0]LogWindows:    6. 'Radeon RX 550 Series' (P:0 D:0)
[2018.06.17-04.18.58:870][  0]LogWindows:    7. 'Radeon RX 550 Series' (P:0 D:0)
[2018.06.17-04.18.58:870][  0]LogWindows:    8. 'Radeon RX 550 Series' (P:0 D:0)
[2018.06.17-04.18.58:871][  0]LogWindows:    9. 'Radeon RX 550 Series' (P:0 D:0)
[2018.06.17-04.18.58:871][  0]LogWindows:    10. 'Radeon RX 550 Series' (P:0 D:0)
[2018.06.17-04.18.58:871][  0]LogWindows:    11. 'Radeon RX 550 Series' (P:0 D:0)
[2018.06.17-04.18.58:871][  0]LogWindows:    12. 'Radeon RX 550 Series' (P:0 D:0)
[2018.06.17-04.18.58:871][  0]LogWindows:    13. 'Radeon RX 550 Series' (P:0 D:0)
[2018.06.17-04.18.58:872][  0]LogWindows:    14. 'Radeon RX 550 Series' (P:0 D:0)
[2018.06.17-04.18.58:872][  0]LogWindows:    15. 'Radeon RX 550 Series' (P:0 D:0)
[2018.06.17-04.18.58:872][  0]LogWindows: DebugString: GetVideoDriverDetailsInvalid PrimaryIsNotTheChoosenAdapter GetVideoDriverDetailsInvalid PrimaryIsNotTheChoosenAdapter GetVideoDriverDetailsInvalid PrimaryIsNotTheChoosenAdapter GetVideoDriverDetailsInvalid PrimaryIsNotTheChoosenAdapter GetVideoDriverDetailsInvalid PrimaryIsNotTheChoosenAdapter GetVideoDriverDetailsInvalid PrimaryIsNotTheChoosenAdapter GetVideoDriverDetailsInvalid PrimaryIsNotTheChoosenAdapter GetVideoDriverDetailsInvalid PrimaryIsNotTheChoosenAdapter GetVideoDriverDetailsInvalid PrimaryIsNotTheChoosenAdapter GetVideoDriverDetailsInvalid PrimaryIsNotTheChoosenAdapter GetVideoDriverDetailsInvalid PrimaryIsNotTheChoosenAdapter GetVideoDriverDetailsInvalid PrimaryIsNotTheChoosenAdapter GetVideoDriverDetailsInvalid PrimaryIsNotTheChoosenAdapter GetVideoDriverDetailsInvalid PrimaryIsNotTheChoosenAdapter GetVideoDriverDetailsInvalid PrimaryIsNotTheChoosenAdapter GetVideoDriverDetailsInvalid PrimaryIsNotTheChoosenAdapter FoundDriverCount:0 
[2018.06.17-04.18.58:872][  0]LogD3D11RHI:     Adapter Name: Radeon RX 550 Series
[2018.06.17-04.18.58:872][  0]LogD3D11RHI:   Driver Version: Unknown (internal:Unknown, unified:Unknown)
[2018.06.17-04.18.58:872][  0]LogD3D11RHI:      Driver Date: Unknown
[2018.06.17-04.18.58:872][  0]LogRHI: Texture pool is 1395 MB (70% of 1994 MB)
[2018.06.17-04.18.58:959][  0]LogD3D11RHI: Async texture creation enabled
[2018.06.17-04.18.58:971][  0]LogD3D11RHI: GPU Timing Frequency: 25.000000 (Debug: 2 1)
[2018.06.17-04.18.58:973][  0]LogShaderCompilers: Guid format shader working directory is 22 characters bigger than the processId version (../../../../Studio2Level/Intermediate/Shaders/WorkingDirectory/8196/).
[2018.06.17-04.18.58:973][  0]LogShaderCompilers: Cleaned the shader compiler working directory 'C:/Users/lukes/AppData/Local/Temp/UnrealShaderWorkingDir/8D3EE4EC4EB930E1804CC4A85B39792C/'.
[2018.06.17-04.18.58:973][  0]LogShaderCompilers: Display: Using Local Shader Compiler.
[2018.06.17-04.18.59:941][  0]LogTemp: Display: Loaded TP AllDesktopTargetPlatform
[2018.06.17-04.18.59:995][  0]LogTemp: Display: Loaded TP MacClientTargetPlatform
[2018.06.17-04.19.00:049][  0]LogTemp: Display: Loaded TP MacNoEditorTargetPlatform
[2018.06.17-04.19.00:102][  0]LogTemp: Display: Loaded TP MacServerTargetPlatform
[2018.06.17-04.19.00:173][  0]LogTemp: Display: Loaded TP MacTargetPlatform
[2018.06.17-04.19.00:243][  0]LogTemp: Display: Loaded TP WindowsClientTargetPlatform
[2018.06.17-04.19.00:297][  0]LogTemp: Display: Loaded TP WindowsNoEditorTargetPlatform
[2018.06.17-04.19.00:351][  0]LogTemp: Display: Loaded TP WindowsServerTargetPlatform
[2018.06.17-04.19.00:396][  0]LogTemp: Display: Loaded TP WindowsTargetPlatform
[2018.06.17-04.19.00:449][  0]LogTemp: Display: Loaded TP Android_ASTCTargetPlatform
[2018.06.17-04.19.00:502][  0]LogTemp: Display: Loaded TP Android_ATCTargetPlatform
[2018.06.17-04.19.00:556][  0]LogTemp: Display: Loaded TP Android_DXTTargetPlatform
[2018.06.17-04.19.00:610][  0]LogTemp: Display: Loaded TP Android_ETC1TargetPlatform
[2018.06.17-04.19.00:662][  0]LogTemp: Display: Loaded TP Android_ETC2TargetPlatform
[2018.06.17-04.19.00:766][  0]LogTemp: Display: Loaded TP Android_MultiTargetPlatform
[2018.06.17-04.19.00:766][  0]LogTemp: Display: Loaded TP Android_PVRTCTargetPlatform
[2018.06.17-04.19.00:819][  0]LogTemp: Display: Loaded TP AndroidTargetPlatform
[2018.06.17-04.19.00:856][  0]LogTemp: Display: Loaded TP HTML5TargetPlatform
[2018.06.17-04.19.00:955][  0]LogTemp: Display: Loaded TP IOSTargetPlatform
[2018.06.17-04.19.00:983][  0]LogTemp: Display: Loaded TP TVOSTargetPlatform
[2018.06.17-04.19.01:049][  0]LogTemp: Display: Loaded TP LinuxClientTargetPlatform
[2018.06.17-04.19.01:100][  0]LogTemp: Display: Loaded TP LinuxNoEditorTargetPlatform
[2018.06.17-04.19.01:152][  0]LogTemp: Display: Loaded TP LinuxServerTargetPlatform
[2018.06.17-04.19.01:204][  0]LogTemp: Display: Loaded TP LinuxTargetPlatform
[2018.06.17-04.19.01:204][  0]LogTargetPlatformManager: Display: Building Assets For Windows
[2018.06.17-04.19.01:695][  0]LogDerivedDataCache: Display: Max Cache Size: 512 MB
[2018.06.17-04.19.01:779][  0]LogDerivedDataCache: Loaded boot cache 0.08s 78MB C:/Users/lukes/AppData/Local/UnrealEngine/4.18/DerivedDataCache/Boot.ddc.
[2018.06.17-04.19.01:779][  0]LogDerivedDataCache: Display: Loaded Boot cache: C:/Users/lukes/AppData/Local/UnrealEngine/4.18/DerivedDataCache/Boot.ddc
[2018.06.17-04.19.01:779][  0]LogDerivedDataCache: FDerivedDataBackendGraph:  Pak pak cache file ../../../../Studio2Level/DerivedDataCache/DDC.ddp not found, will not use a pak cache.
[2018.06.17-04.19.01:779][  0]LogDerivedDataCache: Unable to find inner node Pak for hierarchical cache Hierarchy.
[2018.06.17-04.19.01:779][  0]LogDerivedDataCache: FDerivedDataBackendGraph:  CompressedPak pak cache file ../../../../Studio2Level/DerivedDataCache/Compressed.ddp not found, will not use a pak cache.
[2018.06.17-04.19.01:779][  0]LogDerivedDataCache: Unable to find inner node CompressedPak for hierarchical cache Hierarchy.
[2018.06.17-04.19.01:801][  0]LogDerivedDataCache: Display: Pak cache opened for reading ../../../Engine/DerivedDataCache/Compressed.ddp.
[2018.06.17-04.19.01:814][  0]LogDerivedDataCache: Using Local data cache path C:/Users/lukes/AppData/Local/UnrealEngine/Common/DerivedDataCache: Writable
[2018.06.17-04.19.01:825][  0]LogMaterial: Verifying Global Shaders for PCD3D_SM5
[2018.06.17-04.19.01:826][  0]LogSlate: Using Freetype 2.6.0
[2018.06.17-04.19.01:826][  0]LogSlate: SlateFontCache - WITH_FREETYPE: 1, WITH_HARFBUZZ: 1
[2018.06.17-04.19.01:826][  0]LogSlate: SlateFontCache - WITH_FREETYPE: 1, WITH_HARFBUZZ: 1
[2018.06.17-04.19.02:290][  0]LogInit: Selected Device Profile: [Windows]
[2018.06.17-04.19.02:614][  0]LogSimplygon: Simplygon DLL not present - disabling.
[2018.06.17-04.19.02:652][  0]LogMeshReduction: Using SimplygonSwarm for distributed automatic mesh merging
[2018.06.17-04.19.02:652][  0]LogMeshReduction: Using QuadricMeshReduction for automatic static mesh reduction
[2018.06.17-04.19.02:652][  0]LogMeshReduction: No automatic skeletal mesh reduction module available
[2018.06.17-04.19.02:652][  0]LogMeshReduction: No automatic mesh merging module available
[2018.06.17-04.19.02:652][  0]LogMeshMerging: No automatic mesh merging module available
[2018.06.17-04.19.02:690][  0]LogNetVersion: Studio2Level , NetCL: 3709383, EngineNetVer: 2, GameNetVer: 0 (Checksum: 2133238586)
[2018.06.17-04.19.02:861][  0]LogAssetRegistry: FAssetRegistry took 0.0284 seconds to start up
[2018.06.17-04.19.03:412][  0]LogPackageLocalizationCache: Processed 7 localized package path(s) for 2 prioritized culture(s) in 0.081758 seconds
[2018.06.17-04.19.03:419][  0]LogUObjectArray: 35870 objects as part of root set at end of initial load.
[2018.06.17-04.19.03:419][  0]LogUObjectAllocator: 7363704 out of 0 bytes used by permanent object pool.
[2018.06.17-04.19.03:419][  0]LogUObjectArray: CloseDisregardForGC: 0/0 objects in disregard for GC pool
[2018.06.17-04.19.03:465][  0]LogInit: WinSock: version 1.1 (2.2), MaxSocks=32767, MaxUdp=65467
[2018.06.17-04.19.06:856][  0]LogTcpMessaging: Initializing TcpMessaging bridge
[2018.06.17-04.19.06:918][  0]LogUdpMessaging: Initializing bridge on interface 0.0.0.0:0 to multicast group 230.0.0.1:6666.
[2018.06.17-04.19.07:659][  0]LogMaterial: Uniform references updated for custom material expression Custom.
[2018.06.17-04.19.08:105][  0]SourceControl: Source control is disabled
[2018.06.17-04.19.08:105][  0]SourceControl: Source control is disabled
[2018.06.17-04.19.08:165][  0]SourceControl: Source control is disabled
[2018.06.17-04.19.08:223][  0]SourceControl: Source control is disabled
[2018.06.17-04.19.09:117][  0]LogAndroidPermission: UAndroidPermissionCallbackProxy::GetInstance
[2018.06.17-04.19.09:414][  0]LogOcInput: OculusInput pre-init called
[2018.06.17-04.19.09:718][  0]LogEngine: Initializing Engine...
[2018.06.17-04.19.09:722][  0]LogHMD: Failed to initialize OpenVR with code 110
[2018.06.17-04.19.09:939][  0]LogStats: UGameplayTagsManager::ConstructGameplayTagTree: Construct from data asset -  0.000 s
[2018.06.17-04.19.10:262][  0]LogStats: UGameplayTagsManager::ConstructGameplayTagTree: GameplayTagTreeChangedEvent.Broadcast -  0.000 s
[2018.06.17-04.19.10:383][  0]LogAIModule: Creating AISystem for world Untitled
[2018.06.17-04.19.10:399][  0]LogInit: XAudio2 using '4 - PHL 323E7 (AMD High Definition Audio Device)' : 2 channels at 48 kHz using 16 bits per sample (channel mask 0x3)
[2018.06.17-04.19.10:419][  0]LogInit: FAudioDevice initialized.
[2018.06.17-04.19.10:525][  0]LogDerivedDataCache: Saved boot cache 0.11s 78MB C:/Users/lukes/AppData/Local/UnrealEngine/4.18/DerivedDataCache/Boot.ddc.
[2018.06.17-04.19.10:544][  0]LogInit: Texture streaming: Enabled
[2018.06.17-04.19.10:635][  0]LogEngineSessionManager: EngineSessionManager initialized
[2018.06.17-04.19.10:764][  0]LogInit: Transaction tracking system initialized
[2018.06.17-04.19.11:059][  0]BlueprintLog: New page: Editor Load
[2018.06.17-04.19.12:003][  0]LocalizationService: Localization service is disabled
[2018.06.17-04.19.12:735][  0]LogConsoleResponse: Display: 
[2018.06.17-04.19.12:956][  0]LogCook: Display: Max memory allowance for cook 16384mb min free memory 0mb
[2018.06.17-04.19.12:956][  0]LogCook: Display: Mobile HDR setting 1
[2018.06.17-04.19.12:956][  0]LogGameplayTags: Display: UGameplayTagsManager::DoneAddingNativeTags. DelegateIsBound: 0
[2018.06.17-04.19.13:688][  0]LogFileCache: Scanning file cache for directory 'D:/Unreal/Studio2Level/Content/' took 0.01s
[2018.06.17-04.19.14:218][  0]SourceControl: Source control is disabled
[2018.06.17-04.19.14:218][  0]Cmd: MAP LOAD FILE="../../../../Studio2Level/Content/ThirdPersonBP/Maps/ThirdPersonExampleMap.umap" TEMPLATE=0 SHOWPROGRESS=1 FEATURELEVEL=3
[2018.06.17-04.19.14:218][  0]LightingResults: New page: Lighting Build
[2018.06.17-04.19.14:258][  0]MapCheck: New page: Map Check
[2018.06.17-04.19.14:258][  0]LightingResults: New page: Lighting Build
[2018.06.17-04.19.15:128][  0]LogMaterial: Missing cached shader map for material RampMaterial, compiling. 
[2018.06.17-04.19.15:695][  0]LogMaterial: Missing cached shader map for material M_UE4Man_Body, compiling. 
[2018.06.17-04.19.15:899][  0]LogMaterial: Missing cached shader map for material M_UE4Man_Body, compiling. 
[2018.06.17-04.19.16:204][  0]LogAIModule: Creating AISystem for world ThirdPersonExampleMap
[2018.06.17-04.19.16:605][  0]LogEditorServer: Finished looking for orphan Actors (0.000 secs)
[2018.06.17-04.19.16:675][  0]Cmd: MAP CHECKDEP NOCLEARLOG
[2018.06.17-04.19.16:754][  0]MapCheck: Map check complete: 0 Error(s), 0 Warning(s), took 79.544ms to complete.
[2018.06.17-04.19.16:754][  0]LogFileHelpers: Loading map 'ThirdPersonExampleMap' took 2.537
[2018.06.17-04.19.17:779][  0]LogCollectionManager: Loaded 0 collections in 0.002249 seconds
[2018.06.17-04.19.18:013][  0]LogFileCache: Scanning file cache for directory 'D:/Unreal/Studio2Level/Saved/Collections/' took 0.01s
[2018.06.17-04.19.18:013][  0]LogFileCache: Scanning file cache for directory 'D:/Unreal/Studio2Level/Content/Developers/lukes/Collections/' took 0.01s
[2018.06.17-04.19.18:014][  0]LogFileCache: Scanning file cache for directory 'D:/Unreal/Studio2Level/Content/Collections/' took 0.01s
[2018.06.17-04.19.18:014][  0]LogCollectionManager: Rebuilt the GUID cache for 0 collections in 0.000001 seconds
[2018.06.17-04.19.18:039][  0]LogContentBrowser: Native class hierarchy populated in 0.0222 seconds. Added 2363 classes and 519 folders.
[2018.06.17-04.19.18:302][  0]LogContentBrowser: Native class hierarchy updated for 'WidgetCarousel' in 0.0004 seconds. Added 0 classes and 0 folders.
[2018.06.17-04.19.18:409][  0]LogContentBrowser: Native class hierarchy updated for 'AddContentDialog' in 0.0005 seconds. Added 0 classes and 0 folders.
[2018.06.17-04.19.18:711][  0]LogContentBrowser: Native class hierarchy updated for 'SceneOutliner' in 0.0006 seconds. Added 1 classes and 2 folders.
[2018.06.17-04.19.19:212][  0]LogSlate: Took 0.000470 seconds to synchronously load lazily loaded font '../../../Engine/Content/Slate/Fonts/Roboto-Regular.ttf' (155K)
[2018.06.17-04.19.19:216][  0]LogSlate: Took 0.000678 seconds to synchronously load lazily loaded font '../../../Engine/Content/Slate/Fonts/Roboto-Bold.ttf' (160K)
[2018.06.17-04.19.19:299][  0]LogSlate: Took 0.011494 seconds to synchronously load lazily loaded font '../../../Engine/Content/Editor/Slate/Fonts/FontAwesome.ttf' (139K)
[2018.06.17-04.19.19:832][  0]LogRenderer: Reallocating scene render targets to support 1204x560 Format 10 NumSamples 1 (Frame:1).
[2018.06.17-04.19.20:681][  0]LogContentBrowser: Native class hierarchy updated for 'HierarchicalLODOutliner' in 0.0005 seconds. Added 1 classes and 2 folders.
[2018.06.17-04.19.20:681][  0]LogLoad: (Engine Initialization) Total time: 26.19 seconds
[2018.06.17-04.19.20:681][  0]LogLoad: (Engine Initialization) Total Blueprint compile time: 0.00 seconds
[2018.06.17-04.19.20:681][  0]LogExternalProfiler: No external profilers were discovered.  External profiling features will not be available.
[2018.06.17-04.19.21:141][  0]LogContentStreaming: Texture pool size now 1000 MB
[2018.06.17-04.19.21:253][  0]LogSlate: Took 0.000460 seconds to synchronously load lazily loaded font '../../../Engine/Content/Slate/Fonts/Roboto-Light.ttf' (159K)
[2018.06.17-04.19.21:705][  2]LogAssetRegistry: Asset discovery search completed in 18.8676 seconds
[2018.06.17-04.19.21:709][  2]LogCollectionManager: Rebuilt the object cache for 0 collections in 0.000000 seconds (found 0 objects)
[2018.06.17-04.19.21:709][  2]LogCollectionManager: Fixed up redirectors for 0 collections in 0.000130 seconds (updated 0 objects)
[2018.06.17-04.25.22:924][271]LogTemp: Repeating last play command: Selected Viewport
[2018.06.17-04.25.22:957][271]LogBlueprintUserMessages: Early PlayInEditor Detection: Level '/Game/ThirdPersonBP/Maps/ThirdPersonExampleMap.ThirdPersonExampleMap:PersistentLevel' has LevelScriptBlueprint '/Game/ThirdPersonBP/Maps/ThirdPersonExampleMap.ThirdPersonExampleMap:PersistentLevel.ThirdPersonExampleMap' with GeneratedClass '/Game/ThirdPersonBP/Maps/ThirdPersonExampleMap.ThirdPersonExampleMap_C' with ClassGeneratedBy '/Game/ThirdPersonBP/Maps/ThirdPersonExampleMap.ThirdPersonExampleMap:PersistentLevel.ThirdPersonExampleMap'
[2018.06.17-04.25.22:992][271]LogPlayLevel: PlayLevel: No blueprints needed recompiling
[2018.06.17-04.25.23:103][271]PIE: New page: PIE session: ThirdPersonExampleMap (18 Jun 2018 12:25:23 am)
[2018.06.17-04.25.23:103][271]LogPlayLevel: Creating play world package: /Game/ThirdPersonBP/Maps/UEDPIE_0_ThirdPersonExampleMap
[2018.06.17-04.25.23:169][271]LogPlayLevel: PIE: StaticDuplicateObject took: (0.065770s)
[2018.06.17-04.25.23:170][271]LogAIModule: Creating AISystem for world ThirdPersonExampleMap
[2018.06.17-04.25.23:170][271]LogPlayLevel: PIE: World Init took: (0.000906s)
[2018.06.17-04.25.23:175][271]LogPlayLevel: PIE: Created PIE world by copying editor world from /Game/ThirdPersonBP/Maps/ThirdPersonExampleMap.ThirdPersonExampleMap to /Game/ThirdPersonBP/Maps/UEDPIE_0_ThirdPersonExampleMap.ThirdPersonExampleMap (0.071081s)
[2018.06.17-04.25.23:261][271]LogInit: XAudio2 using '4 - PHL 323E7 (AMD High Definition Audio Device)' : 2 channels at 48 kHz using 16 bits per sample (channel mask 0x3)
[2018.06.17-04.25.23:272][271]LogInit: FAudioDevice initialized.
[2018.06.17-04.25.23:426][271]LogLoad: Game class is 'ThirdPersonGameMode_C'
[2018.06.17-04.25.23:512][271]LogWorld: Bringing World /Game/ThirdPersonBP/Maps/UEDPIE_0_ThirdPersonExampleMap.ThirdPersonExampleMap up for play (max tick rate 0) at 2018.06.17-14.25.23
[2018.06.17-04.25.23:553][271]LogWorld: Bringing up level for play took: 0.049185
[2018.06.17-04.25.23:787][271]LogContentBrowser: Native class hierarchy updated for 'MovieSceneCapture' in 0.0005 seconds. Added 11 classes and 0 folders.
[2018.06.17-04.25.23:809][271]PIE: Play in editor start time for /Game/ThirdPersonBP/Maps/UEDPIE_0_ThirdPersonExampleMap -0.098
[2018.06.17-04.25.23:810][271]LogBlueprintUserMessages: Late PlayInEditor Detection: Level '/Game/ThirdPersonBP/Maps/ThirdPersonExampleMap.ThirdPersonExampleMap:PersistentLevel' has LevelScriptBlueprint '/Game/ThirdPersonBP/Maps/ThirdPersonExampleMap.ThirdPersonExampleMap:PersistentLevel.ThirdPersonExampleMap' with GeneratedClass '/Game/ThirdPersonBP/Maps/ThirdPersonExampleMap.ThirdPersonExampleMap_C' with ClassGeneratedBy '/Game/ThirdPersonBP/Maps/ThirdPersonExampleMap.ThirdPersonExampleMap:PersistentLevel.ThirdPersonExampleMap'
[2018.06.17-04.25.49:284][ 57]LogBlueprintUserMessages: Early EndPlayMap Detection: Level '/Game/ThirdPersonBP/Maps/ThirdPersonExampleMap.ThirdPersonExampleMap:PersistentLevel' has LevelScriptBlueprint '/Game/ThirdPersonBP/Maps/ThirdPersonExampleMap.ThirdPersonExampleMap:PersistentLevel.ThirdPersonExampleMap' with GeneratedClass '/Game/ThirdPersonBP/Maps/ThirdPersonExampleMap.ThirdPersonExampleMap_C' with ClassGeneratedBy '/Game/ThirdPersonBP/Maps/ThirdPersonExampleMap.ThirdPersonExampleMap:PersistentLevel.ThirdPersonExampleMap'
[2018.06.17-04.25.49:363][ 57]LogBlueprintUserMessages: Late EndPlayMap Detection: Level '/Game/ThirdPersonBP/Maps/ThirdPersonExampleMap.ThirdPersonExampleMap:PersistentLevel' has LevelScriptBlueprint '/Game/ThirdPersonBP/Maps/ThirdPersonExampleMap.ThirdPersonExampleMap:PersistentLevel.ThirdPersonExampleMap' with GeneratedClass '/Game/ThirdPersonBP/Maps/ThirdPersonExampleMap.ThirdPersonExampleMap_C' with ClassGeneratedBy '/Game/ThirdPersonBP/Maps/ThirdPersonExampleMap.ThirdPersonExampleMap:PersistentLevel.ThirdPersonExampleMap'
[2018.06.17-04.25.56:353][773]LogEditorViewport: Clicking on Actor (LMB): StaticMeshActor (Wall10)
[2018.06.17-04.25.57:577][781]LogEditorViewport: Clicking on Actor (LMB): StaticMeshActor (Wall7)
[2018.06.17-04.26.01:732][224]Cmd: DELETE
[2018.06.17-04.26.01:732][224]Cmd: ACTOR DELETE
[2018.06.17-04.26.02:093][224]LogEditorActor: Deleted Actor: StaticMeshActor
[2018.06.17-04.26.02:126][224]LogEditorActor: Deleted 1 Actors (0.183 secs)
[2018.06.17-04.26.02:620][277]LogEditorViewport: Clicking on Actor (LMB): StaticMeshActor (Wall10)
[2018.06.17-04.26.02:801][278]Cmd: DELETE
[2018.06.17-04.26.02:801][278]Cmd: ACTOR DELETE
[2018.06.17-04.26.02:803][278]LogEditorActor: Deleted Actor: StaticMeshActor
[2018.06.17-04.26.02:834][278]LogEditorActor: Deleted 1 Actors (0.032 secs)
[2018.06.17-04.26.03:502][353]LogEditorViewport: Clicking on Actor (LMB): StaticMeshActor (Wall11)
[2018.06.17-04.26.03:571][354]Cmd: DELETE
[2018.06.17-04.26.03:571][354]Cmd: ACTOR DELETE
[2018.06.17-04.26.03:573][354]LogEditorActor: Deleted Actor: StaticMeshActor
[2018.06.17-04.26.03:603][354]LogEditorActor: Deleted 1 Actors (0.032 secs)
[2018.06.17-04.26.04:072][407]LogEditorViewport: Clicking on Actor (LMB): StaticMeshActor (Wall9)
[2018.06.17-04.26.04:165][411]Cmd: DELETE
[2018.06.17-04.26.04:165][411]Cmd: ACTOR DELETE
[2018.06.17-04.26.04:167][411]LogEditorActor: Deleted Actor: StaticMeshActor
[2018.06.17-04.26.04:197][411]LogEditorActor: Deleted 1 Actors (0.032 secs)
[2018.06.17-04.26.08:839][885]LogEditorViewport: Clicking on Actor (LMB): LightmassImportanceVolume (LightmassImportanceVolume)
[2018.06.17-04.26.17:852][868]LogEditorViewport: Clicking on Actor (LMB): LightmassImportanceVolume (LightmassImportanceVolume)
[2018.06.17-04.26.18:349][920]LogEditorViewport: Clicking on Actor (LMB): LightmassImportanceVolume (LightmassImportanceVolume)
[2018.06.17-04.26.22:001][324]LogEditorViewport: Clicking on Actor (LMB): BP_Sky_Sphere_C (SkySphereBlueprint)
[2018.06.17-04.26.24:171][530]LogEditorViewport: Clicking on Actor (LMB): LightmassImportanceVolume (LightmassImportanceVolume)
[2018.06.17-04.26.29:197][ 84]LogEditorViewport: Clicking on Actor (LMB): PostProcessVolume (PostProcessVolume)
[2018.06.17-04.26.35:760][783]LogEditorViewport: Clicking on Actor (double click): BP_Sky_Sphere_C (SkySphereBlueprint)
[2018.06.17-04.29.39:023][974]LogSlate: Took 0.000300 seconds to synchronously load lazily loaded font '../../../Engine/Content/Slate/Fonts/Roboto-Light.ttf' (159K)
[2018.06.17-04.29.47:757][  1]LogSlate: Took 0.000252 seconds to synchronously load lazily loaded font '../../../Engine/Content/Slate/Fonts/Roboto-Light.ttf' (159K)
[2018.06.17-04.29.48:454][  1]LogSavePackage: Save=541.15ms
[2018.06.17-04.29.48:455][  1]LogSavePackage: Moving '../../../../Studio2Level/Saved/ThirdPersonExampleMap_Auto12E0F52E8453D5E5D91BAE08C4A8C46B6.tmp' to '../../../../Studio2Level/Saved/Autosaves/Game/ThirdPersonBP/Maps/ThirdPersonExampleMap_Auto1.umap'
[2018.06.17-04.29.48:456][  1]LogSavePackage: Display: Finished SavePackage ../../../../Studio2Level/Saved/Autosaves/Game/ThirdPersonBP/Maps/ThirdPersonExampleMap_Auto1.umap
[2018.06.17-04.29.48:458][  1]LogFileHelpers: Editor autosave (incl. sublevels) for '/Game/ThirdPersonBP/Maps/ThirdPersonExampleMap' took 0.683
[2018.06.17-04.29.48:458][  1]LogFileHelpers: Editor autosave (incl. sublevels) for all levels took 0.683
[2018.06.17-04.36.17:327][437]LogEditorViewport: Clicking on Actor (LMB): StaticMeshActor (Ramp_StaticMesh)
[2018.06.17-04.36.18:187][522]Cmd: DELETE
[2018.06.17-04.36.18:187][522]Cmd: ACTOR DELETE
[2018.06.17-04.36.18:189][522]LogEditorActor: Deleted Actor: StaticMeshActor
[2018.06.17-04.36.18:222][522]LogEditorActor: Deleted 1 Actors (0.035 secs)
[2018.06.17-04.36.18:630][567]LogEditorViewport: Clicking on Actor (LMB): StaticMeshActor (LeftArm_StaticMesh)
[2018.06.17-04.36.18:722][571]Cmd: DELETE
[2018.06.17-04.36.18:722][571]Cmd: ACTOR DELETE
[2018.06.17-04.36.18:724][571]LogEditorActor: Deleted Actor: StaticMeshActor
[2018.06.17-04.36.18:756][571]LogEditorActor: Deleted 1 Actors (0.034 secs)
[2018.06.17-04.36.19:025][601]LogEditorViewport: Clicking on Actor (LMB): StaticMeshActor (Bump_StaticMesh)
[2018.06.17-04.36.19:109][604]Cmd: DELETE
[2018.06.17-04.36.19:109][604]Cmd: ACTOR DELETE
[2018.06.17-04.36.19:111][604]LogEditorActor: Deleted Actor: StaticMeshActor
[2018.06.17-04.36.19:143][604]LogEditorActor: Deleted 1 Actors (0.034 secs)
[2018.06.17-04.36.19:438][637]LogEditorViewport: Clicking on Actor (LMB): StaticMeshActor (Linear_Stair_StaticMesh)
[2018.06.17-04.36.19:507][638]Cmd: DELETE
[2018.06.17-04.36.19:508][638]Cmd: ACTOR DELETE
[2018.06.17-04.36.19:509][638]LogEditorActor: Deleted Actor: StaticMeshActor
[2018.06.17-04.36.19:543][638]LogEditorActor: Deleted 1 Actors (0.036 secs)
[2018.06.17-04.36.20:084][698]LogEditorViewport: Clicking on Actor (LMB): StaticMeshActor (RightArm_StaticMesh)
[2018.06.17-04.36.20:118][698]Cmd: DELETE
[2018.06.17-04.36.20:118][698]Cmd: ACTOR DELETE
[2018.06.17-04.36.20:120][698]LogEditorActor: Deleted Actor: StaticMeshActor
[2018.06.17-04.36.20:154][698]LogEditorActor: Deleted 1 Actors (0.035 secs)
[2018.06.17-04.36.20:994][792]LogEditorViewport: Clicking on Actor (LMB): StaticMeshActor (CubeMesh)
[2018.06.17-04.36.21:027][792]Cmd: DELETE
[2018.06.17-04.36.21:028][792]Cmd: ACTOR DELETE
[2018.06.17-04.36.21:029][792]LogEditorActor: Deleted Actor: StaticMeshActor
[2018.06.17-04.36.21:063][792]LogEditorActor: Deleted 1 Actors (0.035 secs)
[2018.06.17-04.36.21:896][885]LogEditorViewport: Clicking on Actor (LMB): StaticMeshActor (Floor)
[2018.06.17-04.36.27:344][346]LogEditorViewport: Clicking on Actor (LMB): TextRenderActor (TextRenderActor)
[2018.06.17-04.36.28:277][434]Cmd: DELETE
[2018.06.17-04.36.28:278][434]Cmd: ACTOR DELETE
[2018.06.17-04.36.28:279][434]LogEditorActor: Deleted Actor: TextRenderActor
[2018.06.17-04.36.28:313][434]LogEditorActor: Deleted 1 Actors (0.035 secs)
[2018.06.17-04.36.31:698][784]LogEditorViewport: Clicking on Actor (LMB): StaticMeshActor (Floor)
[2018.06.17-04.36.42:314][786]LogEditorViewport: Clicking on Actor (LMB): BP_Sky_Sphere_C (SkySphereBlueprint)
[2018.06.17-04.36.44:351][937]LogEditorViewport: Clicking on Actor (LMB): BP_Sky_Sphere_C (SkySphereBlueprint)
[2018.06.17-04.36.54:726][848]Cmd: BRUSH ADD SELECTNEWBRUSH
[2018.06.17-04.36.59:512][278]LogEditorViewport: Clicking on Actor (LMB): StaticMeshActor (Floor)
[2018.06.17-04.37.42:985][648]LogEditorViewport: Clicking on Actor (LMB): LightmassImportanceVolume (LightmassImportanceVolume)
[2018.06.17-04.37.57:604][103]Cmd: TRANSACTION UNDO
[2018.06.17-04.37.57:604][103]LogEditorTransaction: Undo Edit Z
[2018.06.17-04.38.02:621][571]Cmd: TRANSACTION UNDO
[2018.06.17-04.38.02:621][571]LogEditorTransaction: Undo Edit Y
[2018.06.17-04.38.08:330][102]LogEditorViewport: Clicking on Actor (LMB): BP_Sky_Sphere_C (SkySphereBlueprint)
[2018.06.17-04.38.27:750][144]Cmd: EDIT COPY
[2018.06.17-04.38.27:970][164]Cmd: EDIT PASTE
[2018.06.17-04.38.35:679][909]Cmd: EDIT COPY
[2018.06.17-04.38.35:910][935]Cmd: EDIT PASTE
[2018.06.17-04.38.49:434][335]Cmd: EDIT COPY
[2018.06.17-04.38.49:719][365]Cmd: EDIT PASTE
[2018.06.17-04.38.56:614][ 99]LogEditorViewport: Clicking on Actor (LMB): BP_Sky_Sphere_C (SkySphereBlueprint)
[2018.06.17-04.39.03:436][700]LogTemp: Repeating last play command: Selected Viewport
[2018.06.17-04.39.03:444][700]LogBlueprintUserMessages: Early PlayInEditor Detection: Level '/Game/ThirdPersonBP/Maps/ThirdPersonExampleMap.ThirdPersonExampleMap:PersistentLevel' has LevelScriptBlueprint '/Game/ThirdPersonBP/Maps/ThirdPersonExampleMap.ThirdPersonExampleMap:PersistentLevel.ThirdPersonExampleMap' with GeneratedClass '/Game/ThirdPersonBP/Maps/ThirdPersonExampleMap.ThirdPersonExampleMap_C' with ClassGeneratedBy '/Game/ThirdPersonBP/Maps/ThirdPersonExampleMap.ThirdPersonExampleMap:PersistentLevel.ThirdPersonExampleMap'
[2018.06.17-04.39.03:444][700]LogPlayLevel: PlayLevel: No blueprints needed recompiling
[2018.06.17-04.39.03:444][700]PIE: New page: PIE session: ThirdPersonExampleMap (18 Jun 2018 12:39:03 am)
[2018.06.17-04.39.03:444][700]LogPlayLevel: Creating play world package: /Game/ThirdPersonBP/Maps/UEDPIE_0_ThirdPersonExampleMap
[2018.06.17-04.39.03:465][700]LogPlayLevel: PIE: StaticDuplicateObject took: (0.020763s)
[2018.06.17-04.39.03:466][700]LogAIModule: Creating AISystem for world ThirdPersonExampleMap
[2018.06.17-04.39.03:466][700]LogPlayLevel: PIE: World Init took: (0.001122s)
[2018.06.17-04.39.03:467][700]LogPlayLevel: PIE: Created PIE world by copying editor world from /Game/ThirdPersonBP/Maps/ThirdPersonExampleMap.ThirdPersonExampleMap to /Game/ThirdPersonBP/Maps/UEDPIE_0_ThirdPersonExampleMap.ThirdPersonExampleMap (0.022200s)
[2018.06.17-04.39.03:509][700]LogInit: XAudio2 using '4 - PHL 323E7 (AMD High Definition Audio Device)' : 2 channels at 48 kHz using 16 bits per sample (channel mask 0x3)
[2018.06.17-04.39.03:521][700]LogInit: FAudioDevice initialized.
[2018.06.17-04.39.03:554][700]LogLoad: Game class is 'ThirdPersonGameMode_C'
[2018.06.17-04.39.03:557][700]LogWorld: Bringing World /Game/ThirdPersonBP/Maps/UEDPIE_0_ThirdPersonExampleMap.ThirdPersonExampleMap up for play (max tick rate 0) at 2018.06.17-14.39.03
[2018.06.17-04.39.03:557][700]LogWorld: Bringing up level for play took: 0.001982
[2018.06.17-04.39.03:558][700]PIE: Play in editor start time for /Game/ThirdPersonBP/Maps/UEDPIE_0_ThirdPersonExampleMap -0.35
[2018.06.17-04.39.03:558][700]LogBlueprintUserMessages: Late PlayInEditor Detection: Level '/Game/ThirdPersonBP/Maps/ThirdPersonExampleMap.ThirdPersonExampleMap:PersistentLevel' has LevelScriptBlueprint '/Game/ThirdPersonBP/Maps/ThirdPersonExampleMap.ThirdPersonExampleMap:PersistentLevel.ThirdPersonExampleMap' with GeneratedClass '/Game/ThirdPersonBP/Maps/ThirdPersonExampleMap.ThirdPersonExampleMap_C' with ClassGeneratedBy '/Game/ThirdPersonBP/Maps/ThirdPersonExampleMap.ThirdPersonExampleMap:PersistentLevel.ThirdPersonExampleMap'
[2018.06.17-04.39.16:802][ 89]LogBlueprintUserMessages: Early EndPlayMap Detection: Level '/Game/ThirdPersonBP/Maps/ThirdPersonExampleMap.ThirdPersonExampleMap:PersistentLevel' has LevelScriptBlueprint '/Game/ThirdPersonBP/Maps/ThirdPersonExampleMap.ThirdPersonExampleMap:PersistentLevel.ThirdPersonExampleMap' with GeneratedClass '/Game/ThirdPersonBP/Maps/ThirdPersonExampleMap.ThirdPersonExampleMap_C' with ClassGeneratedBy '/Game/ThirdPersonBP/Maps/ThirdPersonExampleMap.ThirdPersonExampleMap:PersistentLevel.ThirdPersonExampleMap'
[2018.06.17-04.39.16:839][ 89]LogBlueprintUserMessages: Late EndPlayMap Detection: Level '/Game/ThirdPersonBP/Maps/ThirdPersonExampleMap.ThirdPersonExampleMap:PersistentLevel' has LevelScriptBlueprint '/Game/ThirdPersonBP/Maps/ThirdPersonExampleMap.ThirdPersonExampleMap:PersistentLevel.ThirdPersonExampleMap' with GeneratedClass '/Game/ThirdPersonBP/Maps/ThirdPersonExampleMap.ThirdPersonExampleMap_C' with ClassGeneratedBy '/Game/ThirdPersonBP/Maps/ThirdPersonExampleMap.ThirdPersonExampleMap:PersistentLevel.ThirdPersonExampleMap'
[2018.06.17-04.39.24:747][885]LogEditorViewport: Clicking on Actor (LMB): LightmassImportanceVolume (LightmassImportanceVolume)
[2018.06.17-04.39.29:632][405]LogEditorViewport: Clicking on Actor (LMB): BP_Sky_Sphere_C (SkySphereBlueprint)
[2018.06.17-04.39.33:398][739]LogEditorViewport: Clicking on Actor (LMB): BP_Sky_Sphere_C (SkySphereBlueprint)
[2018.06.17-04.39.38:546][169]Cmd: BRUSH ADD SELECTNEWBRUSH
[2018.06.17-04.39.41:485][470]Cmd: TRANSACTION UNDO
[2018.06.17-04.39.41:485][470]LogEditorTransaction: Undo Scale Actors
[2018.06.17-04.40.21:233][403]Cmd: CAMERA ALIGN ACTIVEVIEWPORTONLY
[2018.06.17-04.40.32:530][554]LogEditorViewport: Clicking on Actor (LMB): BP_Sky_Sphere_C (SkySphereBlueprint)
[2018.06.17-04.40.40:366][234]Cmd: EDIT COPY
[2018.06.17-04.40.40:582][256]Cmd: EDIT PASTE
[2018.06.17-04.41.02:733][505]Cmd: CAMERA ALIGN ACTIVEVIEWPORTONLY
[2018.06.17-04.41.15:148][741]Cmd: EDIT COPY
[2018.06.17-04.41.15:364][765]Cmd: EDIT PASTE
[2018.06.17-04.42.06:549][939]Cmd: EDIT COPY
[2018.06.17-04.42.06:787][965]Cmd: EDIT PASTE
[2018.06.17-04.42.26:304][995]Cmd: TRANSACTION UNDO
[2018.06.17-04.42.26:305][995]LogEditorTransaction: Undo Edit Y
[2018.06.17-04.42.37:661][125]Cmd: TRANSACTION UNDO
[2018.06.17-04.42.37:661][125]LogEditorTransaction: Undo Edit Y
[2018.06.17-04.43.10:937][127]LogSavePackage: Save=376.41ms
[2018.06.17-04.43.10:937][127]LogSavePackage: Moving '../../../../Studio2Level/Saved/ThirdPersonExampleMap_Auto285E1945A4810DEC18CEB27931CDCA027.tmp' to '../../../../Studio2Level/Saved/Autosaves/Game/ThirdPersonBP/Maps/ThirdPersonExampleMap_Auto2.umap'
[2018.06.17-04.43.10:938][127]LogSavePackage: Display: Finished SavePackage ../../../../Studio2Level/Saved/Autosaves/Game/ThirdPersonBP/Maps/ThirdPersonExampleMap_Auto2.umap
[2018.06.17-04.43.10:940][127]LogFileHelpers: Editor autosave (incl. sublevels) for '/Game/ThirdPersonBP/Maps/ThirdPersonExampleMap' took 0.426
[2018.06.17-04.43.10:940][127]LogFileHelpers: Editor autosave (incl. sublevels) for all levels took 0.426
[2018.06.17-04.44.18:223][730]Cmd: EDIT COPY
[2018.06.17-04.44.38:087][823]LogEditorViewport: Clicking on Actor (LMB): BP_Sky_Sphere_C (SkySphereBlueprint)
[2018.06.17-04.45.03:463][ 93]LogEditorViewport: Clicking on Actor (LMB): BP_Sky_Sphere_C (SkySphereBlueprint)
[2018.06.17-04.45.13:884][978]LogEditorViewport: Clicking on Actor (LMB): BP_Sky_Sphere_C (SkySphereBlueprint)
[2018.06.17-04.45.23:492][905]LogEditorViewport: Clicking on Actor (LMB): Brush (Draws)
[2018.06.17-04.45.45:620][986]LogEditorViewport: Clicking on Actor (LMB): BP_Sky_Sphere_C (SkySphereBlueprint)
[2018.06.17-04.46.03:207][674]LogTemp: Repeating last play command: Selected Viewport
[2018.06.17-04.46.03:215][674]LogBlueprintUserMessages: Early PlayInEditor Detection: Level '/Game/ThirdPersonBP/Maps/ThirdPersonExampleMap.ThirdPersonExampleMap:PersistentLevel' has LevelScriptBlueprint '/Game/ThirdPersonBP/Maps/ThirdPersonExampleMap.ThirdPersonExampleMap:PersistentLevel.ThirdPersonExampleMap' with GeneratedClass '/Game/ThirdPersonBP/Maps/ThirdPersonExampleMap.ThirdPersonExampleMap_C' with ClassGeneratedBy '/Game/ThirdPersonBP/Maps/ThirdPersonExampleMap.ThirdPersonExampleMap:PersistentLevel.ThirdPersonExampleMap'
[2018.06.17-04.46.03:215][674]LogPlayLevel: PlayLevel: No blueprints needed recompiling
[2018.06.17-04.46.03:215][674]PIE: New page: PIE session: ThirdPersonExampleMap (18 Jun 2018 12:46:03 am)
[2018.06.17-04.46.03:215][674]LogPlayLevel: Creating play world package: /Game/ThirdPersonBP/Maps/UEDPIE_0_ThirdPersonExampleMap
[2018.06.17-04.46.03:236][674]LogPlayLevel: PIE: StaticDuplicateObject took: (0.020826s)
[2018.06.17-04.46.03:237][674]LogAIModule: Creating AISystem for world ThirdPersonExampleMap
[2018.06.17-04.46.03:237][674]LogPlayLevel: PIE: World Init took: (0.000782s)
[2018.06.17-04.46.03:237][674]LogPlayLevel: PIE: Created PIE world by copying editor world from /Game/ThirdPersonBP/Maps/ThirdPersonExampleMap.ThirdPersonExampleMap to /Game/ThirdPersonBP/Maps/UEDPIE_0_ThirdPersonExampleMap.ThirdPersonExampleMap (0.021887s)
[2018.06.17-04.46.03:281][674]LogInit: XAudio2 using '4 - PHL 323E7 (AMD High Definition Audio Device)' : 2 channels at 48 kHz using 16 bits per sample (channel mask 0x3)
[2018.06.17-04.46.03:292][674]LogInit: FAudioDevice initialized.
[2018.06.17-04.46.03:325][674]LogLoad: Game class is 'ThirdPersonGameMode_C'
[2018.06.17-04.46.03:327][674]LogWorld: Bringing World /Game/ThirdPersonBP/Maps/UEDPIE_0_ThirdPersonExampleMap.ThirdPersonExampleMap up for play (max tick rate 0) at 2018.06.17-14.46.03
[2018.06.17-04.46.03:327][674]LogWorld: Bringing up level for play took: 0.002089
[2018.06.17-04.46.03:328][674]PIE: Play in editor start time for /Game/ThirdPersonBP/Maps/UEDPIE_0_ThirdPersonExampleMap -0.579
[2018.06.17-04.46.03:329][674]LogBlueprintUserMessages: Late PlayInEditor Detection: Level '/Game/ThirdPersonBP/Maps/ThirdPersonExampleMap.ThirdPersonExampleMap:PersistentLevel' has LevelScriptBlueprint '/Game/ThirdPersonBP/Maps/ThirdPersonExampleMap.ThirdPersonExampleMap:PersistentLevel.ThirdPersonExampleMap' with GeneratedClass '/Game/ThirdPersonBP/Maps/ThirdPersonExampleMap.ThirdPersonExampleMap_C' with ClassGeneratedBy '/Game/ThirdPersonBP/Maps/ThirdPersonExampleMap.ThirdPersonExampleMap:PersistentLevel.ThirdPersonExampleMap'
[2018.06.17-04.46.13:422][732]LogBlueprintUserMessages: Early EndPlayMap Detection: Level '/Game/ThirdPersonBP/Maps/ThirdPersonExampleMap.ThirdPersonExampleMap:PersistentLevel' has LevelScriptBlueprint '/Game/ThirdPersonBP/Maps/ThirdPersonExampleMap.ThirdPersonExampleMap:PersistentLevel.ThirdPersonExampleMap' with GeneratedClass '/Game/ThirdPersonBP/Maps/ThirdPersonExampleMap.ThirdPersonExampleMap_C' with ClassGeneratedBy '/Game/ThirdPersonBP/Maps/ThirdPersonExampleMap.ThirdPersonExampleMap:PersistentLevel.ThirdPersonExampleMap'
[2018.06.17-04.46.13:462][732]LogBlueprintUserMessages: Late EndPlayMap Detection: Level '/Game/ThirdPersonBP/Maps/ThirdPersonExampleMap.ThirdPersonExampleMap:PersistentLevel' has LevelScriptBlueprint '/Game/ThirdPersonBP/Maps/ThirdPersonExampleMap.ThirdPersonExampleMap:PersistentLevel.ThirdPersonExampleMap' with GeneratedClass '/Game/ThirdPersonBP/Maps/ThirdPersonExampleMap.ThirdPersonExampleMap_C' with ClassGeneratedBy '/Game/ThirdPersonBP/Maps/ThirdPersonExampleMap.ThirdPersonExampleMap:PersistentLevel.ThirdPersonExampleMap'
[2018.06.17-04.46.21:000][511]Cmd: EDIT COPY
[2018.06.17-04.46.21:218][529]Cmd: EDIT PASTE
[2018.06.17-04.46.37:605][152]Cmd: EDIT COPY
[2018.06.17-04.46.37:881][182]Cmd: EDIT PASTE
[2018.06.17-04.46.48:803][232]Cmd: EDIT COPY
[2018.06.17-04.46.49:058][257]Cmd: EDIT PASTE
[2018.06.17-04.47.04:051][713]Cmd: EDIT COPY
[2018.06.17-04.47.04:501][760]Cmd: EDIT PASTE
[2018.06.17-04.47.22:540][581]LogEditorViewport: Clicking on Actor (LMB): BP_Sky_Sphere_C (SkySphereBlueprint)
[2018.06.17-04.47.33:305][578]LogEditorViewport: Clicking on Actor (LMB): BP_Sky_Sphere_C (SkySphereBlueprint)
[2018.06.17-04.47.33:908][618]LogEditorViewport: Clicking on Actor (LMB): BP_Sky_Sphere_C (SkySphereBlueprint)
[2018.06.17-04.47.39:964][182]LogEditorViewport: Clicking Background
[2018.06.17-04.47.57:320][916]LogEditorViewport: Clicking on Actor (LMB): BP_Sky_Sphere_C (SkySphereBlueprint)
[2018.06.17-04.51.05:608][369]LogEditorActor: Deleted Actor: Brush
[2018.06.17-04.51.05:654][369]LogEditorActor: Deleted 1 Actors (0.062 secs)
[2018.06.17-04.51.08:067][618]LogEditorActor: Deleted Actor: Brush
[2018.06.17-04.51.08:114][618]LogEditorActor: Deleted 1 Actors (0.063 secs)
[2018.06.17-04.51.13:096][136]Cmd: TRANSACTION UNDO
[2018.06.17-04.51.13:096][136]LogEditorTransaction: Undo Edit X
[2018.06.17-04.51.13:109][136]LogActorComponent: ~FComponentReregisterContext: (/Game/ThirdPersonBP/Maps/ThirdPersonExampleMap.ThirdPersonExampleMap:PersistentLevel.BoxBrush4.BrushComponent0) Component already registered.
[2018.06.17-04.51.15:789][354]Cmd: TRANSACTION UNDO
[2018.06.17-04.51.15:789][354]LogEditorTransaction: Undo Edit Y
[2018.06.17-04.51.15:805][354]LogActorComponent: ~FComponentReregisterContext: (/Game/ThirdPersonBP/Maps/ThirdPersonExampleMap.ThirdPersonExampleMap:PersistentLevel.BoxBrush4.BrushComponent0) Component already registered.
[2018.06.17-04.51.37:547][507]LogEditorViewport: Clicking on Actor (LMB): BP_Sky_Sphere_C (SkySphereBlueprint)
[2018.06.17-04.51.42:913][976]Cmd: DELETE
[2018.06.17-04.51.42:913][976]Cmd: ACTOR DELETE
[2018.06.17-04.51.42:932][976]LogEditorActor: Deleted Actor: Brush
[2018.06.17-04.51.42:932][976]LogEditorActor: Deleted Actor: Brush
[2018.06.17-04.51.42:932][976]LogEditorActor: Deleted Actor: Brush
[2018.06.17-04.51.42:977][976]LogEditorActor: Deleted 3 Actors (0.064 secs)
[2018.06.17-04.51.44:039][ 47]LogEditorViewport: Clicking on Actor (LMB): BP_Sky_Sphere_C (SkySphereBlueprint)
[2018.06.17-04.51.47:101][292]Cmd: BRUSH ADD SELECTNEWBRUSH
[2018.06.17-04.51.52:783][852]Cmd: TRANSACTION UNDO
[2018.06.17-04.51.52:783][852]LogEditorTransaction: Undo Edit Y
[2018.06.17-04.51.52:800][852]LogActorComponent: ~FComponentReregisterContext: (/Game/ThirdPersonBP/Maps/ThirdPersonExampleMap.ThirdPersonExampleMap:PersistentLevel.Draws_10.BrushComponent0) Component already registered.
[2018.06.17-04.52.23:023][919]Cmd: EDIT COPY
[2018.06.17-04.52.23:268][946]Cmd: EDIT PASTE
[2018.06.17-04.53.00:659][698]Cmd: TRANSACTION UNDO
[2018.06.17-04.53.00:659][698]LogEditorTransaction: Undo Edit X
[2018.06.17-04.53.00:676][698]LogActorComponent: ~FComponentReregisterContext: (/Game/ThirdPersonBP/Maps/ThirdPersonExampleMap.ThirdPersonExampleMap:PersistentLevel.Draws_10.BrushComponent0) Component already registered.
[2018.06.17-04.53.00:678][698]LogActorComponent: ~FComponentReregisterContext: (/Game/ThirdPersonBP/Maps/ThirdPersonExampleMap.ThirdPersonExampleMap:PersistentLevel.Draws8.BrushComponent0) Component already registered.
[2018.06.17-04.53.12:343][808]LogEditorViewport: Clicking on Actor (LMB): BP_Sky_Sphere_C (SkySphereBlueprint)
[2018.06.17-04.54.04:539][512]LogSavePackage: Save=633.07ms
[2018.06.17-04.54.04:539][512]LogSavePackage: Moving '../../../../Studio2Level/Saved/ThirdPersonExampleMap_Auto35A5694CC4A6CDDD8C7B84BB8F5250577.tmp' to '../../../../Studio2Level/Saved/Autosaves/Game/ThirdPersonBP/Maps/ThirdPersonExampleMap_Auto3.umap'
[2018.06.17-04.54.04:540][512]LogSavePackage: Display: Finished SavePackage ../../../../Studio2Level/Saved/Autosaves/Game/ThirdPersonBP/Maps/ThirdPersonExampleMap_Auto3.umap
[2018.06.17-04.54.04:542][512]LogFileHelpers: Editor autosave (incl. sublevels) for '/Game/ThirdPersonBP/Maps/ThirdPersonExampleMap' took 0.685
[2018.06.17-04.54.04:542][512]LogFileHelpers: Editor autosave (incl. sublevels) for all levels took 0.685
[2018.06.17-04.54.04:544][512]OBJ SavePackage: Generating thumbnails for [1] asset(s) in package [/Game/ThirdPersonBP/Door] ([1] browsable assets)...
[2018.06.17-04.54.04:587][512]OBJ SavePackage:     Rendered thumbnail for [Material /Game/ThirdPersonBP/Door.Door]
[2018.06.17-04.54.04:587][512]OBJ SavePackage: Finished generating thumbnails for package [/Game/ThirdPersonBP/Door]
[2018.06.17-04.54.04:587][512]Cmd: OBJ SAVEPACKAGE PACKAGE="/Game/ThirdPersonBP/Door" FILE="../../../../Studio2Level/Saved/Autosaves/Game/ThirdPersonBP/Door_Auto3.uasset" SILENT=false AUTOSAVING=true
[2018.06.17-04.54.04:635][512]LogSavePackage: Save=46.56ms
[2018.06.17-04.54.04:635][512]LogSavePackage: Moving '../../../../Studio2Level/Saved/Door_Auto3852F78954EF073B54B4553964CC2FDA4.tmp' to '../../../../Studio2Level/Saved/Autosaves/Game/ThirdPersonBP/Door_Auto3.uasset'
[2018.06.17-04.54.04:636][512]LogSavePackage: Display: Finished SavePackage ../../../../Studio2Level/Saved/Autosaves/Game/ThirdPersonBP/Door_Auto3.uasset
[2018.06.17-04.54.04:636][512]LogFileHelpers: Auto-saving content packages took 0.093
[2018.06.17-04.54.15:123][257]LogFactory: FactoryCreateFile: Texture with ReimportTextureFactory (0 0 C:\Users\lukes\Desktop\1280px-Red_flag.svg.png)
[2018.06.17-04.54.15:179][257]LogTexture: Display: Building textures: 1280px-Red_flag_svg (AutoDXT, 1280X768)
[2018.06.17-04.54.17:020][387]LogContentBrowser: Native class hierarchy updated for 'MaterialEditor' in 0.0003 seconds. Added 1 classes and 0 folders.
[2018.06.17-04.54.17:050][387]LogMaterial: Missing cached shader map for material Door, compiling. 
[2018.06.17-04.54.17:543][387]LogSlate: Took 0.000196 seconds to synchronously load lazily loaded font '../../../Engine/Content/Slate/Fonts/Roboto-Regular.ttf' (155K)
[2018.06.17-04.54.17:956][387]LogMaterial: Missing cached shader map for material Door, compiling. 
[2018.06.17-04.54.18:617][387]LogSlate: Took 0.015015 seconds to synchronously load lazily loaded font '../../../Engine/Content/Editor/Slate/Fonts/Roboto-BoldCondensed.ttf' (158K)
[2018.06.17-04.54.19:543][414]MaterialEditorStats: Base pass shader: 99 instructions
[2018.06.17-04.54.19:543][414]MaterialEditorStats: Base pass shader with Volumetric Lightmap: 172 instructions
[2018.06.17-04.54.19:543][414]MaterialEditorStats: Vertex shader: 29 instructions
[2018.06.17-04.54.19:543][414]MaterialEditorStats: Texture samplers: 2/16
[2018.06.17-04.54.25:506][874]LogMaterial: Missing cached shader map for material Door, compiling. 
[2018.06.17-04.54.25:527][874]LogMaterial: Missing cached shader map for material FMatExpressionPreview MaterialExpressionTextureSample_0, compiling. 
[2018.06.17-04.54.25:559][874]LogMaterial: Missing cached shader map for material FMatExpressionPreview MaterialExpressionTextureSample_0, compiling. 
[2018.06.17-04.54.26:121][903]MaterialEditorStats: Base pass shader: 99 instructions
[2018.06.17-04.54.26:121][903]MaterialEditorStats: Base pass shader with Volumetric Lightmap: 172 instructions
[2018.06.17-04.54.26:121][903]MaterialEditorStats: Vertex shader: 29 instructions
[2018.06.17-04.54.26:121][903]MaterialEditorStats: Texture samplers: 2/16
[2018.06.17-04.54.28:387][103]LogMaterial: Missing cached shader map for material Door, compiling. 
[2018.06.17-04.54.28:429][103]LogMaterial: Missing cached shader map for material FMatExpressionPreview MaterialExpressionTextureSample_0, compiling. 
[2018.06.17-04.54.29:041][137]MaterialEditorStats: Base pass shader: 102 instructions
[2018.06.17-04.54.29:041][137]MaterialEditorStats: Base pass shader with Volumetric Lightmap: 175 instructions
[2018.06.17-04.54.29:041][137]MaterialEditorStats: Vertex shader: 31 instructions
[2018.06.17-04.54.29:041][137]MaterialEditorStats: Texture samplers: 3/16
[2018.06.17-04.54.29:041][137]MaterialEditorStats: User interpolators: 2/4 Scalars (1/4 Vectors) (TexCoords: 2, Custom: 0)
[2018.06.17-04.54.34:010][351]LogMaterial: Missing cached shader map for material Door, compiling. 
[2018.06.17-04.54.34:070][351]LogMaterial: Missing cached shader map for material Door, compiling. 
[2018.06.17-04.54.34:107][351]LogMaterial: Missing cached shader map for material Door, compiling. 
[2018.06.17-04.54.34:204][351]LogMaterial: Missing cached shader map for material FDebugViewModeMaterialProxy Door, compiling. 
[2018.06.17-04.54.34:571][351]TextureStreamingBuild: Display: Compiling optional shaders took 0.394 seconds.
[2018.06.17-04.54.51:266][  9]LogEditorViewport: Clicking on Actor (LMB): BP_Sky_Sphere_C (SkySphereBlueprint)
[2018.06.17-04.54.56:191][424]Cmd: POLY SELECT ADJACENT ALL
[2018.06.17-04.55.03:024][ 52]LogEditorViewport: Clicking on Actor (LMB): BP_Sky_Sphere_C (SkySphereBlueprint)
[2018.06.17-04.55.21:829][875]LogEditorViewport: Clicking on Actor (LMB): BP_Sky_Sphere_C (SkySphereBlueprint)
[2018.06.17-04.55.29:629][597]Cmd: POLY SELECT ADJACENT ALL
[2018.06.17-04.55.32:167][793]LogEditorViewport: Clicking on Actor (LMB): BP_Sky_Sphere_C (SkySphereBlueprint)
[2018.06.17-04.55.39:189][460]Cmd: POLY SELECT ADJACENT ALL
[2018.06.17-04.55.47:294][266]LogEditorViewport: Clicking on Actor (LMB): BP_Sky_Sphere_C (SkySphereBlueprint)
[2018.06.17-04.55.57:497][ 43]LogEditorViewport: Clicking on Actor (LMB): BP_Sky_Sphere_C (SkySphereBlueprint)
[2018.06.17-04.56.06:630][897]Cmd: POLY SELECT ADJACENT ALL
[2018.06.17-04.56.09:195][117]LogEditorViewport: Clicking on Actor (LMB): BP_Sky_Sphere_C (SkySphereBlueprint)
[2018.06.17-05.04.13:766][889]LogEditorViewport: Clicking on Actor (LMB): StaticMeshActor (Floor)
[2018.06.17-05.04.27:246][308]LogEditorViewport: Clicking Background
[2018.06.17-05.05.12:932][964]LogEditorViewport: Clicking on Actor (LMB): Brush (Box Brush6)
[2018.06.17-05.05.20:703][724]LogEditorViewport: Clicking on Actor (LMB): BP_Sky_Sphere_C (SkySphereBlueprint)
[2018.06.17-05.05.40:635][715]LogEditorViewport: Clicking on Actor (LMB): LightmassImportanceVolume (LightmassImportanceVolume)
[2018.06.17-05.06.05:899][402]LogEditorViewport: Clicking on Actor (LMB): BP_Sky_Sphere_C (SkySphereBlueprint)
[2018.06.17-05.06.12:964][ 36]LogTemp: Repeating last play command: Selected Viewport
[2018.06.17-05.06.12:972][ 36]LogBlueprintUserMessages: Early PlayInEditor Detection: Level '/Game/ThirdPersonBP/Maps/ThirdPersonExampleMap.ThirdPersonExampleMap:PersistentLevel' has LevelScriptBlueprint '/Game/ThirdPersonBP/Maps/ThirdPersonExampleMap.ThirdPersonExampleMap:PersistentLevel.ThirdPersonExampleMap' with GeneratedClass '/Game/ThirdPersonBP/Maps/ThirdPersonExampleMap.ThirdPersonExampleMap_C' with ClassGeneratedBy '/Game/ThirdPersonBP/Maps/ThirdPersonExampleMap.ThirdPersonExampleMap:PersistentLevel.ThirdPersonExampleMap'
[2018.06.17-05.06.12:972][ 36]LogPlayLevel: PlayLevel: No blueprints needed recompiling
[2018.06.17-05.06.12:972][ 36]PIE: New page: PIE session: ThirdPersonExampleMap (18 Jun 2018 1:06:12 am)
[2018.06.17-05.06.12:972][ 36]LogPlayLevel: Creating play world package: /Game/ThirdPersonBP/Maps/UEDPIE_0_ThirdPersonExampleMap
[2018.06.17-05.06.12:996][ 36]LogPlayLevel: PIE: StaticDuplicateObject took: (0.022417s)
[2018.06.17-05.06.12:997][ 36]LogAIModule: Creating AISystem for world ThirdPersonExampleMap
[2018.06.17-05.06.12:997][ 36]LogPlayLevel: PIE: World Init took: (0.000964s)
[2018.06.17-05.06.12:997][ 36]LogPlayLevel: PIE: Created PIE world by copying editor world from /Game/ThirdPersonBP/Maps/ThirdPersonExampleMap.ThirdPersonExampleMap to /Game/ThirdPersonBP/Maps/UEDPIE_0_ThirdPersonExampleMap.ThirdPersonExampleMap (0.023674s)
[2018.06.17-05.06.13:047][ 36]LogInit: XAudio2 using '4 - PHL 323E7 (AMD High Definition Audio Device)' : 2 channels at 48 kHz using 16 bits per sample (channel mask 0x3)
[2018.06.17-05.06.13:058][ 36]LogInit: FAudioDevice initialized.
[2018.06.17-05.06.13:094][ 36]LogLoad: Game class is 'ThirdPersonGameMode_C'
[2018.06.17-05.06.13:097][ 36]LogWorld: Bringing World /Game/ThirdPersonBP/Maps/UEDPIE_0_ThirdPersonExampleMap.ThirdPersonExampleMap up for play (max tick rate 0) at 2018.06.17-15.06.13
[2018.06.17-05.06.13:097][ 36]LogWorld: Bringing up level for play took: 0.002325
[2018.06.17-05.06.13:098][ 36]LogGameMode: FindPlayerStart: PATHS NOT DEFINED or NO PLAYERSTART with positive rating
[2018.06.17-05.06.13:098][ 36]PIE: Play in editor start time for /Game/ThirdPersonBP/Maps/UEDPIE_0_ThirdPersonExampleMap -0.81
[2018.06.17-05.06.13:099][ 36]LogBlueprintUserMessages: Late PlayInEditor Detection: Level '/Game/ThirdPersonBP/Maps/ThirdPersonExampleMap.ThirdPersonExampleMap:PersistentLevel' has LevelScriptBlueprint '/Game/ThirdPersonBP/Maps/ThirdPersonExampleMap.ThirdPersonExampleMap:PersistentLevel.ThirdPersonExampleMap' with GeneratedClass '/Game/ThirdPersonBP/Maps/ThirdPersonExampleMap.ThirdPersonExampleMap_C' with ClassGeneratedBy '/Game/ThirdPersonBP/Maps/ThirdPersonExampleMap.ThirdPersonExampleMap:PersistentLevel.ThirdPersonExampleMap'
[2018.06.17-05.06.15:868][331]LogBlueprintUserMessages: Early EndPlayMap Detection: Level '/Game/ThirdPersonBP/Maps/ThirdPersonExampleMap.ThirdPersonExampleMap:PersistentLevel' has LevelScriptBlueprint '/Game/ThirdPersonBP/Maps/ThirdPersonExampleMap.ThirdPersonExampleMap:PersistentLevel.ThirdPersonExampleMap' with GeneratedClass '/Game/ThirdPersonBP/Maps/ThirdPersonExampleMap.ThirdPersonExampleMap_C' with ClassGeneratedBy '/Game/ThirdPersonBP/Maps/ThirdPersonExampleMap.ThirdPersonExampleMap:PersistentLevel.ThirdPersonExampleMap'
[2018.06.17-05.06.15:904][331]LogBlueprintUserMessages: Late EndPlayMap Detection: Level '/Game/ThirdPersonBP/Maps/ThirdPersonExampleMap.ThirdPersonExampleMap:PersistentLevel' has LevelScriptBlueprint '/Game/ThirdPersonBP/Maps/ThirdPersonExampleMap.ThirdPersonExampleMap:PersistentLevel.ThirdPersonExampleMap' with GeneratedClass '/Game/ThirdPersonBP/Maps/ThirdPersonExampleMap.ThirdPersonExampleMap_C' with ClassGeneratedBy '/Game/ThirdPersonBP/Maps/ThirdPersonExampleMap.ThirdPersonExampleMap:PersistentLevel.ThirdPersonExampleMap'
[2018.06.17-05.06.19:544][698]LogEditorViewport: Clicking on Actor (LMB): ThirdPersonCharacter_C (ThirdPersonCharacter)
[2018.06.17-05.06.25:513][ 81]LogTemp: Repeating last play command: Selected Viewport
[2018.06.17-05.06.25:521][ 81]LogBlueprintUserMessages: Early PlayInEditor Detection: Level '/Game/ThirdPersonBP/Maps/ThirdPersonExampleMap.ThirdPersonExampleMap:PersistentLevel' has LevelScriptBlueprint '/Game/ThirdPersonBP/Maps/ThirdPersonExampleMap.ThirdPersonExampleMap:PersistentLevel.ThirdPersonExampleMap' with GeneratedClass '/Game/ThirdPersonBP/Maps/ThirdPersonExampleMap.ThirdPersonExampleMap_C' with ClassGeneratedBy '/Game/ThirdPersonBP/Maps/ThirdPersonExampleMap.ThirdPersonExampleMap:PersistentLevel.ThirdPersonExampleMap'
[2018.06.17-05.06.25:521][ 81]LogPlayLevel: PlayLevel: No blueprints needed recompiling
[2018.06.17-05.06.25:522][ 81]PIE: New page: PIE session: ThirdPersonExampleMap (18 Jun 2018 1:06:25 am)
[2018.06.17-05.06.25:522][ 81]LogPlayLevel: Creating play world package: /Game/ThirdPersonBP/Maps/UEDPIE_0_ThirdPersonExampleMap
[2018.06.17-05.06.25:544][ 81]LogPlayLevel: PIE: StaticDuplicateObject took: (0.022044s)
[2018.06.17-05.06.25:544][ 81]LogAIModule: Creating AISystem for world ThirdPersonExampleMap
[2018.06.17-05.06.25:545][ 81]LogPlayLevel: PIE: World Init took: (0.000822s)
[2018.06.17-05.06.25:545][ 81]LogPlayLevel: PIE: Created PIE world by copying editor world from /Game/ThirdPersonBP/Maps/ThirdPersonExampleMap.ThirdPersonExampleMap to /Game/ThirdPersonBP/Maps/UEDPIE_0_ThirdPersonExampleMap.ThirdPersonExampleMap (0.023154s)
[2018.06.17-05.06.25:639][ 81]LogInit: XAudio2 using '4 - PHL 323E7 (AMD High Definition Audio Device)' : 2 channels at 48 kHz using 16 bits per sample (channel mask 0x3)
[2018.06.17-05.06.25:650][ 81]LogInit: FAudioDevice initialized.
[2018.06.17-05.06.25:681][ 81]LogLoad: Game class is 'ThirdPersonGameMode_C'
[2018.06.17-05.06.25:683][ 81]LogWorld: Bringing World /Game/ThirdPersonBP/Maps/UEDPIE_0_ThirdPersonExampleMap.ThirdPersonExampleMap up for play (max tick rate 0) at 2018.06.17-15.06.25
[2018.06.17-05.06.25:684][ 81]LogWorld: Bringing up level for play took: 0.002155
[2018.06.17-05.06.25:684][ 81]LogGameMode: FindPlayerStart: PATHS NOT DEFINED or NO PLAYERSTART with positive rating
[2018.06.17-05.06.25:685][ 81]PIE: Play in editor start time for /Game/ThirdPersonBP/Maps/UEDPIE_0_ThirdPersonExampleMap -0.223
[2018.06.17-05.06.25:685][ 81]LogBlueprintUserMessages: Late PlayInEditor Detection: Level '/Game/ThirdPersonBP/Maps/ThirdPersonExampleMap.ThirdPersonExampleMap:PersistentLevel' has LevelScriptBlueprint '/Game/ThirdPersonBP/Maps/ThirdPersonExampleMap.ThirdPersonExampleMap:PersistentLevel.ThirdPersonExampleMap' with GeneratedClass '/Game/ThirdPersonBP/Maps/ThirdPersonExampleMap.ThirdPersonExampleMap_C' with ClassGeneratedBy '/Game/ThirdPersonBP/Maps/ThirdPersonExampleMap.ThirdPersonExampleMap:PersistentLevel.ThirdPersonExampleMap'
[2018.06.17-05.06.38:412][451]LogBlueprintUserMessages: Early EndPlayMap Detection: Level '/Game/ThirdPersonBP/Maps/ThirdPersonExampleMap.ThirdPersonExampleMap:PersistentLevel' has LevelScriptBlueprint '/Game/ThirdPersonBP/Maps/ThirdPersonExampleMap.ThirdPersonExampleMap:PersistentLevel.ThirdPersonExampleMap' with GeneratedClass '/Game/ThirdPersonBP/Maps/ThirdPersonExampleMap.ThirdPersonExampleMap_C' with ClassGeneratedBy '/Game/ThirdPersonBP/Maps/ThirdPersonExampleMap.ThirdPersonExampleMap:PersistentLevel.ThirdPersonExampleMap'
[2018.06.17-05.06.38:454][451]LogBlueprintUserMessages: Late EndPlayMap Detection: Level '/Game/ThirdPersonBP/Maps/ThirdPersonExampleMap.ThirdPersonExampleMap:PersistentLevel' has LevelScriptBlueprint '/Game/ThirdPersonBP/Maps/ThirdPersonExampleMap.ThirdPersonExampleMap:PersistentLevel.ThirdPersonExampleMap' with GeneratedClass '/Game/ThirdPersonBP/Maps/ThirdPersonExampleMap.ThirdPersonExampleMap_C' with ClassGeneratedBy '/Game/ThirdPersonBP/Maps/ThirdPersonExampleMap.ThirdPersonExampleMap:PersistentLevel.ThirdPersonExampleMap'
[2018.06.17-05.07.21:311][423]LogSavePackage: Save=742.73ms
[2018.06.17-05.07.21:311][423]LogSavePackage: Moving '../../../../Studio2Level/Saved/ThirdPersonExampleMap_Auto4FD0012B44DA1E33CEE99EA93319D1A55.tmp' to '../../../../Studio2Level/Saved/Autosaves/Game/ThirdPersonBP/Maps/ThirdPersonExampleMap_Auto4.umap'
[2018.06.17-05.07.21:312][423]LogSavePackage: Display: Finished SavePackage ../../../../Studio2Level/Saved/Autosaves/Game/ThirdPersonBP/Maps/ThirdPersonExampleMap_Auto4.umap
[2018.06.17-05.07.21:314][423]LogFileHelpers: Editor autosave (incl. sublevels) for '/Game/ThirdPersonBP/Maps/ThirdPersonExampleMap' took 0.797
[2018.06.17-05.07.21:314][423]LogFileHelpers: Editor autosave (incl. sublevels) for all levels took 0.797
[2018.06.17-05.07.21:316][423]OBJ SavePackage: Generating thumbnails for [1] asset(s) in package [/Game/ThirdPersonBP/Door] ([1] browsable assets)...
[2018.06.17-05.07.21:349][423]OBJ SavePackage:     Rendered thumbnail for [Material /Game/ThirdPersonBP/Door.Door]
[2018.06.17-05.07.21:349][423]OBJ SavePackage: Finished generating thumbnails for package [/Game/ThirdPersonBP/Door]
[2018.06.17-05.07.21:349][423]Cmd: OBJ SAVEPACKAGE PACKAGE="/Game/ThirdPersonBP/Door" FILE="../../../../Studio2Level/Saved/Autosaves/Game/ThirdPersonBP/Door_Auto4.uasset" SILENT=false AUTOSAVING=true
[2018.06.17-05.07.21:364][423]LogSavePackage: Save=13.00ms
[2018.06.17-05.07.21:364][423]LogSavePackage: Moving '../../../../Studio2Level/Saved/Door_Auto4C7E6836340CC378A433405BE701C576D.tmp' to '../../../../Studio2Level/Saved/Autosaves/Game/ThirdPersonBP/Door_Auto4.uasset'
[2018.06.17-05.07.21:365][423]LogSavePackage: Display: Finished SavePackage ../../../../Studio2Level/Saved/Autosaves/Game/ThirdPersonBP/Door_Auto4.uasset
[2018.06.17-05.07.21:366][423]OBJ SavePackage: Generating thumbnails for [1] asset(s) in package [/Game/ThirdPersonBP/1280px-Red_flag_svg] ([1] browsable assets)...
[2018.06.17-05.07.21:371][423]OBJ SavePackage:     Rendered thumbnail for [Texture2D /Game/ThirdPersonBP/1280px-Red_flag_svg.1280px-Red_flag_svg]
[2018.06.17-05.07.21:371][423]OBJ SavePackage: Finished generating thumbnails for package [/Game/ThirdPersonBP/1280px-Red_flag_svg]
[2018.06.17-05.07.21:371][423]Cmd: OBJ SAVEPACKAGE PACKAGE="/Game/ThirdPersonBP/1280px-Red_flag_svg" FILE="../../../../Studio2Level/Saved/Autosaves/Game/ThirdPersonBP/1280px-Red_flag_svg_Auto4.uasset" SILENT=false AUTOSAVING=true
[2018.06.17-05.07.21:377][423]LogSavePackage: Save=4.66ms
[2018.06.17-05.07.21:377][423]LogSavePackage: Moving '../../../../Studio2Level/Saved/1280px-Red_flag_svg_Auto486920A774D82E26C7B1BC89ED45E0D72.tmp' to '../../../../Studio2Level/Saved/Autosaves/Game/ThirdPersonBP/1280px-Red_flag_svg_Auto4.uasset'
[2018.06.17-05.07.21:378][423]LogSavePackage: Display: Finished SavePackage ../../../../Studio2Level/Saved/Autosaves/Game/ThirdPersonBP/1280px-Red_flag_svg_Auto4.uasset
[2018.06.17-05.07.21:378][423]LogFileHelpers: Auto-saving content packages took 0.063
[2018.06.17-07.50.21:422][764]LogInit: XAudio2 using 'Headset Earphone (2- Corsair VOID PRO Wireless Gaming Headset)' : 6 channels at 48 kHz using 16 bits per sample (channel mask 0x3f)
