Log file open, 07/11/18 17:05:03
LogWindows: Failed to load 'aqProf.dll' (GetLastError=126)
LogWindows: File 'aqProf.dll' does not exist
LogWindows: Failed to load 'VtuneApi.dll' (GetLastError=126)
LogWindows: File 'VtuneApi.dll' does not exist
LogWindows: Failed to load 'VtuneApi32e.dll' (GetLastError=126)
LogWindows: File 'VtuneApi32e.dll' does not exist
LogInit: Display: Running engine for game: Studio2Level
LogPlatformFile: Not using cached read wrapper
LogInit: Display: RandInit(442961305) SRandInit(442961305).
LogInit: Read version file with build ID '3944462'
LogInit: Overriding engine version to CL 4033788, compatible CL 3944462
LogInit: Registered custom module enumerator with build ID '3944462'
LogTaskGraph: Started task graph with 5 named threads and 14 total threads with 3 sets of task threads.
LogStats: Stats thread started at 4.126657
LogD3D11RHI: Aftermath initialized
LogICUInternationalization: Display: ICU TimeZone Detection - Raw Offset: +10:00, Platform Override: ''
LogModuleManager: Display: Found up-to-date module file ../../../Engine/Plugins/2D/Paper2D/Binaries/Win64/UE4Editor-Paper2D.dll (API version 3944462).
LogModuleManager: Display: Found up-to-date module file ../../../Engine/Plugins/2D/Paper2D/Binaries/Win64/UE4Editor-Paper2DEditor.dll (API version 3944462).
LogModuleManager: Display: Found up-to-date module file ../../../Engine/Plugins/2D/Paper2D/Binaries/Win64/UE4Editor-PaperSpriteSheetImporter.dll (API version 3944462).
LogModuleManager: Display: Found up-to-date module file ../../../Engine/Plugins/2D/Paper2D/Binaries/Win64/UE4Editor-PaperTiledImporter.dll (API version 3944462).
LogModuleManager: Display: Found up-to-date module file ../../../Engine/Plugins/2D/Paper2D/Binaries/Win64/UE4Editor-SmartSnapping.dll (API version 3944462).
LogModuleManager: Display: Found up-to-date module file ../../../Engine/Plugins/Blendables/LightPropagationVolume/Binaries/Win64/UE4Editor-LightPropagationVolumeRuntime.dll (API version 3944462).
LogModuleManager: Display: Found up-to-date module file ../../../Engine/Plugins/Blendables/LightPropagationVolume/Binaries/Win64/UE4Editor-LightPropagationVolumeEditor.dll (API version 3944462).
LogModuleManager: Display: Found up-to-date module file ../../../Engine/Plugins/Developer/CLionSourceCodeAccess/Binaries/Win64/UE4Editor-CLionSourceCodeAccess.dll (API version 3944462).
LogModuleManager: Display: Found up-to-date module file ../../../Engine/Plugins/Developer/GitSourceControl/Binaries/Win64/UE4Editor-GitSourceControl.dll (API version 3944462).
LogModuleManager: Display: Found up-to-date module file ../../../Engine/Plugins/Developer/PerforceSourceControl/Binaries/Win64/UE4Editor-PerforceSourceControl.dll (API version 3944462).
LogModuleManager: Display: Found up-to-date module file ../../../Engine/Plugins/Developer/SubversionSourceControl/Binaries/Win64/UE4Editor-SubversionSourceControl.dll (API version 3944462).
LogModuleManager: Display: Found up-to-date module file ../../../Engine/Plugins/Developer/UObjectPlugin/Binaries/Win64/UE4Editor-UObjectPlugin.dll (API version 3944462).
LogModuleManager: Display: Found up-to-date module file ../../../Engine/Plugins/Developer/VisualStudioCodeSourceCodeAccess/Binaries/Win64/UE4Editor-VisualStudioCodeSourceCodeAccess.dll (API version 3944462).
LogModuleManager: Display: Found up-to-date module file ../../../Engine/Plugins/Developer/VisualStudioSourceCodeAccess/Binaries/Win64/UE4Editor-VisualStudioSourceCodeAccess.dll (API version 3944462).
LogModuleManager: Display: Found up-to-date module file ../../../Engine/Plugins/Editor/AssetManagerEditor/Binaries/Win64/UE4Editor-AssetManagerEditor.dll (API version 3944462).
LogModuleManager: Display: Found up-to-date module file ../../../Engine/Plugins/Editor/CryptoKeys/Binaries/Win64/UE4Editor-CryptoKeys.dll (API version 3944462).
LogModuleManager: Display: Found up-to-date module file ../../../Engine/Plugins/Editor/CryptoKeys/Binaries/Win64/UE4Editor-CryptoKeysOpenSSL.dll (API version 3944462).
LogModuleManager: Display: Found up-to-date module file ../../../Engine/Plugins/Editor/DataValidation/Binaries/Win64/UE4Editor-DataValidation.dll (API version 3944462).
LogModuleManager: Display: Found up-to-date module file ../../../Engine/Plugins/Editor/FacialAnimation/Binaries/Win64/UE4Editor-FacialAnimation.dll (API version 3944462).
LogModuleManager: Display: Found up-to-date module file ../../../Engine/Plugins/Editor/FacialAnimation/Binaries/Win64/UE4Editor-FacialAnimationEditor.dll (API version 3944462).
LogModuleManager: Display: Found up-to-date module file ../../../Engine/Plugins/Editor/GameplayTagsEditor/Binaries/Win64/UE4Editor-GameplayTagsEditor.dll (API version 3944462).
LogModuleManager: Display: Found up-to-date module file ../../../Engine/Plugins/Editor/MobileLauncherProfileWizard/Binaries/Win64/UE4Editor-MobileLauncherProfileWizard.dll (API version 3944462).
LogModuleManager: Display: Found up-to-date module file ../../../Engine/Plugins/Editor/PluginBrowser/Binaries/Win64/UE4Editor-PluginBrowser.dll (API version 3944462).
LogModuleManager: Display: Found up-to-date module file ../../../Engine/Plugins/Editor/SpeedTreeImporter/Binaries/Win64/UE4Editor-SpeedTreeImporter.dll (API version 3944462).
LogModuleManager: Display: Found up-to-date module file ../../../Engine/Plugins/Enterprise/DatasmithContent/Binaries/Win64/UE4Editor-DatasmithContent.dll (API version 3944462).
LogModuleManager: Display: Found up-to-date module file ../../../Engine/Plugins/Experimental/AlembicImporter/Binaries/Win64/UE4Editor-AlembicImporter.dll (API version 3944462).
LogModuleManager: Display: Found up-to-date module file ../../../Engine/Plugins/Experimental/AlembicImporter/Binaries/Win64/UE4Editor-AlembicLibrary.dll (API version 3944462).
LogModuleManager: Display: Found up-to-date module file ../../../Engine/Plugins/Experimental/CharacterAI/Binaries/Win64/UE4Editor-CharacterAI.dll (API version 3944462).
LogModuleManager: Display: Found up-to-date module file ../../../Engine/Plugins/Experimental/HTML5Networking/Binaries/Win64/UE4Editor-HTML5Networking.dll (API version 3944462).
LogModuleManager: Display: Found up-to-date module file ../../../Engine/Plugins/Media/AndroidMedia/Binaries/Win64/UE4Editor-AndroidMediaEditor.dll (API version 3944462).
LogModuleManager: Display: Found up-to-date module file ../../../Engine/Plugins/Media/AndroidMedia/Binaries/Win64/UE4Editor-AndroidMediaFactory.dll (API version 3944462).
LogModuleManager: Display: Found up-to-date module file ../../../Engine/Plugins/Media/AvfMedia/Binaries/Win64/UE4Editor-AvfMediaEditor.dll (API version 3944462).
LogModuleManager: Display: Found up-to-date module file ../../../Engine/Plugins/Media/AvfMedia/Binaries/Win64/UE4Editor-AvfMediaFactory.dll (API version 3944462).
LogModuleManager: Display: Found up-to-date module file ../../../Engine/Plugins/Media/AvfMedia/Binaries/Win64/UE4Editor-AvfMediaFactory.dll (API version 3944462).
LogModuleManager: Display: Found up-to-date module file ../../../Engine/Plugins/Media/ImgMedia/Binaries/Win64/UE4Editor-ImgMedia.dll (API version 3944462).
LogModuleManager: Display: Found up-to-date module file ../../../Engine/Plugins/Media/ImgMedia/Binaries/Win64/UE4Editor-ImgMediaEditor.dll (API version 3944462).
LogModuleManager: Display: Found up-to-date module file ../../../Engine/Plugins/Media/ImgMedia/Binaries/Win64/UE4Editor-ImgMediaFactory.dll (API version 3944462).
LogModuleManager: Display: Found up-to-date module file ../../../Engine/Plugins/Media/ImgMedia/Binaries/Win64/UE4Editor-ImgMediaFactory.dll (API version 3944462).
LogModuleManager: Display: Found up-to-date module file ../../../Engine/Plugins/Media/ImgMedia/Binaries/Win64/UE4Editor-OpenExrWrapper.dll (API version 3944462).
LogModuleManager: Display: Found up-to-date module file ../../../Engine/Plugins/Media/LinearTimecode/Binaries/Win64/UE4Editor-LinearTimecode.dll (API version 3944462).
LogModuleManager: Display: Found up-to-date module file ../../../Engine/Plugins/Media/MediaCompositing/Binaries/Win64/UE4Editor-MediaCompositing.dll (API version 3944462).
LogModuleManager: Display: Found up-to-date module file ../../../Engine/Plugins/Media/MediaCompositing/Binaries/Win64/UE4Editor-MediaCompositingEditor.dll (API version 3944462).
LogModuleManager: Display: Found up-to-date module file ../../../Engine/Plugins/Media/MediaPlayerEditor/Binaries/Win64/UE4Editor-MediaPlayerEditor.dll (API version 3944462).
LogModuleManager: Display: Found up-to-date module file ../../../Engine/Plugins/Media/WmfMedia/Binaries/Win64/UE4Editor-WmfMedia.dll (API version 3944462).
LogModuleManager: Display: Found up-to-date module file ../../../Engine/Plugins/Media/WmfMedia/Binaries/Win64/UE4Editor-WmfMediaEditor.dll (API version 3944462).
LogModuleManager: Display: Found up-to-date module file ../../../Engine/Plugins/Media/WmfMedia/Binaries/Win64/UE4Editor-WmfMediaFactory.dll (API version 3944462).
LogModuleManager: Display: Found up-to-date module file ../../../Engine/Plugins/Media/WmfMedia/Binaries/Win64/UE4Editor-WmfMediaFactory.dll (API version 3944462).
LogModuleManager: Display: Found up-to-date module file ../../../Engine/Plugins/Messaging/TcpMessaging/Binaries/Win64/UE4Editor-TcpMessaging.dll (API version 3944462).
LogModuleManager: Display: Found up-to-date module file ../../../Engine/Plugins/Messaging/UdpMessaging/Binaries/Win64/UE4Editor-UdpMessaging.dll (API version 3944462).
LogModuleManager: Display: Found up-to-date module file ../../../Engine/Plugins/MovieScene/ActorSequence/Binaries/Win64/UE4Editor-ActorSequence.dll (API version 3944462).
LogModuleManager: Display: Found up-to-date module file ../../../Engine/Plugins/MovieScene/LevelSequenceEditor/Binaries/Win64/UE4Editor-LevelSequenceEditor.dll (API version 3944462).
LogModuleManager: Display: Found up-to-date module file ../../../Engine/Plugins/MovieScene/MatineeToLevelSequence/Binaries/Win64/UE4Editor-MatineeToLevelSequence.dll (API version 3944462).
LogModuleManager: Display: Found up-to-date module file ../../../Engine/Plugins/NetcodeUnitTest/NetcodeUnitTest/Binaries/Win64/UE4Editor-NetcodeUnitTest.dll (API version 3944462).
LogModuleManager: Display: Found up-to-date module file ../../../Engine/Plugins/NetcodeUnitTest/NUTUnrealEngine4/Binaries/Win64/UE4Editor-NUTUnrealEngine4.dll (API version 3944462).
LogModuleManager: Display: Found up-to-date module file ../../../Engine/Plugins/Online/OnlineSubsystem/Binaries/Win64/UE4Editor-OnlineSubsystem.dll (API version 3944462).
LogModuleManager: Display: Found up-to-date module file ../../../Engine/Plugins/Runtime/AndroidPermission/Binaries/Win64/UE4Editor-AndroidPermission.dll (API version 3944462).
LogModuleManager: Display: Found up-to-date module file ../../../Engine/Plugins/Online/OnlineSubsystemNull/Binaries/Win64/UE4Editor-OnlineSubsystemNull.dll (API version 3944462).
LogModuleManager: Display: Found up-to-date module file ../../../Engine/Plugins/Online/OnlineSubsystemUtils/Binaries/Win64/UE4Editor-OnlineSubsystemUtils.dll (API version 3944462).
LogModuleManager: Display: Found up-to-date module file ../../../Engine/Plugins/Online/OnlineSubsystemUtils/Binaries/Win64/UE4Editor-OnlineBlueprintSupport.dll (API version 3944462).
LogModuleManager: Display: Found up-to-date module file ../../../Engine/Plugins/Runtime/AndroidDeviceProfileSelector/Binaries/Win64/UE4Editor-AndroidDeviceProfileSelector.dll (API version 3944462).
LogModuleManager: Display: Found up-to-date module file ../../../Engine/Plugins/Runtime/AppleARKit/Binaries/Win64/UE4Editor-AppleARKit.dll (API version 3944462).
LogModuleManager: Display: Found up-to-date module file ../../../Engine/Plugins/Runtime/ProceduralMeshComponent/Binaries/Win64/UE4Editor-ProceduralMeshComponent.dll (API version 3944462).
LogModuleManager: Display: Found up-to-date module file ../../../Engine/Plugins/Runtime/ProceduralMeshComponent/Binaries/Win64/UE4Editor-ProceduralMeshComponentEditor.dll (API version 3944462).
LogModuleManager: Display: Found up-to-date module file ../../../Engine/Plugins/Animation/LiveLink/Binaries/Win64/UE4Editor-LiveLink.dll (API version 3944462).
LogModuleManager: Display: Found up-to-date module file ../../../Engine/Plugins/Animation/LiveLink/Binaries/Win64/UE4Editor-LiveLinkEditor.dll (API version 3944462).
LogModuleManager: Display: Found up-to-date module file ../../../Engine/Plugins/Runtime/ArchVisCharacter/Binaries/Win64/UE4Editor-ArchVisCharacter.dll (API version 3944462).
LogModuleManager: Display: Found up-to-date module file ../../../Engine/Plugins/Runtime/AudioCapture/Binaries/Win64/UE4Editor-AudioCapture.dll (API version 3944462).
LogModuleManager: Display: Found up-to-date module file ../../../Engine/Plugins/Runtime/AudioCapture/Binaries/Win64/UE4Editor-AudioCaptureEditor.dll (API version 3944462).
LogModuleManager: Display: Found up-to-date module file ../../../Engine/Plugins/Runtime/CableComponent/Binaries/Win64/UE4Editor-CableComponent.dll (API version 3944462).
LogModuleManager: Display: Found up-to-date module file ../../../Engine/Plugins/Runtime/CustomMeshComponent/Binaries/Win64/UE4Editor-CustomMeshComponent.dll (API version 3944462).
LogModuleManager: Display: Found up-to-date module file ../../../Engine/Plugins/Runtime/ExampleDeviceProfileSelector/Binaries/Win64/UE4Editor-ExampleDeviceProfileSelector.dll (API version 3944462).
LogModuleManager: Display: Found up-to-date module file ../../../Engine/Plugins/Runtime/ImmediatePhysics/Binaries/Win64/UE4Editor-ImmediatePhysics.dll (API version 3944462).
LogModuleManager: Display: Found up-to-date module file ../../../Engine/Plugins/Runtime/ImmediatePhysics/Binaries/Win64/UE4Editor-ImmediatePhysicsEditor.dll (API version 3944462).
LogModuleManager: Display: Found up-to-date module file ../../../Engine/Plugins/Runtime/LocationServicesBPLibrary/Binaries/Win64/UE4Editor-LocationServicesBPLibrary.dll (API version 3944462).
LogModuleManager: Display: Found up-to-date module file ../../../Engine/Plugins/Runtime/MobilePatchingUtils/Binaries/Win64/UE4Editor-MobilePatchingUtils.dll (API version 3944462).
LogModuleManager: Display: Found up-to-date module file ../../../Engine/Plugins/Runtime/Oculus/OculusVR/Binaries/Win64/UE4Editor-OculusHMD.dll (API version 3944462).
LogModuleManager: Display: Found up-to-date module file ../../../Engine/Plugins/Runtime/Oculus/OculusVR/Binaries/Win64/UE4Editor-OculusInput.dll (API version 3944462).
LogModuleManager: Display: Found up-to-date module file ../../../Engine/Plugins/Runtime/Oculus/OculusVR/Binaries/Win64/UE4Editor-OculusEditor.dll (API version 3944462).
LogModuleManager: Display: Found up-to-date module file ../../../Engine/Plugins/Runtime/PhysXVehicles/Binaries/Win64/UE4Editor-PhysXVehicles.dll (API version 3944462).
LogModuleManager: Display: Found up-to-date module file ../../../Engine/Plugins/Runtime/PhysXVehicles/Binaries/Win64/UE4Editor-PhysXVehiclesEditor.dll (API version 3944462).
LogModuleManager: Display: Found up-to-date module file ../../../Engine/Plugins/Runtime/RuntimePhysXCooking/Binaries/Win64/UE4Editor-RuntimePhysXCooking.dll (API version 3944462).
LogModuleManager: Display: Found up-to-date module file ../../../Engine/Plugins/Runtime/Steam/SteamVR/Binaries/Win64/UE4Editor-SteamVR.dll (API version 3944462).
LogModuleManager: Display: Found up-to-date module file ../../../Engine/Plugins/Runtime/Steam/SteamVR/Binaries/Win64/UE4Editor-SteamVRController.dll (API version 3944462).
LogModuleManager: Display: Found up-to-date module file ../../../Engine/Plugins/Runtime/WindowsMoviePlayer/Binaries/Win64/UE4Editor-WindowsMoviePlayer.dll (API version 3944462).
LogPluginManager: Mounting plugin Paper2D
LogPluginManager: Mounting plugin LiveLink
LogPluginManager: Mounting plugin LightPropagationVolume
LogPluginManager: Mounting plugin CLionSourceCodeAccess
LogPluginManager: Mounting plugin CodeLiteSourceCodeAccess
LogPluginManager: Mounting plugin GitSourceControl
LogPluginManager: Mounting plugin KDevelopSourceCodeAccess
LogPluginManager: Mounting plugin NullSourceCodeAccess
LogPluginManager: Mounting plugin PerforceSourceControl
LogPluginManager: Mounting plugin SubversionSourceControl
LogPluginManager: Mounting plugin UObjectPlugin
LogPluginManager: Mounting plugin VisualStudioCodeSourceCodeAccess
LogPluginManager: Mounting plugin VisualStudioSourceCodeAccess
LogPluginManager: Mounting plugin XCodeSourceCodeAccess
LogPluginManager: Mounting plugin AssetManagerEditor
LogPluginManager: Mounting plugin CryptoKeys
LogPluginManager: Mounting plugin DataValidation
LogPluginManager: Mounting plugin FacialAnimation
LogPluginManager: Mounting plugin GameplayTagsEditor
LogPluginManager: Mounting plugin MobileLauncherProfileWizard
LogPluginManager: Mounting plugin PluginBrowser
LogPluginManager: Mounting plugin SpeedTreeImporter
LogPluginManager: Mounting plugin DatasmithContent
LogPluginManager: Mounting plugin AlembicImporter
LogPluginManager: Mounting plugin CharacterAI
LogPluginManager: Mounting plugin HTML5Networking
LogPluginManager: Mounting plugin AndroidMedia
LogPluginManager: Mounting plugin AvfMedia
LogPluginManager: Mounting plugin ImgMedia
LogPluginManager: Mounting plugin LinearTimecode
LogPluginManager: Mounting plugin MediaCompositing
LogPluginManager: Mounting plugin MediaPlayerEditor
LogPluginManager: Mounting plugin WmfMedia
LogPluginManager: Mounting plugin TcpMessaging
LogPluginManager: Mounting plugin UdpMessaging
LogPluginManager: Mounting plugin ActorSequence
LogPluginManager: Mounting plugin LevelSequenceEditor
LogPluginManager: Mounting plugin MatineeToLevelSequence
LogPluginManager: Mounting plugin NetcodeUnitTest
LogPluginManager: Mounting plugin NUTUnrealEngine4
LogPluginManager: Mounting plugin OnlineSubsystemGooglePlay
LogPluginManager: Mounting plugin OnlineSubsystemIOS
LogPluginManager: Mounting plugin OnlineSubsystem
LogPluginManager: Mounting plugin OnlineSubsystemNull
LogPluginManager: Mounting plugin OnlineSubsystemUtils
LogPluginManager: Mounting plugin AndroidDeviceProfileSelector
LogPluginManager: Mounting plugin AndroidMoviePlayer
LogPluginManager: Mounting plugin AndroidPermission
LogPluginManager: Mounting plugin AppleARKit
LogPluginManager: Mounting plugin AppleMoviePlayer
LogPluginManager: Mounting plugin ArchVisCharacter
LogPluginManager: Mounting plugin AudioCapture
LogPluginManager: Mounting plugin CableComponent
LogPluginManager: Mounting plugin CustomMeshComponent
LogPluginManager: Mounting plugin ExampleDeviceProfileSelector
LogPluginManager: Mounting plugin GoogleCloudMessaging
LogPluginManager: Mounting plugin ImmediatePhysics
LogPluginManager: Mounting plugin IOSDeviceProfileSelector
LogPluginManager: Mounting plugin LinuxDeviceProfileSelector
LogPluginManager: Mounting plugin LocationServicesBPLibrary
LogPluginManager: Mounting plugin MobilePatchingUtils
LogPluginManager: Mounting plugin OculusVR
LogPluginManager: Plugin shader directory ../../../Engine/Plugins/Runtime/Oculus/OculusVR/Shaders found
LogPluginManager: Mapping shader source directory ../../../Engine/Plugins/Runtime/Oculus/OculusVR/Shaders to virtual directory /Plugin/OculusVR
LogPluginManager: Mounting plugin PhysXVehicles
LogPluginManager: Mounting plugin ProceduralMeshComponent
LogPluginManager: Mounting plugin RuntimePhysXCooking
LogPluginManager: Mounting plugin SteamVR
LogPluginManager: Mounting plugin WindowsMoviePlayer
LogStreaming: Display: Took  5.257s to configure plugins.
LogInit: Using libcurl 7.47.1
LogInit:  - built for x86_64-pc-win32
LogInit:  - supports SSL with OpenSSL/1.0.2g
LogInit:  - supports HTTP deflate (compression) using libz 1.2.8
LogInit:  - other features:
LogInit:      CURL_VERSION_SSL
LogInit:      CURL_VERSION_LIBZ
LogInit:      CURL_VERSION_IPV6
LogInit:      CURL_VERSION_ASYNCHDNS
LogInit:      CURL_VERSION_LARGEFILE
LogInit:      CURL_VERSION_IDN
LogInit:  CurlRequestOptions (configurable via config and command line):
LogInit:  - bVerifyPeer = false  - Libcurl will NOT verify peer certificate
LogInit:  - bUseHttpProxy = false  - Libcurl will NOT use HTTP proxy
LogInit:  - bDontReuseConnections = false  - Libcurl will reuse connections
LogInit:  - CertBundlePath = nullptr  - Libcurl will use whatever was configured at build time.
LogInit:  - MaxHostConnections = 16  - Libcurl will limit the number of connections to a host
LogInit:  - LocalHostAddr = Default
LogInit: WinSock: version 1.1 (2.2), MaxSocks=32767, MaxUdp=65467
LogInit: WinSock: I am Luke-PC (10.1.1.180:0)
LogInit: Build: ++UE4+Release-4.19-CL-4033788
LogInit: Engine Version: 4.19.2-4033788+++UE4+Release-4.19
LogInit: Compatible Engine Version: 4.19.0-3944462+++UE4+Release-4.19
LogInit: Net CL: 3944462
LogDevObjectVersion: Number of dev versions registered: 18
LogDevObjectVersion:   Dev-Blueprints (B0D832E4-1F89-4F0D-ACCF-7EB736FD4AA2): 10
LogDevObjectVersion:   Dev-Build (E1C64328-A22C-4D53-A36C-8E866417BD8C): 0
LogDevObjectVersion:   Dev-Core (375EC13C-06E4-48FB-B500-84F0262A717E): 2
LogDevObjectVersion:   Dev-Editor (E4B068ED-F494-42E9-A231-DA0B2E46BB41): 23
LogDevObjectVersion:   Dev-Framework (CFFC743F-43B0-4480-9391-14DF171D2073): 33
LogDevObjectVersion:   Dev-Mobile (B02B49B5-BB20-44E9-A304-32B752E40360): 2
LogDevObjectVersion:   Dev-Networking (A4E4105C-59A1-49B5-A7C5-40C4547EDFEE): 0
LogDevObjectVersion:   Dev-Online (39C831C9-5AE6-47DC-9A44-9C173E1C8E7C): 0
LogDevObjectVersion:   Dev-Physics (78F01B33-EBEA-4F98-B9B4-84EACCB95AA2): 0
LogDevObjectVersion:   Dev-Platform (6631380F-2D4D-43E0-8009-CF276956A95A): 0
LogDevObjectVersion:   Dev-Rendering (12F88B9F-8875-4AFC-A67C-D90C383ABD29): 25
LogDevObjectVersion:   Dev-Sequencer (7B5AE74C-D270-4C10-A958-57980B212A5A): 6
LogDevObjectVersion:   Dev-VR (D7296918-1DD6-4BDD-9DE2-64A83CC13884): 1
LogDevObjectVersion:   Dev-LoadTimes (C2A15278-BFE7-4AFE-6C17-90FF531DF755): 1
LogDevObjectVersion:   Private-Geometry (6EACA3D4-40EC-4CC1-B786-8BED09428FC5): 2
LogDevObjectVersion:   Dev-AnimPhys (29E575DD-E0A3-4627-9D10-D276232CDCEA): 16
LogDevObjectVersion:   Dev-ReflectionCapture (6B266CEC-1EC7-4B8F-A30B-E4D90942FC07): 1
LogDevObjectVersion:   Dev-Automation (0DF73D61-A23F-47EA-B727-89E90C41499A): 1
LogInit: Compiled (64-bit): Apr 27 2018 02:06:57
LogInit: Compiled with Visual C++: 19.00.24215.01
LogInit: Build Configuration: Development
LogInit: Branch Name: ++UE4+Release-4.19
LogInit: Command Line:  
LogInit: Base Directory: C:/Program Files/Epic Games/UE_4.19/Engine/Binaries/Win64/
LogInit: Installed Engine Build: 1
LogStreaming: Display: Took  0.018s to delete old logs.
LogInit: Presizing for max 8388607 objects, including 0 objects not considered by GC, pre-allocating 0 bytes for permanent pool.
LogInit: Object subsystem initialized
[2018.07.11-07.05.09:015][  0]LogInit: Selected Device Profile: [Windows]
[2018.07.11-07.05.09:015][  0]LogInit: Applying CVar settings loaded from the selected device profile: [Windows]
[2018.07.11-07.05.09:083][  0]LogInit: Computer: LUKE-PC
[2018.07.11-07.05.09:083][  0]LogInit: User: Luke
[2018.07.11-07.05.09:083][  0]LogInit: CPU Page size=4096, Cores=4
[2018.07.11-07.05.09:083][  0]LogInit: High frequency timer resolution =3.117184 MHz
[2018.07.11-07.05.09:083][  0]LogMemory: Memory total: Physical=16.0GB (16GB approx)
[2018.07.11-07.05.09:083][  0]LogMemory: Platform Memory Stats for Windows
[2018.07.11-07.05.09:083][  0]LogMemory: Process Physical Memory: 275.01 MB used, 275.01 MB peak
[2018.07.11-07.05.09:083][  0]LogMemory: Process Virtual Memory: 266.04 MB used, 266.04 MB peak
[2018.07.11-07.05.09:083][  0]LogMemory: Physical Memory: 6813.73 MB used,  9520.93 MB free, 16334.66 MB total
[2018.07.11-07.05.09:083][  0]LogMemory: Virtual Memory: 4780.16 MB used,  9520.93 MB free, 134217728.00 MB total
[2018.07.11-07.05.09:740][  0]LogInit: Using OS detected language (en-US).
[2018.07.11-07.05.09:740][  0]LogInit: Using OS detected locale (en-US).
[2018.07.11-07.05.10:029][  0]LogTextLocalizationManager: No specific localization for 'en-US' exists, so the 'en' localization will be used.
[2018.07.11-07.05.12:051][  0]LogStreaming: Display: Took  2.311s to EndInitTextLocalization.
[2018.07.11-07.05.12:052][  0]LogInit: Setting process to per monitor DPI aware
[2018.07.11-07.05.12:542][  0]LogSlate: New Slate User Created.  User Index 0, Is Virtual User: 0
[2018.07.11-07.05.12:542][  0]LogSlate: Slate User Registered.  User Index 0, Is Virtual User: 0
[2018.07.11-07.05.18:126][  0]LogD3D11RHI: D3D11 adapters:
[2018.07.11-07.05.18:239][  0]LogD3D11RHI:    0. 'NVIDIA GeForce GTX 1060 3GB' (Feature Level 11_0)
[2018.07.11-07.05.18:239][  0]LogD3D11RHI:       2988/0/8167 MB DedicatedVideo/DedicatedSystem/SharedSystem, Outputs:1, VendorId:0x10de
[2018.07.11-07.05.18:243][  0]LogD3D11RHI:    1. 'Microsoft Basic Render Driver' (Feature Level 11_0)
[2018.07.11-07.05.18:243][  0]LogD3D11RHI:       0/0/8167 MB DedicatedVideo/DedicatedSystem/SharedSystem, Outputs:0, VendorId:0x1414
[2018.07.11-07.05.18:243][  0]LogD3D11RHI: Chosen D3D11 Adapter: 0
[2018.07.11-07.05.18:255][  0]LogD3D11RHI: Creating new Direct3DDevice
[2018.07.11-07.05.18:256][  0]LogD3D11RHI:     GPU DeviceId: 0x1c02 (for the marketing name, search the web for "GPU Device Id")
[2018.07.11-07.05.18:256][  0]LogWindows: EnumDisplayDevices:
[2018.07.11-07.05.18:256][  0]LogWindows:    0. 'NVIDIA GeForce GTX 1060 3GB' (P:1 D:1)
[2018.07.11-07.05.18:257][  0]LogWindows:    1. 'NVIDIA GeForce GTX 1060 3GB' (P:0 D:0)
[2018.07.11-07.05.18:257][  0]LogWindows:    2. 'NVIDIA GeForce GTX 1060 3GB' (P:0 D:0)
[2018.07.11-07.05.18:257][  0]LogWindows:    3. 'NVIDIA GeForce GTX 1060 3GB' (P:0 D:0)
[2018.07.11-07.05.18:258][  0]LogWindows: DebugString: GetVideoDriverDetailsInvalid PrimaryIsNotTheChoosenAdapter GetVideoDriverDetailsInvalid PrimaryIsNotTheChoosenAdapter GetVideoDriverDetailsInvalid PrimaryIsNotTheChoosenAdapter GetVideoDriverDetailsInvalid PrimaryIsNotTheChoosenAdapter FoundDriverCount:0 
[2018.07.11-07.05.18:258][  0]LogD3D11RHI:     Adapter Name: NVIDIA GeForce GTX 1060 3GB
[2018.07.11-07.05.18:258][  0]LogD3D11RHI:   Driver Version: Unknown (internal:Unknown, unified:Unknown)
[2018.07.11-07.05.18:258][  0]LogD3D11RHI:      Driver Date: Unknown
[2018.07.11-07.05.18:258][  0]LogRHI: Texture pool is 2091 MB (70% of 2988 MB)
[2018.07.11-07.05.18:369][  0]LogD3D11RHI: [Aftermath] Aftermath enabled and primed
[2018.07.11-07.05.18:369][  0]LogD3D11RHI: [Aftermath] Aftermath enabled and primed
[2018.07.11-07.05.18:370][  0]LogD3D11RHI: Async texture creation enabled
[2018.07.11-07.05.18:410][  0]LogD3D11RHI: GPU Timing Frequency: 1000.000000 (Debug: 2 3)
[2018.07.11-07.05.18:422][  0]LogShaderCompilers: Guid format shader working directory is -19 characters bigger than the processId version (../../../../../../Users/Luke/Documents/cranberryjam/Studio2Level/Intermediate/Shaders/WorkingDirectory/9796/).
[2018.07.11-07.05.18:423][  0]LogShaderCompilers: Cleaned the shader compiler working directory 'C:/Users/Luke/AppData/Local/Temp/UnrealShaderWorkingDir/34880F484282FA771CD42DA47A23E0BC/'.
[2018.07.11-07.05.19:635][  0]LogTemp: Display: Loaded TP AllDesktopTargetPlatform
[2018.07.11-07.05.19:648][  0]LogTemp: Display: Loaded TP MacClientTargetPlatform
[2018.07.11-07.05.19:661][  0]LogTemp: Display: Loaded TP MacNoEditorTargetPlatform
[2018.07.11-07.05.19:675][  0]LogTemp: Display: Loaded TP MacServerTargetPlatform
[2018.07.11-07.05.19:710][  0]LogTemp: Display: Loaded TP MacTargetPlatform
[2018.07.11-07.05.19:723][  0]LogTemp: Display: Loaded TP WindowsClientTargetPlatform
[2018.07.11-07.05.19:736][  0]LogTemp: Display: Loaded TP WindowsNoEditorTargetPlatform
[2018.07.11-07.05.19:749][  0]LogTemp: Display: Loaded TP WindowsServerTargetPlatform
[2018.07.11-07.05.19:755][  0]LogTemp: Display: Loaded TP WindowsTargetPlatform
[2018.07.11-07.05.19:767][  0]LogTemp: Display: Loaded TP Android_ASTCTargetPlatform
[2018.07.11-07.05.19:780][  0]LogTemp: Display: Loaded TP Android_ATCTargetPlatform
[2018.07.11-07.05.19:790][  0]LogTemp: Display: Loaded TP Android_DXTTargetPlatform
[2018.07.11-07.05.19:805][  0]LogTemp: Display: Loaded TP Android_ETC1aTargetPlatform
[2018.07.11-07.05.19:821][  0]LogTemp: Display: Loaded TP Android_ETC1TargetPlatform
[2018.07.11-07.05.19:837][  0]LogTemp: Display: Loaded TP Android_ETC2TargetPlatform
[2018.07.11-07.05.19:866][  0]LogTemp: Display: Loaded TP Android_MultiTargetPlatform
[2018.07.11-07.05.19:866][  0]LogTemp: Display: Loaded TP Android_PVRTCTargetPlatform
[2018.07.11-07.05.19:899][  0]LogTemp: Display: Loaded TP AndroidTargetPlatform
[2018.07.11-07.05.19:900][  0]LogTemp: Display: Loaded TP HTML5TargetPlatform
[2018.07.11-07.05.19:993][  0]LogTemp: Display: Loaded TP IOSTargetPlatform
[2018.07.11-07.05.20:027][  0]LogTemp: Display: Loaded TP TVOSTargetPlatform
[2018.07.11-07.05.20:041][  0]LogTemp: Display: Loaded TP LinuxClientTargetPlatform
[2018.07.11-07.05.20:055][  0]LogTemp: Display: Loaded TP LinuxNoEditorTargetPlatform
[2018.07.11-07.05.20:068][  0]LogTemp: Display: Loaded TP LinuxServerTargetPlatform
[2018.07.11-07.05.20:086][  0]LogTemp: Display: Loaded TP LinuxTargetPlatform
[2018.07.11-07.05.20:086][  0]LogTargetPlatformManager: Display: Building Assets For Windows
[2018.07.11-07.05.21:722][  0]LogXGEController: Cleaning working directory: C:/Users/Luke/AppData/Local/Temp/UnrealXGEWorkingDir/
[2018.07.11-07.05.21:722][  0]LogXGEController: Cannot use XGE Controller as Incredibuild is not installed on this machine.
[2018.07.11-07.05.21:723][  0]LogShaderCompilers: Cannot use XGE Shader Compiler as Incredibuild is not installed on this machine.
[2018.07.11-07.05.21:723][  0]LogShaderCompilers: Display: Using Local Shader Compiler.
[2018.07.11-07.05.25:856][  0]LogDerivedDataCache: Display: Max Cache Size: 512 MB
[2018.07.11-07.05.26:406][  0]LogDerivedDataCache: Loaded boot cache 0.55s 74MB C:/Users/Luke/AppData/Local/UnrealEngine/4.19/DerivedDataCache/Boot.ddc.
[2018.07.11-07.05.26:406][  0]LogDerivedDataCache: Display: Loaded Boot cache: C:/Users/Luke/AppData/Local/UnrealEngine/4.19/DerivedDataCache/Boot.ddc
[2018.07.11-07.05.26:406][  0]LogDerivedDataCache: FDerivedDataBackendGraph:  Pak pak cache file ../../../../../../Users/Luke/Documents/cranberryjam/Studio2Level/DerivedDataCache/DDC.ddp not found, will not use a pak cache.
[2018.07.11-07.05.26:406][  0]LogDerivedDataCache: Unable to find inner node Pak for hierarchical cache Hierarchy.
[2018.07.11-07.05.26:406][  0]LogDerivedDataCache: FDerivedDataBackendGraph:  CompressedPak pak cache file ../../../../../../Users/Luke/Documents/cranberryjam/Studio2Level/DerivedDataCache/Compressed.ddp not found, will not use a pak cache.
[2018.07.11-07.05.26:406][  0]LogDerivedDataCache: Unable to find inner node CompressedPak for hierarchical cache Hierarchy.
[2018.07.11-07.05.26:604][  0]LogDerivedDataCache: Display: Pak cache opened for reading ../../../Engine/DerivedDataCache/Compressed.ddp.
[2018.07.11-07.05.26:634][  0]LogDerivedDataCache: Using Local data cache path C:/Users/Luke/AppData/Local/UnrealEngine/Common/DerivedDataCache: Writable
[2018.07.11-07.05.26:634][  0]LogDerivedDataCache: Shared data cache path not found in *engine.ini, will not use an Shared cache.
[2018.07.11-07.05.26:634][  0]LogDerivedDataCache: Unable to find inner node Shared for hierarchical cache Hierarchy.
[2018.07.11-07.05.26:648][  0]LogMaterial: Verifying Global Shaders for PCD3D_SM5
[2018.07.11-07.05.26:649][  0]LogSlate: Using Freetype 2.6.0
[2018.07.11-07.05.26:761][  0]LogSlate: SlateFontCache - WITH_FREETYPE: 1, WITH_HARFBUZZ: 1
[2018.07.11-07.05.26:761][  0]LogSlate: SlateFontCache - WITH_FREETYPE: 1, WITH_HARFBUZZ: 1
[2018.07.11-07.05.35:083][  0]LogAssetRegistry: FAssetRegistry took 0.0279 seconds to start up
[2018.07.11-07.05.35:426][  0]LogInit: Selected Device Profile: [Windows]
[2018.07.11-07.05.37:243][  0]LogSimplygon: Simplygon DLL not present - disabling.
[2018.07.11-07.05.37:284][  0]LogMeshReduction: Using SimplygonSwarm for distributed automatic mesh merging
[2018.07.11-07.05.37:301][  0]LogMeshReduction: Using QuadricMeshReduction for automatic static mesh reduction
[2018.07.11-07.05.37:326][  0]LogMeshReduction: No automatic skeletal mesh reduction module available
[2018.07.11-07.05.37:326][  0]LogMeshReduction: No automatic mesh merging module available
[2018.07.11-07.05.37:326][  0]LogMeshMerging: No automatic mesh merging module available
[2018.07.11-07.05.37:636][  0]LogNetVersion: Studio2Level , NetCL: 3944462, EngineNetVer: 2, GameNetVer: 0 (Checksum: 3027956618)
[2018.07.11-07.05.42:083][  0]LogPackageLocalizationCache: Processed 9 localized package path(s) for 2 prioritized culture(s) in 0.155615 seconds
[2018.07.11-07.05.42:088][  0]LogUObjectArray: 36728 objects as part of root set at end of initial load.
[2018.07.11-07.05.42:088][  0]LogUObjectAllocator: 7314312 out of 0 bytes used by permanent object pool.
[2018.07.11-07.05.42:088][  0]LogUObjectArray: CloseDisregardForGC: 0/0 objects in disregard for GC pool
[2018.07.11-07.06.24:098][  0]LogTcpMessaging: Initializing TcpMessaging bridge
[2018.07.11-07.06.24:129][  0]LogUdpMessaging: Initializing bridge on interface 0.0.0.0:0 to multicast group 230.0.0.1:6666.
[2018.07.11-07.06.25:686][  0]SourceControl: Source control is disabled
[2018.07.11-07.06.25:686][  0]SourceControl: Source control is disabled
[2018.07.11-07.06.25:704][  0]SourceControl: Source control is disabled
[2018.07.11-07.06.25:722][  0]SourceControl: Source control is disabled
[2018.07.11-07.06.26:749][  0]LogAndroidPermission: UAndroidPermissionCallbackProxy::GetInstance
[2018.07.11-07.06.27:108][  0]LogOcInput: OculusInput pre-init called
[2018.07.11-07.06.27:379][  0]LogEngine: Initializing Engine...
[2018.07.11-07.06.27:442][  0]LogHMD: Failed to initialize OpenVR with code 110
[2018.07.11-07.06.27:443][  0]LogStats: UGameplayTagsManager::ConstructGameplayTagTree: Construct from data asset -  0.000 s
[2018.07.11-07.06.27:443][  0]LogStats: UGameplayTagsManager::ConstructGameplayTagTree: GameplayTagTreeChangedEvent.Broadcast -  0.000 s
[2018.07.11-07.06.28:003][  0]LogAIModule: Creating AISystem for world Untitled
[2018.07.11-07.06.28:050][  0]LogInit: XAudio2 using 'Speakers (Realtek High Definition Audio)' : 2 channels at 48 kHz using 32 bits per sample (channel mask 0x3)
[2018.07.11-07.06.28:099][  0]LogInit: FAudioDevice initialized.
[2018.07.11-07.06.29:445][  0]LogDerivedDataCache: Saved boot cache 1.35s 74MB C:/Users/Luke/AppData/Local/UnrealEngine/4.19/DerivedDataCache/Boot.ddc.
[2018.07.11-07.06.29:458][  0]LogInit: Texture streaming: Enabled
[2018.07.11-07.06.29:475][  0]LogEngineSessionManager: EngineSessionManager initialized
[2018.07.11-07.06.29:735][  0]LogInit: Transaction tracking system initialized
[2018.07.11-07.06.30:636][  0]BlueprintLog: New page: Editor Load
[2018.07.11-07.06.32:738][  0]LocalizationService: Localization service is disabled
[2018.07.11-07.06.34:437][  0]LogConsoleResponse: Display: 
[2018.07.11-07.06.36:576][  0]LogCook: Display: Max memory allowance for cook 16384mb min free memory 0mb
[2018.07.11-07.06.36:576][  0]LogCook: Display: Mobile HDR setting 1
[2018.07.11-07.06.36:576][  0]LogGameplayTags: Display: UGameplayTagsManager::DoneAddingNativeTags. DelegateIsBound: 0
[2018.07.11-07.06.36:576][  0]LogStats: UGameplayTagsManager::ConstructGameplayTagTree: Construct from data asset -  0.000 s
[2018.07.11-07.06.36:577][  0]LogStats: UGameplayTagsManager::ConstructGameplayTagTree: GameplayTagTreeChangedEvent.Broadcast -  0.000 s
[2018.07.11-07.06.36:640][  0]LogFileCache: Scanning file cache for directory 'C:/Users/Luke/Documents/cranberryjam/Studio2Level/Content/' took 0.05s
[2018.07.11-07.06.39:970][  0]SourceControl: Source control is disabled
[2018.07.11-07.06.39:971][  0]Cmd: MAP LOAD FILE="../../../../../../Users/Luke/Documents/cranberryjam/Studio2Level/Content/ThirdPersonBP/Maps/ThirdPersonExampleMap.umap" TEMPLATE=0 SHOWPROGRESS=1 FEATURELEVEL=3
[2018.07.11-07.06.39:971][  0]LogEditorServer: Warning: Can't find file '../../../../../../Users/Luke/Documents/cranberryjam/Studio2Level/Content/ThirdPersonBP/Maps/ThirdPersonExampleMap.umap'
[2018.07.11-07.06.39:971][  0]Cmd: MAP CHECKDEP NOCLEARLOG
[2018.07.11-07.06.40:027][  0]MapCheck: Map check complete: 0 Error(s), 0 Warning(s), took 55.552ms to complete.
[2018.07.11-07.06.40:027][  0]LogFileHelpers: Loading map 'ThirdPersonExampleMap' took 0.056
[2018.07.11-07.06.40:404][  0]LogCollectionManager: Loaded 0 collections in 0.001980 seconds
[2018.07.11-07.06.40:490][  0]LogFileCache: Scanning file cache for directory 'C:/Users/Luke/Documents/cranberryjam/Studio2Level/Saved/Collections/' took 0.01s
[2018.07.11-07.06.40:490][  0]LogFileCache: Scanning file cache for directory 'C:/Users/Luke/Documents/cranberryjam/Studio2Level/Content/Developers/Luke/Collections/' took 0.01s
[2018.07.11-07.06.40:490][  0]LogFileCache: Scanning file cache for directory 'C:/Users/Luke/Documents/cranberryjam/Studio2Level/Content/Collections/' took 0.01s
[2018.07.11-07.06.40:490][  0]LogCollectionManager: Rebuilt the GUID cache for 0 collections in 0.000001 seconds
[2018.07.11-07.06.40:499][  0]LogContentBrowser: Native class hierarchy populated in 0.0088 seconds. Added 2452 classes and 558 folders.
[2018.07.11-07.06.40:506][  0]LogContentBrowser: Native class hierarchy updated for 'WidgetCarousel' in 0.0002 seconds. Added 0 classes and 0 folders.
[2018.07.11-07.06.45:740][  0]LogContentBrowser: Native class hierarchy updated for 'AddContentDialog' in 0.0002 seconds. Added 0 classes and 0 folders.
[2018.07.11-07.06.45:934][  0]LogContentBrowser: Native class hierarchy updated for 'SceneOutliner' in 0.0003 seconds. Added 1 classes and 2 folders.
[2018.07.11-07.06.46:167][  0]LogSlate: Took 0.074714 seconds to synchronously load lazily loaded font '../../../Engine/Content/Slate/Fonts/Roboto-Regular.ttf' (155K)
[2018.07.11-07.06.46:193][  0]LogSlate: Took 0.024301 seconds to synchronously load lazily loaded font '../../../Engine/Content/Slate/Fonts/Roboto-Bold.ttf' (160K)
[2018.07.11-07.06.46:285][  0]LogSlate: Took 0.086628 seconds to synchronously load lazily loaded font '../../../Engine/Content/Editor/Slate/Fonts/FontAwesome.ttf' (139K)
[2018.07.11-07.06.46:590][  0]LogRenderer: Reallocating scene render targets to support 1096x688 Format 10 NumSamples 1 (Frame:1).
[2018.07.11-07.06.47:204][  0]LogContentBrowser: Native class hierarchy updated for 'HierarchicalLODOutliner' in 0.0004 seconds. Added 0 classes and 0 folders.
[2018.07.11-07.06.47:204][  0]LogLoad: (Engine Initialization) Total time: 126.16 seconds
[2018.07.11-07.06.47:204][  0]LogLoad: (Engine Initialization) Total Blueprint compile time: 0.00 seconds
[2018.07.11-07.06.47:563][  0]LogContentStreaming: Texture pool size now 1000 MB
[2018.07.11-07.06.47:712][  0]LogSlate: Took 0.060109 seconds to synchronously load lazily loaded font '../../../Engine/Content/Slate/Fonts/Roboto-Light.ttf' (167K)
[2018.07.11-07.06.47:886][  1]LogAssetRegistry: Asset discovery search completed in 72.8260 seconds
[2018.07.11-07.06.47:888][  1]LogCollectionManager: Rebuilt the object cache for 0 collections in 0.000000 seconds (found 0 objects)
[2018.07.11-07.06.47:888][  1]LogCollectionManager: Fixed up redirectors for 0 collections in 0.000044 seconds (updated 0 objects)
[2018.07.11-07.06.48:914][  3]LogSlate: Took 0.000758 seconds to synchronously load lazily loaded font '../../../Engine/Content/Slate/Fonts/Roboto-Light.ttf' (167K)
[2018.07.11-07.26.25:029][911]LogSlate: FSceneViewport::OnFocusLost() reason 0
[2018.07.11-07.26.25:119][919]LogUObjectGlobals: Created PersistentFrame Addr=0x0000019aa3624648, Size=4, Default__MainMenu_C Function /Game/ThirdPersonBP/Blueprints/MainMenu.MainMenu_C:ExecuteUbergraph_MainMenu
[2018.07.11-07.26.25:122][919]LogUObjectGlobals: Destroyed PersistentFrame Addr=0x0000019aa3624648, Size=4
[2018.07.11-07.26.25:122][919]LogUObjectGlobals: Created PersistentFrame Addr=0x0000019aa3624648, Size=4, Default__MainMenu_C Function /Engine/Transient.REINST_MainMenu_C_0:ExecuteUbergraph_MainMenu
[2018.07.11-07.26.25:125][919]LogUObjectGlobals: Created PersistentFrame Addr=0x0000019aa3624738, Size=4, Default__MainMenu_C Function /Game/ThirdPersonBP/Blueprints/MainMenu.MainMenu_C:ExecuteUbergraph_MainMenu
[2018.07.11-07.26.25:515][919]LogContentBrowser: Native class hierarchy updated for 'BlueprintGraph' in 0.0006 seconds. Added 116 classes and 0 folders.
[2018.07.11-07.26.25:848][919]LogUObjectGlobals: Created PersistentFrame Addr=0x0000019ab39a2548, Size=4, Default__SKEL_PROTO_BP_AnimBlueprint_0_C Function /Engine/Transient.SKEL_PROTO_BP_AnimBlueprint_0_C:ExecuteUbergraph_PROTO_BP_AnimBlueprint_0
[2018.07.11-07.26.25:849][919]LogUObjectGlobals: Created PersistentFrame Addr=0x0000019ab39a2540, Size=4, Default__PROTO_BP_AnimBlueprint_0_C Function /Engine/Transient.PROTO_BP_AnimBlueprint_0_C:ExecuteUbergraph_PROTO_BP_AnimBlueprint_0
[2018.07.11-07.26.26:398][919]LogSlate: Took 0.013991 seconds to synchronously load lazily loaded font '../../../Engine/Content/Slate/Fonts/Roboto-BoldCondensed.ttf' (158K)
[2018.07.11-07.40.23:736][693]LogSlate: Window 'MainMenu' being destroyed
[2018.07.11-07.40.23:741][693]LogSlate: Window 'MainMenu' being destroyed
[2018.07.11-07.40.24:626][792]LogSlate: FSceneViewport::OnFocusLost() reason 0
[2018.07.11-07.40.24:667][797]LogTemp: Repeating last play command: Selected Viewport
[2018.07.11-07.40.24:698][797]LogPlayLevel: PlayLevel: No blueprints needed recompiling
[2018.07.11-07.40.24:715][797]PIE: New page: PIE session: Untitled_0 (Jul 12, 2018, 3:40:24 AM)
[2018.07.11-07.40.24:715][797]LogPlayLevel: Creating play world package: /Temp/UEDPIE_0_Untitled_0
[2018.07.11-07.40.24:716][797]LogPlayLevel: PIE: StaticDuplicateObject took: (0.000710s)
[2018.07.11-07.40.24:716][797]LogAIModule: Creating AISystem for world Untitled
[2018.07.11-07.40.24:716][797]LogPlayLevel: PIE: World Init took: (0.000665s)
[2018.07.11-07.40.24:716][797]LogPlayLevel: PIE: Created PIE world by copying editor world from /Temp/Untitled_0.Untitled to /Temp/UEDPIE_0_Untitled_0.Untitled (0.001511s)
[2018.07.11-07.40.24:736][797]LogUObjectGlobals: Destroyed PersistentFrame Addr=0x0000019aa3624648, Size=4
[2018.07.11-07.40.24:746][797]LogInit: XAudio2 using 'Speakers (Realtek High Definition Audio)' : 2 channels at 48 kHz using 32 bits per sample (channel mask 0x3)
[2018.07.11-07.40.24:758][797]LogInit: FAudioDevice initialized.
[2018.07.11-07.40.24:856][797]LogUObjectGlobals: Created PersistentFrame Addr=0x0000019ab9818080, Size=64, Default__ThirdPerson_AnimBP_C Function /Game/Mannequin/Animations/ThirdPerson_AnimBP.ThirdPerson_AnimBP_C:ExecuteUbergraph_ThirdPerson_AnimBP
[2018.07.11-07.40.24:870][797]LogUObjectGlobals: Destroyed PersistentFrame Addr=0x0000019ab9818080, Size=64
[2018.07.11-07.40.24:870][797]LogUObjectGlobals: Created PersistentFrame Addr=0x0000019ab98184c0, Size=64, Default__ThirdPerson_AnimBP_C Function /Engine/Transient.REINST_ThirdPerson_AnimBP_C_0:ExecuteUbergraph_ThirdPerson_AnimBP
[2018.07.11-07.40.24:878][797]LogUObjectGlobals: Created PersistentFrame Addr=0x0000019ab3f8bb00, Size=72, Default__ThirdPerson_AnimBP_C Function /Game/Mannequin/Animations/ThirdPerson_AnimBP.ThirdPerson_AnimBP_C:ExecuteUbergraph_ThirdPerson_AnimBP
[2018.07.11-07.40.24:883][797]LogUObjectGlobals: Created PersistentFrame Addr=0x0000019a96d32a90, Size=104, Default__EnemyAI_C Function /Game/ThirdPersonBP/Blueprints/EnemyAI.EnemyAI_C:ExecuteUbergraph_EnemyAI
[2018.07.11-07.40.24:885][797]LogUObjectGlobals: Destroyed PersistentFrame Addr=0x0000019a96d32a90, Size=104
[2018.07.11-07.40.24:885][797]LogUObjectGlobals: Created PersistentFrame Addr=0x0000019a96d32a90, Size=104, Default__EnemyAI_C Function /Engine/Transient.REINST_EnemyAI_C_17:ExecuteUbergraph_EnemyAI
[2018.07.11-07.40.24:888][797]LogUObjectGlobals: Created PersistentFrame Addr=0x0000019ab7ca6cc0, Size=104, Default__EnemyAI_C Function /Game/ThirdPersonBP/Blueprints/EnemyAI.EnemyAI_C:ExecuteUbergraph_EnemyAI
[2018.07.11-07.40.24:893][797]LogUObjectGlobals: Created PersistentFrame Addr=0x0000019a84746f00, Size=232, Default__EnemyCharacter_C Function /Game/ThirdPersonBP/Blueprints/EnemyCharacter.EnemyCharacter_C:ExecuteUbergraph_EnemyCharacter
[2018.07.11-07.40.24:896][797]LogUObjectGlobals: Created PersistentFrame Addr=0x0000019aa42b2c00, Size=968, Default__ThirdPersonCharacter_C Function /Game/ThirdPersonBP/Blueprints/ThirdPersonCharacter.ThirdPersonCharacter_C:ExecuteUbergraph_ThirdPersonCharacter
[2018.07.11-07.40.25:047][797]LogUObjectGlobals: Created PersistentFrame Addr=0x0000019ab83a6c18, Size=56, Default__LoseMenu_C Function /Game/ThirdPersonBP/Blueprints/LoseMenu.LoseMenu_C:ExecuteUbergraph_LoseMenu
[2018.07.11-07.40.25:068][797]LogUObjectGlobals: Destroyed PersistentFrame Addr=0x0000019a84746f00, Size=232
[2018.07.11-07.40.25:068][797]LogUObjectGlobals: Created PersistentFrame Addr=0x0000019ab839be00, Size=232, Default__EnemyCharacter_C Function /Engine/Transient.REINST_EnemyCharacter_C_19:ExecuteUbergraph_EnemyCharacter
[2018.07.11-07.40.25:069][797]LogUObjectGlobals: Destroyed PersistentFrame Addr=0x0000019ab83a6c18, Size=56
[2018.07.11-07.40.25:069][797]LogUObjectGlobals: Created PersistentFrame Addr=0x0000019ab83a6c18, Size=56, Default__LoseMenu_C Function /Engine/Transient.REINST_LoseMenu_C_3:ExecuteUbergraph_LoseMenu
[2018.07.11-07.40.25:070][797]LogUObjectGlobals: Destroyed PersistentFrame Addr=0x0000019aa42b2c00, Size=968
[2018.07.11-07.40.25:070][797]LogUObjectGlobals: Created PersistentFrame Addr=0x0000019ab06a3400, Size=968, Default__ThirdPersonCharacter_C Function /Engine/Transient.REINST_ThirdPersonCharacter_C_20:ExecuteUbergraph_ThirdPersonCharacter
[2018.07.11-07.40.25:088][797]LogUObjectGlobals: Created PersistentFrame Addr=0x0000019ab6f91600, Size=232, Default__EnemyCharacter_C Function /Game/ThirdPersonBP/Blueprints/EnemyCharacter.EnemyCharacter_C:ExecuteUbergraph_EnemyCharacter
[2018.07.11-07.40.25:090][797]LogUObjectGlobals: Created PersistentFrame Addr=0x0000019ab83f5830, Size=56, Default__LoseMenu_C Function /Game/ThirdPersonBP/Blueprints/LoseMenu.LoseMenu_C:ExecuteUbergraph_LoseMenu
[2018.07.11-07.40.25:094][797]LogUObjectGlobals: Created PersistentFrame Addr=0x0000019ab7e66c00, Size=968, Default__ThirdPersonCharacter_C Function /Game/ThirdPersonBP/Blueprints/ThirdPersonCharacter.ThirdPersonCharacter_C:ExecuteUbergraph_ThirdPersonCharacter
[2018.07.11-07.40.25:109][797]LogUObjectGlobals: Created PersistentFrame Addr=0x0000019ab87246d0, Size=80, Default__EnemySpawner_C Function /Game/ThirdPersonBP/Blueprints/EnemySpawner.EnemySpawner_C:ExecuteUbergraph_EnemySpawner
[2018.07.11-07.40.25:112][797]LogUObjectGlobals: Destroyed PersistentFrame Addr=0x0000019ab87246d0, Size=80
[2018.07.11-07.40.25:112][797]LogUObjectGlobals: Created PersistentFrame Addr=0x0000019ab87254e0, Size=80, Default__EnemySpawner_C Function /Engine/Transient.REINST_EnemySpawner_C_26:ExecuteUbergraph_EnemySpawner
[2018.07.11-07.40.25:114][797]LogUObjectGlobals: Created PersistentFrame Addr=0x0000019ab8726e30, Size=80, Default__EnemySpawner_C Function /Game/ThirdPersonBP/Blueprints/EnemySpawner.EnemySpawner_C:ExecuteUbergraph_EnemySpawner
[2018.07.11-07.40.25:116][797]LogUObjectGlobals: Created PersistentFrame Addr=0x0000019ab88589f0, Size=40, Default__ThirdPersonGameMode_C Function /Game/ThirdPersonBP/Blueprints/ThirdPersonGameMode.ThirdPersonGameMode_C:ExecuteUbergraph_ThirdPersonGameMode
[2018.07.11-07.40.25:118][797]LogUObjectGlobals: Destroyed PersistentFrame Addr=0x0000019ab88589f0, Size=40
[2018.07.11-07.40.25:118][797]LogUObjectGlobals: Created PersistentFrame Addr=0x0000019ab88589f0, Size=40, Default__ThirdPersonGameMode_C Function /Engine/Transient.REINST_ThirdPersonGameMode_C_28:ExecuteUbergraph_ThirdPersonGameMode
[2018.07.11-07.40.25:119][797]LogUObjectGlobals: Created PersistentFrame Addr=0x0000019ab88590a8, Size=40, Default__ThirdPersonGameMode_C Function /Game/ThirdPersonBP/Blueprints/ThirdPersonGameMode.ThirdPersonGameMode_C:ExecuteUbergraph_ThirdPersonGameMode
[2018.07.11-07.40.25:393][797]LogSkeletalMesh: Skeletal Mesh found in DDC [20.670900ms] /Game/Mannequin/Character/Mesh/SK_Mannequin.SK_Mannequin
[2018.07.11-07.40.25:457][797]LogLoad: Game class is 'ThirdPersonGameMode_C'
[2018.07.11-07.40.25:459][797]LogWorld: Bringing World /Temp/UEDPIE_0_Untitled_0.Untitled up for play (max tick rate 0) at 2018.07.11-17.40.25
[2018.07.11-07.40.25:459][797]LogWorld: Bringing up level for play took: 0.000591
[2018.07.11-07.40.25:464][797]LogContentBrowser: Native class hierarchy updated for 'MovieSceneCapture' in 0.0003 seconds. Added 11 classes and 0 folders.
[2018.07.11-07.40.25:466][797]LogScriptCore: Warning: Script Msg: Attempted to access index 0 from array 'CallFunc_GetAllActorsOfClass_OutActors' of length 0 in '/Game/ThirdPersonBP/Blueprints/ThirdPersonGameMode.ThirdPersonGameMode_C:ExecuteUbergraph_ThirdPersonGameMode'!
[2018.07.11-07.40.25:466][797]LogBlueprintUserMessages: Warning: SetTimer passed a bad function (SpawnEnemy) or object (None)
[2018.07.11-07.40.25:467][797]PIE: Play in editor start time for /Temp/UEDPIE_0_Untitled_0 -0.115
[2018.07.11-07.40.27:676][ 48]LogUObjectGlobals: Destroyed PersistentFrame Addr=0x0000019ab83a6c18, Size=56
[2018.07.11-07.40.27:676][ 48]LogUObjectGlobals: Destroyed PersistentFrame Addr=0x0000019ab06a3400, Size=968
[2018.07.11-07.40.27:676][ 48]LogUObjectGlobals: Destroyed PersistentFrame Addr=0x0000019ab839be00, Size=232
[2018.07.11-07.40.27:676][ 48]LogUObjectGlobals: Destroyed PersistentFrame Addr=0x0000019a96d32a90, Size=104
[2018.07.11-07.40.27:676][ 48]LogUObjectGlobals: Destroyed PersistentFrame Addr=0x0000019ab98184c0, Size=64
[2018.07.11-07.40.27:676][ 48]LogUObjectGlobals: Destroyed PersistentFrame Addr=0x0000019ab87254e0, Size=80
[2018.07.11-07.40.27:676][ 48]LogUObjectGlobals: Destroyed PersistentFrame Addr=0x0000019ab88589f0, Size=40
[2018.07.11-07.40.29:361][246]LogUObjectGlobals: Created PersistentFrame Addr=0x0000019ab84fbec8, Size=24, Default__MainMenu_C Function /Game/ThirdPersonBP/Maps/MainMenu.MainMenu_C:ExecuteUbergraph_MainMenu
[2018.07.11-07.40.29:362][246]LogUObjectGlobals: Destroyed PersistentFrame Addr=0x0000019ab84fbec8, Size=24
[2018.07.11-07.40.29:362][246]LogUObjectGlobals: Created PersistentFrame Addr=0x0000019ab84fbec8, Size=24, Default__MainMenu_C Function /Engine/Transient.REINST_MainMenu_C_32:ExecuteUbergraph_MainMenu
[2018.07.11-07.40.29:363][246]LogUObjectGlobals: Created PersistentFrame Addr=0x0000019ab84fafc8, Size=24, Default__MainMenu_C Function /Game/ThirdPersonBP/Maps/MainMenu.MainMenu_C:ExecuteUbergraph_MainMenu
[2018.07.11-07.40.29:368][246]LogAIModule: Creating AISystem for world MainMenu
[2018.07.11-07.40.29:390][246]LogUObjectGlobals: Destroyed PersistentFrame Addr=0x0000019ab84fbec8, Size=24
[2018.07.11-07.40.29:391][246]Cmd: MAP LOAD FILE="../../../../../../Users/Luke/Documents/cranberryjam/Studio2Level/Content/ThirdPersonBP/Maps/MainMenu.umap" TEMPLATE=0 SHOWPROGRESS=1 FEATURELEVEL=3
[2018.07.11-07.40.29:391][246]LightingResults: New page: Lighting Build
[2018.07.11-07.40.29:394][246]LogContentBrowser: Native class hierarchy updated for 'StatsViewer' in 0.0002 seconds. Added 5 classes and 0 folders.
[2018.07.11-07.40.29:395][246]LoadErrors: New page: Loading map: MainMenu.umap
[2018.07.11-07.40.29:395][246]MapCheck: New page: Map Check
[2018.07.11-07.40.29:395][246]LightingResults: New page: Lighting Build
[2018.07.11-07.40.29:415][246]LogEditorServer: Finished looking for orphan Actors (0.000 secs)
[2018.07.11-07.40.29:474][246]Cmd: MAP CHECKDEP NOCLEARLOG
[2018.07.11-07.40.29:527][246]MapCheck: Map check complete: 0 Error(s), 0 Warning(s), took 53.113ms to complete.
[2018.07.11-07.40.29:527][246]LogFileHelpers: Loading map 'MainMenu' took 0.138
[2018.07.11-07.40.30:905][407]LogTemp: Repeating last play command: Selected Viewport
[2018.07.11-07.40.30:931][407]LogBlueprintUserMessages: Early PlayInEditor Detection: Level '/Game/ThirdPersonBP/Maps/MainMenu.MainMenu:PersistentLevel' has LevelScriptBlueprint '/Game/ThirdPersonBP/Maps/MainMenu.MainMenu:PersistentLevel.MainMenu' with GeneratedClass '/Game/ThirdPersonBP/Maps/MainMenu.MainMenu_C' with ClassGeneratedBy '/Game/ThirdPersonBP/Maps/MainMenu.MainMenu:PersistentLevel.MainMenu'
[2018.07.11-07.40.30:931][407]LogPlayLevel: PlayLevel: No blueprints needed recompiling
[2018.07.11-07.40.30:931][407]PIE: New page: PIE session: MainMenu (Jul 12, 2018, 3:40:30 AM)
[2018.07.11-07.40.30:931][407]LogPlayLevel: Creating play world package: /Game/ThirdPersonBP/Maps/UEDPIE_0_MainMenu
[2018.07.11-07.40.30:932][407]LogPlayLevel: PIE: StaticDuplicateObject took: (0.000854s)
[2018.07.11-07.40.30:932][407]LogAIModule: Creating AISystem for world MainMenu
[2018.07.11-07.40.30:932][407]LogPlayLevel: PIE: World Init took: (0.000514s)
[2018.07.11-07.40.30:932][407]LogPlayLevel: PIE: Created PIE world by copying editor world from /Game/ThirdPersonBP/Maps/MainMenu.MainMenu to /Game/ThirdPersonBP/Maps/UEDPIE_0_MainMenu.MainMenu (0.001463s)
[2018.07.11-07.40.30:956][407]LogInit: XAudio2 using 'Speakers (Realtek High Definition Audio)' : 2 channels at 48 kHz using 32 bits per sample (channel mask 0x3)
[2018.07.11-07.40.30:967][407]LogInit: FAudioDevice initialized.
[2018.07.11-07.40.31:000][407]LogLoad: Game class is 'MainMenuMode_C'
[2018.07.11-07.40.31:001][407]LogWorld: Bringing World /Game/ThirdPersonBP/Maps/UEDPIE_0_MainMenu.MainMenu up for play (max tick rate 0) at 2018.07.11-17.40.31
[2018.07.11-07.40.31:001][407]LogWorld: Bringing up level for play took: 0.000380
[2018.07.11-07.40.31:002][407]PIE: Play in editor start time for /Game/ThirdPersonBP/Maps/UEDPIE_0_MainMenu -0.58
[2018.07.11-07.40.31:002][407]LogBlueprintUserMessages: Late PlayInEditor Detection: Level '/Game/ThirdPersonBP/Maps/MainMenu.MainMenu:PersistentLevel' has LevelScriptBlueprint '/Game/ThirdPersonBP/Maps/MainMenu.MainMenu:PersistentLevel.MainMenu' with GeneratedClass '/Game/ThirdPersonBP/Maps/MainMenu.MainMenu_C' with ClassGeneratedBy '/Game/ThirdPersonBP/Maps/MainMenu.MainMenu:PersistentLevel.MainMenu'
[2018.07.11-07.40.31:985][524]LogNet: Browse: /Game/ThirdPersonBP/Maps/WashingLevel
[2018.07.11-07.40.31:985][524]LogLoad: LoadMap: /Game/ThirdPersonBP/Maps/WashingLevel
[2018.07.11-07.40.33:073][524]LogAIModule: Creating AISystem for world WashingLevel
[2018.07.11-07.40.33:073][524]LogLoad: Game class is 'ThirdPersonGameMode_C'
[2018.07.11-07.40.33:083][524]LogWorld: Bringing World /Game/ThirdPersonBP/Maps/UEDPIE_0_WashingLevel.WashingLevel up for play (max tick rate 0) at 2018.07.11-17.40.33
[2018.07.11-07.40.33:085][524]LogWorld: Bringing up level for play took: 0.009801
[2018.07.11-07.40.33:091][524]LogLoad: Took 1.105511 seconds to LoadMap(/Game/ThirdPersonBP/Maps/WashingLevel)
[2018.07.11-07.40.33:123][525]LogCharacterMovement: Warning: GetSimulationTimeStep() - Max iterations 8 hit while remaining time 0.077348 > MaxSimulationTimeStep (0.050) for 'EnemyCharacter_216', movement 'Walking'
[2018.07.11-07.40.33:754][581]LogBlueprintUserMessages: [ThirdPersonCharacter_C_0] Fail
[2018.07.11-07.40.34:591][678]LogBlueprintUserMessages: [ThirdPersonCharacter_C_0] Fail
[2018.07.11-07.40.37:371][ 11]LogBlueprintUserMessages: [ThirdPersonCharacter_C_0] Fail
[2018.07.11-07.40.38:263][118]LogBlueprintUserMessages: [ThirdPersonCharacter_C_0] Fail
[2018.07.11-07.40.38:663][166]LogBlueprintUserMessages: [ThirdPersonCharacter_C_0] Fail
[2018.07.11-07.40.39:224][233]LogBlueprintUserMessages: [ThirdPersonCharacter_C_0] Fail
[2018.07.11-07.40.39:550][272]LogBlueprintUserMessages: [ThirdPersonCharacter_C_0] Fail
[2018.07.11-07.40.41:808][543]LogBlueprintUserMessages: Early EndPlayMap Detection: Level '/Game/ThirdPersonBP/Maps/MainMenu.MainMenu:PersistentLevel' has LevelScriptBlueprint '/Game/ThirdPersonBP/Maps/MainMenu.MainMenu:PersistentLevel.MainMenu' with GeneratedClass '/Game/ThirdPersonBP/Maps/MainMenu.MainMenu_C' with ClassGeneratedBy '/Game/ThirdPersonBP/Maps/MainMenu.MainMenu:PersistentLevel.MainMenu'
[2018.07.11-07.40.41:844][543]LogBlueprintUserMessages: Late EndPlayMap Detection: Level '/Game/ThirdPersonBP/Maps/MainMenu.MainMenu:PersistentLevel' has LevelScriptBlueprint '/Game/ThirdPersonBP/Maps/MainMenu.MainMenu:PersistentLevel.MainMenu' with GeneratedClass '/Game/ThirdPersonBP/Maps/MainMenu.MainMenu_C' with ClassGeneratedBy '/Game/ThirdPersonBP/Maps/MainMenu.MainMenu:PersistentLevel.MainMenu'
[2018.07.11-07.40.42:547][623]LogSlate: FSceneViewport::OnFocusLost() reason 0
[2018.07.11-07.40.42:903][639]LogAIModule: Creating AISystem for world Level
[2018.07.11-07.40.42:952][639]Cmd: MAP LOAD FILE="../../../../../../Users/Luke/Documents/cranberryjam/Studio2Level/Content/ThirdPersonBP/Maps/Level.umap" TEMPLATE=0 SHOWPROGRESS=1 FEATURELEVEL=3
[2018.07.11-07.40.42:952][639]LightingResults: New page: Lighting Build
[2018.07.11-07.40.42:952][639]LoadErrors: New page: Loading map: Level.umap
[2018.07.11-07.40.42:953][639]MapCheck: New page: Map Check
[2018.07.11-07.40.42:953][639]LightingResults: New page: Lighting Build
[2018.07.11-07.40.42:970][639]LogUObjectGlobals: Destroyed PersistentFrame Addr=0x0000019ab84fafc8, Size=24
[2018.07.11-07.40.42:982][639]LogEditorServer: Finished looking for orphan Actors (0.000 secs)
[2018.07.11-07.40.43:042][639]Cmd: MAP CHECKDEP NOCLEARLOG
[2018.07.11-07.40.43:101][639]MapCheck: Map check complete: 0 Error(s), 0 Warning(s), took 58.847ms to complete.
[2018.07.11-07.40.43:101][639]LogFileHelpers: Loading map 'Level' took 0.150
[2018.07.11-07.40.43:966][734]LogTemp: Repeating last play command: Selected Viewport
[2018.07.11-07.40.43:990][734]LogBlueprintUserMessages: Early PlayInEditor Detection: Level '/Game/ThirdPersonBP/Maps/Level.Level:PersistentLevel' has LevelScriptBlueprint '/Game/ThirdPersonBP/Maps/Level.Level:PersistentLevel.Level' with GeneratedClass '/Game/ThirdPersonBP/Maps/Level.Level_C' with ClassGeneratedBy '/Game/ThirdPersonBP/Maps/Level.Level:PersistentLevel.Level'
[2018.07.11-07.40.43:991][734]LogPlayLevel: PlayLevel: No blueprints needed recompiling
[2018.07.11-07.40.43:991][734]PIE: New page: PIE session: Level (Jul 12, 2018, 3:40:43 AM)
[2018.07.11-07.40.43:991][734]LogPlayLevel: Creating play world package: /Game/ThirdPersonBP/Maps/UEDPIE_0_Level
[2018.07.11-07.40.44:035][734]LogPlayLevel: PIE: StaticDuplicateObject took: (0.043856s)
[2018.07.11-07.40.44:035][734]LogAIModule: Creating AISystem for world Level
[2018.07.11-07.40.44:035][734]LogPlayLevel: PIE: World Init took: (0.000574s)
[2018.07.11-07.40.44:035][734]LogPlayLevel: PIE: Created PIE world by copying editor world from /Game/ThirdPersonBP/Maps/Level.Level to /Game/ThirdPersonBP/Maps/UEDPIE_0_Level.Level (0.044657s)
[2018.07.11-07.40.44:059][734]LogInit: XAudio2 using 'Speakers (Realtek High Definition Audio)' : 2 channels at 48 kHz using 32 bits per sample (channel mask 0x3)
[2018.07.11-07.40.44:070][734]LogInit: FAudioDevice initialized.
[2018.07.11-07.40.44:101][734]LogLoad: Game class is 'ThirdPersonGameMode_C'
[2018.07.11-07.40.44:104][734]LogWorld: Bringing World /Game/ThirdPersonBP/Maps/UEDPIE_0_Level.Level up for play (max tick rate 0) at 2018.07.11-17.40.44
[2018.07.11-07.40.44:105][734]LogWorld: Bringing up level for play took: 0.003635
[2018.07.11-07.40.44:106][734]LogGameMode: FindPlayerStart: PATHS NOT DEFINED or NO PLAYERSTART with positive rating
[2018.07.11-07.40.44:106][734]LogScriptCore: Warning: Script Msg: Attempted to access index 0 from array 'CallFunc_GetAllActorsOfClass_OutActors' of length 0 in '/Game/ThirdPersonBP/Blueprints/ThirdPersonGameMode.ThirdPersonGameMode_C:ExecuteUbergraph_ThirdPersonGameMode'!
[2018.07.11-07.40.44:106][734]LogBlueprintUserMessages: Warning: SetTimer passed a bad function (SpawnEnemy) or object (None)
[2018.07.11-07.40.44:107][734]PIE: Play in editor start time for /Game/ThirdPersonBP/Maps/UEDPIE_0_Level 0.524
[2018.07.11-07.40.44:107][734]LogBlueprintUserMessages: Late PlayInEditor Detection: Level '/Game/ThirdPersonBP/Maps/Level.Level:PersistentLevel' has LevelScriptBlueprint '/Game/ThirdPersonBP/Maps/Level.Level:PersistentLevel.Level' with GeneratedClass '/Game/ThirdPersonBP/Maps/Level.Level_C' with ClassGeneratedBy '/Game/ThirdPersonBP/Maps/Level.Level:PersistentLevel.Level'
[2018.07.11-07.40.44:483][778]LogBlueprintUserMessages: [ThirdPersonCharacter_167] Fail
[2018.07.11-07.40.45:573][909]LogBlueprintUserMessages: [ThirdPersonCharacter_167] Fail
[2018.07.11-07.40.45:890][947]LogBlueprintUserMessages: [ThirdPersonCharacter_167] Fail
[2018.07.11-07.40.46:216][986]LogBlueprintUserMessages: [ThirdPersonCharacter_167] Fail
[2018.07.11-07.40.46:525][ 23]LogBlueprintUserMessages: [ThirdPersonCharacter_167] Fail
[2018.07.11-07.40.48:359][243]LogBlueprintUserMessages: Early EndPlayMap Detection: Level '/Game/ThirdPersonBP/Maps/Level.Level:PersistentLevel' has LevelScriptBlueprint '/Game/ThirdPersonBP/Maps/Level.Level:PersistentLevel.Level' with GeneratedClass '/Game/ThirdPersonBP/Maps/Level.Level_C' with ClassGeneratedBy '/Game/ThirdPersonBP/Maps/Level.Level:PersistentLevel.Level'
[2018.07.11-07.40.48:393][243]LogBlueprintUserMessages: Late EndPlayMap Detection: Level '/Game/ThirdPersonBP/Maps/Level.Level:PersistentLevel' has LevelScriptBlueprint '/Game/ThirdPersonBP/Maps/Level.Level:PersistentLevel.Level' with GeneratedClass '/Game/ThirdPersonBP/Maps/Level.Level_C' with ClassGeneratedBy '/Game/ThirdPersonBP/Maps/Level.Level:PersistentLevel.Level'
[2018.07.11-07.40.50:326][469]LogSlate: FSceneViewport::OnFocusLost() reason 0
[2018.07.11-07.40.50:499][474]LogSlate: Window 'Studio2Level - Unreal Editor' being destroyed
[2018.07.11-07.40.50:500][474]LogWindowsTextInputMethodSystem: Display: IME system now deactivated.
[2018.07.11-07.40.50:707][475]Cmd: QUIT_EDITOR
[2018.07.11-07.40.50:863][475]LogSlate: Slate User Destroyed.  User Index 0, Is Virtual User: 0
[2018.07.11-07.40.50:863][475]LogExit: Preparing to exit.
[2018.07.11-07.40.51:122][475]LogDirectoryWatcher: A directory notification for 'C:/Users/Luke/Documents/cranberryjam/Studio2Level/Content/' was aborted.
[2018.07.11-07.40.51:139][475]PIE: UWidget::RemoveFromParent() called on '/Game/ThirdPersonBP/Maps/Level.Level:None' which has no UMG parent (if it was added directly to a native Slate widget via TakeWidget() then it must be removed explicitly rather than via RemoveFromParent())
[2018.07.11-07.40.51:157][475]LogExit: Editor shut down
[2018.07.11-07.40.51:159][475]LogExit: Transaction tracking system shut down
[2018.07.11-07.40.51:159][475]LogUObjectGlobals: Destroyed PersistentFrame Addr=0x0000019aa3624738, Size=4
[2018.07.11-07.40.51:159][475]LogUObjectGlobals: Destroyed PersistentFrame Addr=0x0000019ab7ca6cc0, Size=104
[2018.07.11-07.40.51:159][475]LogUObjectGlobals: Destroyed PersistentFrame Addr=0x0000019ab3f8bb00, Size=72
[2018.07.11-07.40.51:161][475]LogUObjectGlobals: Destroyed PersistentFrame Addr=0x0000019ab39a2548, Size=4
[2018.07.11-07.40.51:161][475]LogUObjectGlobals: Destroyed PersistentFrame Addr=0x0000019ab39a2540, Size=4
[2018.07.11-07.40.51:162][475]LogUObjectGlobals: Destroyed PersistentFrame Addr=0x0000019ab6f91600, Size=232
[2018.07.11-07.40.51:162][475]LogUObjectGlobals: Destroyed PersistentFrame Addr=0x0000019ab83f5830, Size=56
[2018.07.11-07.40.51:162][475]LogUObjectGlobals: Destroyed PersistentFrame Addr=0x0000019ab7e66c00, Size=968
[2018.07.11-07.40.51:162][475]LogUObjectGlobals: Destroyed PersistentFrame Addr=0x0000019ab8726e30, Size=80
[2018.07.11-07.40.51:162][475]LogUObjectGlobals: Destroyed PersistentFrame Addr=0x0000019ab88590a8, Size=40
[2018.07.11-07.40.51:326][475]LogDirectoryWatcher: A directory notification for '../../../Engine/Content/' was aborted.
[2018.07.11-07.40.51:326][475]LogDirectoryWatcher: A directory notification for '../../../../../../Users/Luke/Documents/cranberryjam/Studio2Level/Content/' was aborted.
[2018.07.11-07.40.51:326][475]LogDirectoryWatcher: A directory notification for '../../Plugins/2D/Paper2D/Content/' was aborted.
[2018.07.11-07.40.51:326][475]LogDirectoryWatcher: A directory notification for '../../Plugins/Enterprise/DatasmithContent/Content/' was aborted.
[2018.07.11-07.40.51:326][475]LogDirectoryWatcher: A directory notification for '../../Plugins/Media/MediaCompositing/Content/' was aborted.
[2018.07.11-07.40.51:326][475]LogDirectoryWatcher: A directory notification for '../../Plugins/Runtime/AppleARKit/Content/' was aborted.
[2018.07.11-07.40.51:327][475]LogDirectoryWatcher: A directory notification for '../../Plugins/Runtime/Oculus/OculusVR/Content/' was aborted.
[2018.07.11-07.40.51:327][475]LogDirectoryWatcher: A directory notification for '../../Plugins/Runtime/Steam/SteamVR/Content/' was aborted.
[2018.07.11-07.40.51:425][475]LogExit: Object subsystem successfully closed.
[2018.07.11-07.40.51:436][475]LogShaderCompilers: Display: Shaders left to compile 0
[2018.07.11-07.40.51:439][475]LogD3D11RHI: Shutdown
[2018.07.11-07.40.51:439][475]LogD3D11RHI: CleanupD3DDevice
[2018.07.11-07.40.51:442][475]LogD3D11RHI: ~FD3D11DynamicRHI
[2018.07.11-07.40.51:462][475]LogModuleManager: Shutting down and abandoning module StatsViewer (580)
[2018.07.11-07.40.51:462][475]LogModuleManager: Shutting down and abandoning module MovieSceneCapture (578)
[2018.07.11-07.40.51:462][475]LogModuleManager: Shutting down and abandoning module SequencerWidgets (576)
[2018.07.11-07.40.51:462][475]LogModuleManager: Shutting down and abandoning module BlueprintGraph (574)
[2018.07.11-07.40.51:462][475]LogModuleManager: Shutting down and abandoning module HierarchicalLODOutliner (572)
[2018.07.11-07.40.51:462][475]LogModuleManager: Shutting down and abandoning module SceneOutliner (570)
[2018.07.11-07.40.51:462][475]LogModuleManager: Shutting down and abandoning module AddContentDialog (568)
[2018.07.11-07.40.51:462][475]LogDirectoryWatcher: A directory notification for 'C:/Program Files/Epic Games/UE_4.19/FeaturePacks/' was aborted.
[2018.07.11-07.40.51:463][475]LogModuleManager: Shutting down and abandoning module WidgetCarousel (567)
[2018.07.11-07.40.51:463][475]LogModuleManager: Shutting down and abandoning module EditorWidgets (564)
[2018.07.11-07.40.51:463][475]LogModuleManager: Shutting down and abandoning module CollectionManager (562)
[2018.07.11-07.40.51:463][475]LogDirectoryWatcher: A directory notification for 'C:/Users/Luke/Documents/cranberryjam/Studio2Level/Content/Collections/' was aborted.
[2018.07.11-07.40.51:463][475]LogDirectoryWatcher: A directory notification for 'C:/Users/Luke/Documents/cranberryjam/Studio2Level/Content/Developers/Luke/Collections/' was aborted.
[2018.07.11-07.40.51:463][475]LogDirectoryWatcher: A directory notification for 'C:/Users/Luke/Documents/cranberryjam/Studio2Level/Saved/Collections/' was aborted.
[2018.07.11-07.40.51:463][475]LogModuleManager: Shutting down and abandoning module FoliageEdit (560)
[2018.07.11-07.40.51:463][475]LogModuleManager: Shutting down and abandoning module LandscapeEditor (558)
[2018.07.11-07.40.51:463][475]LogModuleManager: Shutting down and abandoning module MeshPaintMode (556)
[2018.07.11-07.40.51:463][475]LogModuleManager: Shutting down and abandoning module SceneDepthPickerMode (554)
[2018.07.11-07.40.51:464][475]LogModuleManager: Shutting down and abandoning module ActorPickerMode (552)
[2018.07.11-07.40.51:464][475]LogModuleManager: Shutting down and abandoning module GeometryMode (550)
[2018.07.11-07.40.51:464][475]LogModuleManager: Shutting down and abandoning module TextureAlignMode (548)
[2018.07.11-07.40.51:464][475]LogModuleManager: Shutting down and abandoning module BspMode (546)
[2018.07.11-07.40.51:464][475]LogModuleManager: Shutting down and abandoning module PIEPreviewDeviceProfileSelector (544)
[2018.07.11-07.40.51:464][475]LogModuleManager: Shutting down and abandoning module HardwareSurvey (542)
[2018.07.11-07.40.51:464][475]LogModuleManager: Shutting down and abandoning module SequenceRecorderSections (540)
[2018.07.11-07.40.51:464][475]LogModuleManager: Shutting down and abandoning module AutomationWorker (538)
[2018.07.11-07.40.51:464][475]LogModuleManager: Shutting down and abandoning module AudioCaptureEditor (536)
[2018.07.11-07.40.51:464][475]LogModuleManager: Shutting down and abandoning module SequenceRecorder (535)
[2018.07.11-07.40.51:464][475]LogModuleManager: Shutting down and abandoning module MatineeToLevelSequence (532)
[2018.07.11-07.40.51:464][475]LogModuleManager: Shutting down and abandoning module LevelSequenceEditor (530)
[2018.07.11-07.40.51:464][475]LogModuleManager: Shutting down and abandoning module PlacementMode (529)
[2018.07.11-07.40.51:464][475]LogModuleManager: Shutting down and abandoning module MaterialEditor (528)
[2018.07.11-07.40.51:464][475]LogModuleManager: Shutting down and abandoning module WmfMediaFactory (524)
[2018.07.11-07.40.51:464][475]LogModuleManager: Shutting down and abandoning module WmfMediaEditor (522)
[2018.07.11-07.40.51:464][475]LogModuleManager: Shutting down and abandoning module MediaPlayerEditor (520)
[2018.07.11-07.40.51:464][475]LogModuleManager: Shutting down and abandoning module OpenExrWrapper (518)
[2018.07.11-07.40.51:464][475]LogModuleManager: Shutting down and abandoning module ImgMediaFactory (516)
[2018.07.11-07.40.51:464][475]LogModuleManager: Shutting down and abandoning module ImgMediaEditor (514)
[2018.07.11-07.40.51:464][475]LogModuleManager: Shutting down and abandoning module AvfMediaFactory (512)
[2018.07.11-07.40.51:464][475]LogModuleManager: Shutting down and abandoning module AvfMediaEditor (510)
[2018.07.11-07.40.51:464][475]LogModuleManager: Shutting down and abandoning module AndroidMediaFactory (508)
[2018.07.11-07.40.51:464][475]LogModuleManager: Shutting down and abandoning module AndroidMediaEditor (506)
[2018.07.11-07.40.51:464][475]LogModuleManager: Shutting down and abandoning module CharacterAI (504)
[2018.07.11-07.40.51:464][475]LogModuleManager: Shutting down and abandoning module SmartSnapping (502)
[2018.07.11-07.40.51:464][475]LogModuleManager: Shutting down and abandoning module SessionServices (500)
[2018.07.11-07.40.51:464][475]LogModuleManager: Shutting down and abandoning module ViewportSnapping (498)
[2018.07.11-07.40.51:464][475]LogModuleManager: Shutting down and abandoning module ViewportInteraction (496)
[2018.07.11-07.40.51:464][475]LogModuleManager: Shutting down and abandoning module ClothPainter (494)
[2018.07.11-07.40.51:464][475]LogModuleManager: Shutting down and abandoning module SkeletalMeshEditor (493)
[2018.07.11-07.40.51:464][475]LogModuleManager: Shutting down and abandoning module LogVisualizer (490)
[2018.07.11-07.40.51:464][475]LogModuleManager: Shutting down and abandoning module IntroTutorials (488)
[2018.07.11-07.40.51:464][475]LogModuleManager: Shutting down and abandoning module GameProjectGeneration (487)
[2018.07.11-07.40.51:464][475]LogModuleManager: Shutting down and abandoning module IOSPlatformEditor (484)
[2018.07.11-07.40.51:465][475]LogModuleManager: Shutting down and abandoning module HTML5PlatformEditor (482)
[2018.07.11-07.40.51:465][475]LogModuleManager: Shutting down and abandoning module AndroidPlatformEditor (480)
[2018.07.11-07.40.51:465][475]LogModuleManager: Shutting down and abandoning module AndroidDeviceDetection (479)
[2018.07.11-07.40.52:352][475]LogModuleManager: Shutting down and abandoning module WindowsPlatformEditor (476)
[2018.07.11-07.40.52:352][475]LogModuleManager: Shutting down and abandoning module IOSRuntimeSettings (474)
[2018.07.11-07.40.52:352][475]LogModuleManager: Shutting down and abandoning module AndroidRuntimeSettings (472)
[2018.07.11-07.40.52:352][475]LogModuleManager: Shutting down and abandoning module InputBindingEditor (470)
[2018.07.11-07.40.52:353][475]LogModuleManager: Shutting down and abandoning module MergeActors (468)
[2018.07.11-07.40.52:353][475]LogModuleManager: Shutting down and abandoning module LocalizationDashboard (466)
[2018.07.11-07.40.52:353][475]LogModuleManager: Shutting down and abandoning module LocalizationService (465)
[2018.07.11-07.40.52:353][475]LogModuleManager: Shutting down and abandoning module HardwareTargeting (462)
[2018.07.11-07.40.52:353][475]LogModuleManager: Shutting down and abandoning module DeviceProfileEditor (460)
[2018.07.11-07.40.52:353][475]LogModuleManager: Shutting down and abandoning module UndoHistory (458)
[2018.07.11-07.40.52:353][475]LogModuleManager: Shutting down and abandoning module XmlParser (456)
[2018.07.11-07.40.52:353][475]LogModuleManager: Shutting down and abandoning module Blutility (454)
[2018.07.11-07.40.52:353][475]LogModuleManager: Shutting down and abandoning module ProjectSettingsViewer (452)
[2018.07.11-07.40.52:353][475]LogModuleManager: Shutting down and abandoning module ProjectTargetPlatformEditor (451)
[2018.07.11-07.40.52:353][475]LogModuleManager: Shutting down and abandoning module EditorSettingsViewer (448)
[2018.07.11-07.40.52:353][475]LogModuleManager: Shutting down and abandoning module SettingsEditor (446)
[2018.07.11-07.40.52:353][475]LogModuleManager: Shutting down and abandoning module ProjectLauncher (444)
[2018.07.11-07.40.52:353][475]LogModuleManager: Shutting down and abandoning module SessionFrontend (442)
[2018.07.11-07.40.52:353][475]LogModuleManager: Shutting down and abandoning module ProfilerClient (440)
[2018.07.11-07.40.52:353][475]LogModuleManager: Shutting down and abandoning module DeviceManager (438)
[2018.07.11-07.40.52:353][475]LogModuleManager: Shutting down and abandoning module TargetDeviceServices (437)
[2018.07.11-07.40.52:418][475]LogModuleManager: Shutting down and abandoning module AutomationController (434)
[2018.07.11-07.40.52:418][475]LogModuleManager: Shutting down and abandoning module AutomationWindow (432)
[2018.07.11-07.40.52:418][475]LogModuleManager: Shutting down and abandoning module Layers (430)
[2018.07.11-07.40.52:418][475]LogModuleManager: Shutting down and abandoning module ComponentVisualizers (428)
[2018.07.11-07.40.52:418][475]LogModuleManager: Shutting down and abandoning module DetailCustomizations (426)
[2018.07.11-07.40.52:418][475]LogModuleManager: Shutting down and abandoning module PackagesDialog (424)
[2018.07.11-07.40.52:418][475]LogModuleManager: Shutting down and abandoning module Persona (422)
[2018.07.11-07.40.52:418][475]LogModuleManager: Shutting down and abandoning module AdvancedPreviewScene (421)
[2018.07.11-07.40.52:418][475]LogModuleManager: Shutting down and abandoning module AnimGraph (419)
[2018.07.11-07.40.52:418][475]LogModuleManager: Shutting down and abandoning module Kismet (416)
[2018.07.11-07.40.52:426][475]LogModuleManager: Shutting down and abandoning module GraphEditor (414)
[2018.07.11-07.40.52:426][475]LogModuleManager: Shutting down and abandoning module ClassViewer (412)
[2018.07.11-07.40.52:426][475]LogModuleManager: Shutting down and abandoning module Toolbox (410)
[2018.07.11-07.40.52:426][475]LogModuleManager: Shutting down and abandoning module ModuleUI (408)
[2018.07.11-07.40.52:426][475]LogModuleManager: Shutting down and abandoning module MovieSceneTools (406)
[2018.07.11-07.40.52:426][475]LogModuleManager: Shutting down and abandoning module OutputLog (404)
[2018.07.11-07.40.52:426][475]LogModuleManager: Shutting down and abandoning module GammaUI (402)
[2018.07.11-07.40.52:427][475]LogModuleManager: Shutting down and abandoning module Documentation (400)
[2018.07.11-07.40.52:427][475]LogModuleManager: Shutting down and abandoning module MovieSceneTracks (398)
[2018.07.11-07.40.52:427][475]LogModuleManager: Shutting down and abandoning module MovieScene (396)
[2018.07.11-07.40.52:427][475]LogModuleManager: Shutting down and abandoning module StreamingPauseRendering (394)
[2018.07.11-07.40.52:427][475]LogModuleManager: Shutting down and abandoning module LauncherPlatform (392)
[2018.07.11-07.40.52:427][475]LogModuleManager: Shutting down and abandoning module AnalyticsET (390)
[2018.07.11-07.40.52:427][475]LogModuleManager: Shutting down and abandoning module PortalServices (388)
[2018.07.11-07.40.52:427][475]LogModuleManager: Shutting down and abandoning module PortalRpc (386)
[2018.07.11-07.40.52:427][475]LogModuleManager: Shutting down and abandoning module MessagingRpc (384)
[2018.07.11-07.40.52:427][475]LogModuleManager: Shutting down and abandoning module AIModule (382)
[2018.07.11-07.40.52:427][475]LogModuleManager: Shutting down and abandoning module GameplayDebugger (381)
[2018.07.11-07.40.52:427][475]LogModuleManager: Shutting down and abandoning module AITestSuite (379)
[2018.07.11-07.40.52:427][475]LogModuleManager: Shutting down and abandoning module DesktopPlatform (376)
[2018.07.11-07.40.52:427][475]LogModuleManager: Shutting down and abandoning module ProfilerService (374)
[2018.07.11-07.40.52:585][475]LogModuleManager: Shutting down and abandoning module TaskGraph (372)
[2018.07.11-07.40.52:585][475]LogModuleManager: Shutting down and abandoning module SteamVRController (370)
[2018.07.11-07.40.52:585][475]LogModuleManager: Shutting down and abandoning module ProceduralMeshComponentEditor (368)
[2018.07.11-07.40.52:585][475]LogModuleManager: Shutting down and abandoning module ProceduralMeshComponent (366)
[2018.07.11-07.40.52:585][475]LogModuleManager: Shutting down and abandoning module OculusInput (364)
[2018.07.11-07.40.52:585][475]LogModuleManager: Shutting down and abandoning module MobilePatchingUtils (362)
[2018.07.11-07.40.52:585][475]LogModuleManager: Shutting down and abandoning module CustomMeshComponent (360)
[2018.07.11-07.40.52:585][475]LogModuleManager: Shutting down and abandoning module CableComponent (358)
[2018.07.11-07.40.52:585][475]LogModuleManager: Shutting down and abandoning module AudioCapture (356)
[2018.07.11-07.40.52:585][475]LogModuleManager: Shutting down and abandoning module ArchVisCharacter (354)
[2018.07.11-07.40.52:585][475]LogModuleManager: Shutting down and abandoning module AndroidPermission (352)
[2018.07.11-07.40.52:585][475]LogModuleManager: Shutting down and abandoning module NUTUnrealEngine4 (348)
[2018.07.11-07.40.52:585][475]LogModuleManager: Shutting down and abandoning module NetcodeUnitTest (346)
[2018.07.11-07.40.52:585][475]LogModuleManager: Shutting down and abandoning module MediaCompositingEditor (344)
[2018.07.11-07.40.52:585][475]LogModuleManager: Shutting down and abandoning module MediaCompositing (342)
[2018.07.11-07.40.52:585][475]LogModuleManager: Shutting down and abandoning module LinearTimecode (340)
[2018.07.11-07.40.52:586][475]LogModuleManager: Shutting down and abandoning module ImgMedia (338)
[2018.07.11-07.40.52:589][475]LogModuleManager: Shutting down and abandoning module HTML5Networking (336)
[2018.07.11-07.40.52:589][475]LogModuleManager: Shutting down and abandoning module AlembicImporter (334)
[2018.07.11-07.40.52:589][475]LogModuleManager: Shutting down and abandoning module AlembicLibrary (333)
[2018.07.11-07.40.52:589][475]LogModuleManager: Shutting down and abandoning module GeometryCache (332)
[2018.07.11-07.40.52:589][475]LogModuleManager: Shutting down and abandoning module GeometryCacheEd (331)
[2018.07.11-07.40.52:589][475]LogModuleManager: Shutting down and abandoning module DatasmithContent (326)
[2018.07.11-07.40.52:589][475]LogModuleManager: Shutting down and abandoning module SpeedTreeImporter (324)
[2018.07.11-07.40.52:589][475]LogModuleManager: Shutting down and abandoning module PluginBrowser (322)
[2018.07.11-07.40.52:589][475]LogModuleManager: Shutting down and abandoning module MobileLauncherProfileWizard (320)
[2018.07.11-07.40.52:589][475]LogModuleManager: Shutting down and abandoning module CryptoKeysOpenSSL (318)
[2018.07.11-07.40.52:589][475]LogModuleManager: Shutting down and abandoning module CryptoKeys (316)
[2018.07.11-07.40.52:589][475]LogModuleManager: Shutting down and abandoning module VisualStudioSourceCodeAccess (314)
[2018.07.11-07.40.52:589][475]LogModuleManager: Shutting down and abandoning module VisualStudioCodeSourceCodeAccess (312)
[2018.07.11-07.40.52:589][475]LogModuleManager: Shutting down and abandoning module UObjectPlugin (310)
[2018.07.11-07.40.52:589][475]LogModuleManager: Shutting down and abandoning module SubversionSourceControl (308)
[2018.07.11-07.40.52:589][475]LogModuleManager: Shutting down and abandoning module PerforceSourceControl (306)
[2018.07.11-07.40.52:589][475]LogModuleManager: Shutting down and abandoning module GitSourceControl (304)
[2018.07.11-07.40.52:589][475]LogModuleManager: Shutting down and abandoning module SourceControl (303)
[2018.07.11-07.40.52:589][475]LogModuleManager: Shutting down and abandoning module CLionSourceCodeAccess (300)
[2018.07.11-07.40.52:589][475]LogModuleManager: Shutting down and abandoning module LightPropagationVolumeEditor (298)
[2018.07.11-07.40.52:589][475]LogModuleManager: Shutting down and abandoning module PaperTiledImporter (296)
[2018.07.11-07.40.52:589][475]LogModuleManager: Shutting down and abandoning module PaperSpriteSheetImporter (294)
[2018.07.11-07.40.52:589][475]LogModuleManager: Shutting down and abandoning module Paper2DEditor (292)
[2018.07.11-07.40.52:590][475]LogModuleManager: Shutting down and abandoning module MeshPaint (291)
[2018.07.11-07.40.52:590][475]LogModuleManager: Shutting down and abandoning module RuntimePhysXCooking (288)
[2018.07.11-07.40.52:590][475]LogModuleManager: Shutting down and abandoning module PhysXVehiclesEditor (286)
[2018.07.11-07.40.52:590][475]LogModuleManager: Shutting down and abandoning module PhysXVehicles (284)
[2018.07.11-07.40.52:590][475]LogModuleManager: Shutting down and abandoning module OculusEditor (282)
[2018.07.11-07.40.52:590][475]LogModuleManager: Shutting down and abandoning module LocationServicesBPLibrary (280)
[2018.07.11-07.40.52:590][475]LogModuleManager: Shutting down and abandoning module ImmediatePhysicsEditor (278)
[2018.07.11-07.40.52:590][475]LogModuleManager: Shutting down and abandoning module ImmediatePhysics (276)
[2018.07.11-07.40.52:590][475]LogModuleManager: Shutting down and abandoning module ActorSequence (274)
[2018.07.11-07.40.52:590][475]LogModuleManager: Shutting down and abandoning module UdpMessaging (272)
[2018.07.11-07.40.52:691][475]LogModuleManager: Shutting down and abandoning module TcpMessaging (270)
[2018.07.11-07.40.52:792][475]LogModuleManager: Shutting down and abandoning module GameplayTagsEditor (268)
[2018.07.11-07.40.52:792][475]LogModuleManager: Shutting down and abandoning module FacialAnimationEditor (266)
[2018.07.11-07.40.52:792][475]LogModuleManager: Shutting down and abandoning module FacialAnimation (264)
[2018.07.11-07.40.52:792][475]LogModuleManager: Shutting down and abandoning module DataValidation (262)
[2018.07.11-07.40.52:792][475]LogModuleManager: Shutting down and abandoning module AssetManagerEditor (260)
[2018.07.11-07.40.52:792][475]LogModuleManager: Shutting down and abandoning module LevelEditor (259)
[2018.07.11-07.40.52:794][475]LogModuleManager: Shutting down and abandoning module PixelInspectorModule (258)
[2018.07.11-07.40.52:794][475]LogModuleManager: Shutting down and abandoning module CommonMenuExtensions (256)
[2018.07.11-07.40.52:794][475]LogModuleManager: Shutting down and abandoning module MainFrame (254)
[2018.07.11-07.40.52:795][475]LogModuleManager: Shutting down and abandoning module HotReload (253)
[2018.07.11-07.40.52:796][475]LogModuleManager: Shutting down and abandoning module ContentBrowser (249)
[2018.07.11-07.40.52:799][475]LogModuleManager: Shutting down and abandoning module TreeMap (247)
[2018.07.11-07.40.52:799][475]LogModuleManager: Shutting down and abandoning module LightPropagationVolumeRuntime (244)
[2018.07.11-07.40.52:799][475]LogModuleManager: Shutting down and abandoning module LiveLinkEditor (242)
[2018.07.11-07.40.52:799][475]LogModuleManager: Shutting down and abandoning module LiveLink (240)
[2018.07.11-07.40.53:588][475]LogModuleManager: Shutting down and abandoning module Paper2D (238)
[2018.07.11-07.40.53:589][475]LogModuleManager: Shutting down and abandoning module WindowsMoviePlayer (236)
[2018.07.11-07.40.53:589][475]LogModuleManager: Shutting down and abandoning module WmfMedia (234)
[2018.07.11-07.40.53:594][475]LogModuleManager: Shutting down and abandoning module Media (233)
[2018.07.11-07.40.53:601][475]LogModuleManager: Shutting down and abandoning module PacketHandler (230)
[2018.07.11-07.40.53:601][475]LogModuleManager: Shutting down and abandoning module ClothingSystemEditor (228)
[2018.07.11-07.40.53:601][475]LogModuleManager: Shutting down and abandoning module ClothingSystemRuntime (226)
[2018.07.11-07.40.53:601][475]LogModuleManager: Shutting down and abandoning module MediaAssets (224)
[2018.07.11-07.40.53:602][475]LogModuleManager: Shutting down and abandoning module Overlay (222)
[2018.07.11-07.40.53:602][475]LogModuleManager: Shutting down and abandoning module OverlayEditor (221)
[2018.07.11-07.40.53:602][475]LogModuleManager: Shutting down and abandoning module VREditor (218)
[2018.07.11-07.40.53:602][475]LogModuleManager: Shutting down and abandoning module StringTableEditor (216)
[2018.07.11-07.40.53:602][475]LogModuleManager: Shutting down and abandoning module GameplayTasksEditor (214)
[2018.07.11-07.40.53:602][475]LogModuleManager: Shutting down and abandoning module BehaviorTreeEditor (212)
[2018.07.11-07.40.53:602][475]LogModuleManager: Shutting down and abandoning module FunctionalTesting (210)
[2018.07.11-07.40.53:602][475]LogModuleManager: Shutting down and abandoning module CollisionAnalyzer (208)
[2018.07.11-07.40.53:602][475]LogModuleManager: Shutting down and abandoning module WorkspaceMenuStructure (207)
[2018.07.11-07.40.53:602][475]LogModuleManager: Shutting down and abandoning module UMG (204)
[2018.07.11-07.40.53:602][475]LogModuleManager: Shutting down and abandoning module UMGEditor (203)
[2018.07.11-07.40.53:603][475]LogModuleManager: Shutting down and abandoning module Sequencer (202)
[2018.07.11-07.40.53:603][475]LogModuleManager: Shutting down and abandoning module MessageLog (199)
[2018.07.11-07.40.53:603][475]LogModuleManager: Shutting down and abandoning module SlateReflector (194)
[2018.07.11-07.40.53:603][475]LogModuleManager: Shutting down and abandoning module Slate (192)
[2018.07.11-07.40.53:603][475]LogModuleManager: Shutting down and abandoning module EditorStyle (190)
[2018.07.11-07.40.53:610][475]LogModuleManager: Shutting down and abandoning module MRMesh (188)
[2018.07.11-07.40.53:610][475]LogModuleManager: Shutting down and abandoning module SourceCodeAccess (186)
[2018.07.11-07.40.53:610][475]LogModuleManager: Shutting down and abandoning module HeadMountedDisplay (184)
[2018.07.11-07.40.53:610][475]LogModuleManager: Shutting down and abandoning module XAudio2 (182)
[2018.07.11-07.40.53:610][475]LogModuleManager: Shutting down and abandoning module Networking (180)
[2018.07.11-07.40.53:610][475]LogModuleManager: Shutting down and abandoning module Core (178)
[2018.07.11-07.40.53:610][475]LogModuleManager: Shutting down and abandoning module LevelSequence (176)
[2018.07.11-07.40.53:610][475]LogModuleManager: Shutting down and abandoning module KismetCompiler (174)
[2018.07.11-07.40.53:610][475]LogModuleManager: Shutting down and abandoning module MeshUtilities (172)
[2018.07.11-07.40.53:610][475]LogModuleManager: Shutting down and abandoning module MeshMergeUtilities (171)
[2018.07.11-07.40.53:611][475]LogModuleManager: Shutting down and abandoning module MeshReductionInterface (170)
[2018.07.11-07.40.53:611][475]LogModuleManager: Shutting down and abandoning module SimplygonSwarm (169)
[2018.07.11-07.40.53:611][475]LogModuleManager: Shutting down and abandoning module SimplygonMeshReduction (167)
[2018.07.11-07.40.53:611][475]LogModuleManager: Shutting down and abandoning module QuadricMeshReduction (165)
[2018.07.11-07.40.53:611][475]LogModuleManager: Shutting down and abandoning module MaterialBaking (161)
[2018.07.11-07.40.53:611][475]LogModuleManager: Shutting down and abandoning module DirectoryWatcher (157)
[2018.07.11-07.40.53:617][475]LogModuleManager: Shutting down and abandoning module DerivedDataCache (154)
[2018.07.11-07.40.53:718][475]LogDerivedDataCache: Shutdown
[2018.07.11-07.40.53:718][475]LogModuleManager: Shutting down and abandoning module XGEController (152)
[2018.07.11-07.40.53:718][475]LogXGEController: Cleaning working directory: C:/Users/Luke/AppData/Local/Temp/UnrealXGEWorkingDir/
[2018.07.11-07.40.53:718][475]LogModuleManager: Shutting down and abandoning module TargetPlatform (150)
[2018.07.11-07.40.53:718][475]LogModuleManager: Shutting down and abandoning module VulkanShaderFormat (149)
[2018.07.11-07.40.53:718][475]LogModuleManager: Shutting down and abandoning module ShaderFormatVectorVM (147)
[2018.07.11-07.40.53:718][475]LogModuleManager: Shutting down and abandoning module ShaderFormatOpenGL (145)
[2018.07.11-07.40.53:718][475]LogModuleManager: Shutting down and abandoning module ShaderFormatD3D (143)
[2018.07.11-07.40.53:718][475]LogModuleManager: Shutting down and abandoning module MetalShaderFormat (141)
[2018.07.11-07.40.53:718][475]LogModuleManager: Shutting down and abandoning module TextureFormatUncompressed (139)
[2018.07.11-07.40.53:718][475]LogModuleManager: Shutting down and abandoning module TextureFormatPVR (137)
[2018.07.11-07.40.53:719][475]LogModuleManager: Shutting down and abandoning module TextureFormatDXT (135)
[2018.07.11-07.40.53:719][475]LogModuleManager: Shutting down and abandoning module TextureFormatIntelISPCTexComp (133)
[2018.07.11-07.40.53:719][475]LogModuleManager: Shutting down and abandoning module TextureFormatASTC (131)
[2018.07.11-07.40.53:719][475]LogModuleManager: Shutting down and abandoning module ImageWrapper (130)
[2018.07.11-07.40.53:719][475]LogModuleManager: Shutting down and abandoning module TextureFormatAndroid (127)
[2018.07.11-07.40.53:719][475]LogModuleManager: Shutting down and abandoning module AudioFormatOpus (125)
[2018.07.11-07.40.53:719][475]LogModuleManager: Shutting down and abandoning module AudioFormatOgg (123)
[2018.07.11-07.40.53:719][475]LogModuleManager: Shutting down and abandoning module AudioFormatADPCM (121)
[2018.07.11-07.40.53:719][475]LogModuleManager: Shutting down and abandoning module LinuxTargetPlatform (119)
[2018.07.11-07.40.53:719][475]LogModuleManager: Shutting down and abandoning module LinuxServerTargetPlatform (117)
[2018.07.11-07.40.53:719][475]LogModuleManager: Shutting down and abandoning module LinuxNoEditorTargetPlatform (115)
[2018.07.11-07.40.53:719][475]LogModuleManager: Shutting down and abandoning module LinuxClientTargetPlatform (113)
[2018.07.11-07.40.53:719][475]LogModuleManager: Shutting down and abandoning module TVOSTargetPlatform (111)
[2018.07.11-07.40.53:719][475]LogModuleManager: Shutting down and abandoning module Messaging (109)
[2018.07.11-07.40.53:719][475]LogModuleManager: Shutting down and abandoning module IOSTargetPlatform (107)
[2018.07.11-07.40.53:719][475]LogModuleManager: Shutting down and abandoning module HTML5TargetPlatform (105)
[2018.07.11-07.40.53:719][475]LogModuleManager: Shutting down and abandoning module AndroidTargetPlatform (103)
[2018.07.11-07.40.53:719][475]LogModuleManager: Shutting down and abandoning module Android_PVRTCTargetPlatform (101)
[2018.07.11-07.40.53:719][475]LogModuleManager: Shutting down and abandoning module Android_MultiTargetPlatform (99)
[2018.07.11-07.40.53:719][475]LogModuleManager: Shutting down and abandoning module Android_ETC2TargetPlatform (97)
[2018.07.11-07.40.53:719][475]LogModuleManager: Shutting down and abandoning module Android_ETC1TargetPlatform (95)
[2018.07.11-07.40.53:719][475]LogModuleManager: Shutting down and abandoning module Android_ETC1aTargetPlatform (93)
[2018.07.11-07.40.53:719][475]LogModuleManager: Shutting down and abandoning module Android_DXTTargetPlatform (91)
[2018.07.11-07.40.53:719][475]LogModuleManager: Shutting down and abandoning module Android_ATCTargetPlatform (89)
[2018.07.11-07.40.53:719][475]LogModuleManager: Shutting down and abandoning module Android_ASTCTargetPlatform (87)
[2018.07.11-07.40.53:719][475]LogModuleManager: Shutting down and abandoning module WindowsTargetPlatform (85)
[2018.07.11-07.40.53:719][475]LogModuleManager: Shutting down and abandoning module WindowsServerTargetPlatform (83)
[2018.07.11-07.40.53:719][475]LogModuleManager: Shutting down and abandoning module WindowsNoEditorTargetPlatform (81)
[2018.07.11-07.40.53:719][475]LogModuleManager: Shutting down and abandoning module WindowsClientTargetPlatform (79)
[2018.07.11-07.40.53:719][475]LogModuleManager: Shutting down and abandoning module MacTargetPlatform (77)
[2018.07.11-07.40.53:719][475]LogModuleManager: Shutting down and abandoning module MacServerTargetPlatform (75)
[2018.07.11-07.40.53:719][475]LogModuleManager: Shutting down and abandoning module MacNoEditorTargetPlatform (73)
[2018.07.11-07.40.53:719][475]LogModuleManager: Shutting down and abandoning module MacClientTargetPlatform (71)
[2018.07.11-07.40.53:719][475]LogModuleManager: Shutting down and abandoning module AllDesktopTargetPlatform (69)
[2018.07.11-07.40.53:719][475]LogModuleManager: Shutting down and abandoning module InputCore (66)
[2018.07.11-07.40.53:719][475]LogModuleManager: Shutting down and abandoning module Settings (64)
[2018.07.11-07.40.53:719][475]LogModuleManager: Shutting down and abandoning module PhysXCooking (62)
[2018.07.11-07.40.53:719][475]LogModuleManager: Shutting down and abandoning module SteamVR (60)
[2018.07.11-07.40.53:719][475]LogModuleManager: Shutting down and abandoning module OculusHMD (58)
[2018.07.11-07.40.53:719][475]LogModuleManager: Shutting down and abandoning module ExampleDeviceProfileSelector (56)
[2018.07.11-07.40.53:719][475]LogModuleManager: Shutting down and abandoning module AppleARKit (54)
[2018.07.11-07.40.53:719][475]LogModuleManager: Shutting down and abandoning module AugmentedReality (51)
[2018.07.11-07.40.53:719][475]LogModuleManager: Shutting down and abandoning module OnlineBlueprintSupport (48)
[2018.07.11-07.40.53:720][475]LogModuleManager: Shutting down and abandoning module OnlineSubsystem (44)
[2018.07.11-07.40.53:720][475]LogModuleManager: Shutting down and abandoning module XMPP (43)
[2018.07.11-07.40.53:720][475]LogModuleManager: Shutting down and abandoning module HTTP (41)
[2018.07.11-07.40.53:720][475]LogHttp: Display: Http module shutting down, but needs to wait on 1 outstanding Http requests:
[2018.07.11-07.40.53:720][475]LogHttp: Display: 	verb=[POST] url=[https://datarouter.ol.epicgames.com/datarouter/api/v1/public/data?SessionID=%7BB0CA75E3-46EF-3B0F-0567-4EB7F54E5091%7D&AppID=UEEditor.Rocket.Release&AppVersion=4.19.2-4033788%2B%2B%2BUE4%2BRelease-4.19&UserID=de91e859499428dd936fb9b33d3b0943%7C4acc15f2121041aa882002ed7d344b7c%7C56571638-fc66-44c5-89fa-b7137823f392&AppEnvironment=datacollector-binary&UploadType=eteventstream] status=Processing
[2018.07.11-07.40.53:741][475]LogModuleManager: Shutting down and abandoning module SSL (40)
[2018.07.11-07.40.53:741][475]LogModuleManager: Shutting down and abandoning module AnimationModifiers (36)
[2018.07.11-07.40.53:742][475]LogModuleManager: Shutting down and abandoning module PropertyEditor (35)
[2018.07.11-07.40.53:742][475]LogModuleManager: Shutting down and abandoning module AudioEditor (32)
[2018.07.11-07.40.53:742][475]LogModuleManager: Shutting down and abandoning module TextureCompressor (30)
[2018.07.11-07.40.53:742][475]LogModuleManager: Shutting down and abandoning module ShaderCore (28)
[2018.07.11-07.40.53:742][475]LogModuleManager: Shutting down and abandoning module Landscape (26)
[2018.07.11-07.40.53:742][475]LogModuleManager: Shutting down and abandoning module SlateRHIRenderer (24)
[2018.07.11-07.40.53:748][475]LogModuleManager: Shutting down and abandoning module OpenGLDrv (22)
[2018.07.11-07.40.53:748][475]LogModuleManager: Shutting down and abandoning module D3D11RHI (20)
[2018.07.11-07.40.53:748][475]LogModuleManager: Shutting down and abandoning module AnimGraphRuntime (18)
[2018.07.11-07.40.53:748][475]LogModuleManager: Shutting down and abandoning module Renderer (16)
[2018.07.11-07.40.53:748][475]LogModuleManager: Shutting down and abandoning module Engine (14)
[2018.07.11-07.40.53:748][475]LogModuleManager: Shutting down and abandoning module CoreUObject (12)
[2018.07.11-07.40.53:748][475]LogModuleManager: Shutting down and abandoning module NetworkFile (10)
[2018.07.11-07.40.53:748][475]LogModuleManager: Shutting down and abandoning module CookedIterativeFile (8)
[2018.07.11-07.40.53:748][475]LogModuleManager: Shutting down and abandoning module StreamingFile (6)
[2018.07.11-07.40.53:748][475]LogModuleManager: Shutting down and abandoning module SandboxFile (4)
[2018.07.11-07.40.53:748][475]LogModuleManager: Shutting down and abandoning module PakFile (2)
[2018.07.11-07.40.53:752][475]LogExit: Exiting.
[2018.07.11-07.40.53:773][475]Log file closed, 07/11/18 17:40:53
